    11>D:\projects\misis2023f-23-check\misis2024s-23-03-serdeshnov-v-s\prj.lab\bitset\bitset.cpp(143,2): error C2143: syntax error: missing ';' before '}' [D:\projects\misis2023f-23-check\misis2024s-23-03-serdeshnov-v-s\build.check\prj.lab\bitset\bitset.vcxproj]
    11>D:\projects\misis2023f-23-check\misis2024s-23-03-serdeshnov-v-s\prj.lab\bitset\bitset.cpp(140,10): error C2440: 'return': cannot convert from 'initializer list' to 'BitSet::BitAccessor &' [D:\projects\misis2023f-23-check\misis2024s-23-03-serdeshnov-v-s\build.check\prj.lab\bitset\bitset.vcxproj]
    25>D:\projects\misis2023f-23-check\misis2024s-23-03-serdeshnov-v-s\prj.lab\queuelst\queuelst.cpp(11): error C4716: 'QueueLst::operator=': must return a value [D:\projects\misis2023f-23-check\misis2024s-23-03-serdeshnov-v-s\build.check\prj.lab\queuelst\queuelst.vcxproj]
    25>D:\projects\misis2023f-23-check\misis2024s-23-03-serdeshnov-v-s\prj.lab\queuelst\queuelst.cpp(31): error C4716: 'QueueLst::Top': must return a value [D:\projects\misis2023f-23-check\misis2024s-23-03-serdeshnov-v-s\build.check\prj.lab\queuelst\queuelst.vcxproj]
    25>D:\projects\misis2023f-23-check\misis2024s-23-03-serdeshnov-v-s\prj.lab\queuelst\queuelst.cpp(36): error C4716: 'QueueLst::Top': must return a value [D:\projects\misis2023f-23-check\misis2024s-23-03-serdeshnov-v-s\build.check\prj.lab\queuelst\queuelst.vcxproj]
     4>D:\projects\misis2023f-23-check\misis2024s-23-03-serdeshnov-v-s\prj.check\prj.check\doctest_queuearr\doctest_queuearr.cpp(3,10): error C1083: Cannot open include file: 'queuearr/queuearr.hpp': No such file or directory [D:\projects\misis2023f-23-check\misis2024s-23-03-serdeshnov-v-s\build.check\prj.check\prj.check\doctest_queuearr\doctest_queuearr.vcxproj]
    16>D:\projects\misis2023f-23-check\misis2024s-23-03-serdeshnov-v-s\prj.check\prj.check\doctest_queuearr\doctest_queuearr_moveable.cpp(3,10): error C1083: Cannot open include file: 'queuearr/queuearr.hpp': No such file or directory [D:\projects\misis2023f-23-check\misis2024s-23-03-serdeshnov-v-s\build.check\prj.check\prj.check\doctest_queuearr\doctest_queuearr_m.vcxproj]
    31>D:\projects\misis2023f-23-check\misis2024s-23-03-serdeshnov-v-s\prj.lab\stackarr\stackarr.cpp(35): error C4716: 'StackArr::operator=': must return a value [D:\projects\misis2023f-23-check\misis2024s-23-03-serdeshnov-v-s\build.check\prj.lab\stackarr\stackarr.vcxproj]
    21>D:\projects\misis2023f-23-check\misis2024s-23-03-serdeshnov-v-s\prj.lab\queuelstpr\queuelstpr.cpp(114): error C4716: 'QueueLstPr::operator=': must return a value [D:\projects\misis2023f-23-check\misis2024s-23-03-serdeshnov-v-s\build.check\prj.lab\queuelstpr\queuelstpr.vcxproj]
    32>D:\projects\misis2023f-23-check\misis2024s-23-03-serdeshnov-v-s\prj.test\test_dynarr.cpp(3,10): error C1083: Cannot open include file: 'dynarr/dynarr.hpp': No such file or directory [D:\projects\misis2023f-23-check\misis2024s-23-03-serdeshnov-v-s\build.check\prj.test\test_dynarr.vcxproj]
    36>MSVCRT.lib(exe_main.obj) : error LNK2019: unresolved external symbol main referenced in function "int __cdecl __scrt_common_main_seh(void)" (?__scrt_common_main_seh@@YAHXZ) [D:\projects\misis2023f-23-check\misis2024s-23-03-serdeshnov-v-s\build.check\prj.test\test_queue_arr.vcxproj]
    36>D:\projects\misis2023f-23-check\misis2024s-23-03-serdeshnov-v-s\build.check\prj.test\bin.rel\test_queue_arr.exe : fatal error LNK1120: 1 unresolved externals [D:\projects\misis2023f-23-check\misis2024s-23-03-serdeshnov-v-s\build.check\prj.test\test_queue_arr.vcxproj]
    43>D:\projects\misis2023f-23-check\misis2024s-23-03-serdeshnov-v-s\prj.test\test_stackarrt.cpp(3,10): error C1083: Cannot open include file: 'complex/complex.hpp': No such file or directory [D:\projects\misis2023f-23-check\misis2024s-23-03-serdeshnov-v-s\build.check\prj.test\test_stackarrt.vcxproj]
     9>D:\projects\misis2023f-23-check\misis2024s-23-03-serdeshnov-v-s\prj.check\prj.check\doctest_dynarr\doctest_dynarr.cpp(16,3): error C3861: 'DynArr': identifier not found [D:\projects\misis2023f-23-check\misis2024s-23-03-serdeshnov-v-s\build.check\prj.check\prj.check\doctest_dynarr\doctest_dynarr.vcxproj]
     9>D:\projects\misis2023f-23-check\misis2024s-23-03-serdeshnov-v-s\prj.check\prj.check\doctest_dynarr\doctest_dynarr.cpp(17,3): error C3861: 'DynArr': identifier not found [D:\projects\misis2023f-23-check\misis2024s-23-03-serdeshnov-v-s\build.check\prj.check\prj.check\doctest_dynarr\doctest_dynarr.vcxproj]
     9>D:\projects\misis2023f-23-check\misis2024s-23-03-serdeshnov-v-s\prj.check\prj.check\doctest_dynarr\doctest_dynarr.cpp(24,3): error C2065: 'DynArr': undeclared identifier [D:\projects\misis2023f-23-check\misis2024s-23-03-serdeshnov-v-s\build.check\prj.check\prj.check\doctest_dynarr\doctest_dynarr.vcxproj]
     9>D:\projects\misis2023f-23-check\misis2024s-23-03-serdeshnov-v-s\prj.check\prj.check\doctest_dynarr\doctest_dynarr.cpp(24,10): error C2146: syntax error: missing ';' before identifier 'ar' [D:\projects\misis2023f-23-check\misis2024s-23-03-serdeshnov-v-s\build.check\prj.check\prj.check\doctest_dynarr\doctest_dynarr.vcxproj]
     9>D:\projects\misis2023f-23-check\misis2024s-23-03-serdeshnov-v-s\prj.check\prj.check\doctest_dynarr\doctest_dynarr.cpp(24,10): error C3861: 'ar': identifier not found [D:\projects\misis2023f-23-check\misis2024s-23-03-serdeshnov-v-s\build.check\prj.check\prj.check\doctest_dynarr\doctest_dynarr.vcxproj]
     9>D:\projects\misis2023f-23-check\misis2024s-23-03-serdeshnov-v-s\prj.check\prj.check\doctest_dynarr\doctest_dynarr.cpp(25,3): error C2065: 'ar': undeclared identifier [D:\projects\misis2023f-23-check\misis2024s-23-03-serdeshnov-v-s\build.check\prj.check\prj.check\doctest_dynarr\doctest_dynarr.vcxproj]
     9>D:\projects\misis2023f-23-check\misis2024s-23-03-serdeshnov-v-s\prj.check\prj.check\doctest_dynarr\doctest_dynarr.cpp(25,3): error C2672: 'doctest::detail::ResultBuilder::binary_assert': no matching overloaded function found [D:\projects\misis2023f-23-check\misis2024s-23-03-serdeshnov-v-s\build.check\prj.check\prj.check\doctest_dynarr\doctest_dynarr.vcxproj]
     9>D:\projects\misis2023f-23-check\misis2024s-23-03-serdeshnov-v-s\prj.check\prj.check\doctest_dynarr\doctest_dynarr.cpp(26,3): error C2065: 'ar': undeclared identifier [D:\projects\misis2023f-23-check\misis2024s-23-03-serdeshnov-v-s\build.check\prj.check\prj.check\doctest_dynarr\doctest_dynarr.vcxproj]
     9>D:\projects\misis2023f-23-check\misis2024s-23-03-serdeshnov-v-s\prj.check\prj.check\doctest_dynarr\doctest_dynarr.cpp(26,3): error C2672: 'doctest::detail::ResultBuilder::binary_assert': no matching overloaded function found [D:\projects\misis2023f-23-check\misis2024s-23-03-serdeshnov-v-s\build.check\prj.check\prj.check\doctest_dynarr\doctest_dynarr.vcxproj]
     9>D:\projects\misis2023f-23-check\misis2024s-23-03-serdeshnov-v-s\prj.check\prj.check\doctest_dynarr\doctest_dynarr.cpp(28,3): error C3861: 'DynArr': identifier not found [D:\projects\misis2023f-23-check\misis2024s-23-03-serdeshnov-v-s\build.check\prj.check\prj.check\doctest_dynarr\doctest_dynarr.vcxproj]
     9>D:\projects\misis2023f-23-check\misis2024s-23-03-serdeshnov-v-s\prj.check\prj.check\doctest_dynarr\doctest_dynarr.cpp(29,3): error C3861: 'DynArr': identifier not found [D:\projects\misis2023f-23-check\misis2024s-23-03-serdeshnov-v-s\build.check\prj.check\prj.check\doctest_dynarr\doctest_dynarr.vcxproj]
     9>D:\projects\misis2023f-23-check\misis2024s-23-03-serdeshnov-v-s\prj.check\prj.check\doctest_dynarr\doctest_dynarr.cpp(33,3): error C2065: 'DynArr': undeclared identifier [D:\projects\misis2023f-23-check\misis2024s-23-03-serdeshnov-v-s\build.check\prj.check\prj.check\doctest_dynarr\doctest_dynarr.vcxproj]
     9>D:\projects\misis2023f-23-check\misis2024s-23-03-serdeshnov-v-s\prj.check\prj.check\doctest_dynarr\doctest_dynarr.cpp(33,10): error C2146: syntax error: missing ';' before identifier 'ar' [D:\projects\misis2023f-23-check\misis2024s-23-03-serdeshnov-v-s\build.check\prj.check\prj.check\doctest_dynarr\doctest_dynarr.vcxproj]
     9>D:\projects\misis2023f-23-check\misis2024s-23-03-serdeshnov-v-s\prj.check\prj.check\doctest_dynarr\doctest_dynarr.cpp(33,10): error C3861: 'ar': identifier not found [D:\projects\misis2023f-23-check\misis2024s-23-03-serdeshnov-v-s\build.check\prj.check\prj.check\doctest_dynarr\doctest_dynarr.vcxproj]
     9>D:\projects\misis2023f-23-check\misis2024s-23-03-serdeshnov-v-s\prj.check\prj.check\doctest_dynarr\doctest_dynarr.cpp(34,22): error C2065: 'ar': undeclared identifier [D:\projects\misis2023f-23-check\misis2024s-23-03-serdeshnov-v-s\build.check\prj.check\prj.check\doctest_dynarr\doctest_dynarr.vcxproj]
     9>D:\projects\misis2023f-23-check\misis2024s-23-03-serdeshnov-v-s\prj.check\prj.check\doctest_dynarr\doctest_dynarr.cpp(35,5): error C2065: 'ar': undeclared identifier [D:\projects\misis2023f-23-check\misis2024s-23-03-serdeshnov-v-s\build.check\prj.check\prj.check\doctest_dynarr\doctest_dynarr.vcxproj]
     9>D:\projects\misis2023f-23-check\misis2024s-23-03-serdeshnov-v-s\prj.check\prj.check\doctest_dynarr\doctest_dynarr.cpp(37,3): error C2065: 'DynArr': undeclared identifier [D:\projects\misis2023f-23-check\misis2024s-23-03-serdeshnov-v-s\build.check\prj.check\prj.check\doctest_dynarr\doctest_dynarr.vcxproj]
     9>D:\projects\misis2023f-23-check\misis2024s-23-03-serdeshnov-v-s\prj.check\prj.check\doctest_dynarr\doctest_dynarr.cpp(37,10): error C2146: syntax error: missing ';' before identifier 'ar_copy' [D:\projects\misis2023f-23-check\misis2024s-23-03-serdeshnov-v-s\build.check\prj.check\prj.check\doctest_dynarr\doctest_dynarr.vcxproj]
     9>D:\projects\misis2023f-23-check\misis2024s-23-03-serdeshnov-v-s\prj.check\prj.check\doctest_dynarr\doctest_dynarr.cpp(37,18): error C2065: 'ar': undeclared identifier [D:\projects\misis2023f-23-check\misis2024s-23-03-serdeshnov-v-s\build.check\prj.check\prj.check\doctest_dynarr\doctest_dynarr.vcxproj]
     9>D:\projects\misis2023f-23-check\misis2024s-23-03-serdeshnov-v-s\prj.check\prj.check\doctest_dynarr\doctest_dynarr.cpp(37,10): error C3861: 'ar_copy': identifier not found [D:\projects\misis2023f-23-check\misis2024s-23-03-serdeshnov-v-s\build.check\prj.check\prj.check\doctest_dynarr\doctest_dynarr.vcxproj]
     9>D:\projects\misis2023f-23-check\misis2024s-23-03-serdeshnov-v-s\prj.check\prj.check\doctest_dynarr\doctest_dynarr.cpp(38,3): error C2065: 'ar': undeclared identifier [D:\projects\misis2023f-23-check\misis2024s-23-03-serdeshnov-v-s\build.check\prj.check\prj.check\doctest_dynarr\doctest_dynarr.vcxproj]
     9>D:\projects\misis2023f-23-check\misis2024s-23-03-serdeshnov-v-s\prj.check\prj.check\doctest_dynarr\doctest_dynarr.cpp(38,3): error C2065: 'ar_copy': undeclared identifier [D:\projects\misis2023f-23-check\misis2024s-23-03-serdeshnov-v-s\build.check\prj.check\prj.check\doctest_dynarr\doctest_dynarr.vcxproj]
     9>D:\projects\misis2023f-23-check\misis2024s-23-03-serdeshnov-v-s\prj.check\prj.check\doctest_dynarr\doctest_dynarr.cpp(39,22): error C2065: 'ar': undeclared identifier [D:\projects\misis2023f-23-check\misis2024s-23-03-serdeshnov-v-s\build.check\prj.check\prj.check\doctest_dynarr\doctest_dynarr.vcxproj]
     9>D:\projects\misis2023f-23-check\misis2024s-23-03-serdeshnov-v-s\prj.check\prj.check\doctest_dynarr\doctest_dynarr.cpp(40,5): error C2065: 'ar': undeclared identifier [D:\projects\misis2023f-23-check\misis2024s-23-03-serdeshnov-v-s\build.check\prj.check\prj.check\doctest_dynarr\doctest_dynarr.vcxproj]
     9>D:\projects\misis2023f-23-check\misis2024s-23-03-serdeshnov-v-s\prj.check\prj.check\doctest_dynarr\doctest_dynarr.cpp(40,5): error C2065: 'ar_copy': undeclared identifier [D:\projects\misis2023f-23-check\misis2024s-23-03-serdeshnov-v-s\build.check\prj.check\prj.check\doctest_dynarr\doctest_dynarr.vcxproj]
     9>D:\projects\misis2023f-23-check\misis2024s-23-03-serdeshnov-v-s\prj.check\prj.check\doctest_dynarr\doctest_dynarr.cpp(40,5): error C2512: 'doctest::Approx': no appropriate default constructor available [D:\projects\misis2023f-23-check\misis2024s-23-03-serdeshnov-v-s\build.check\prj.check\prj.check\doctest_dynarr\doctest_dynarr.vcxproj]
     9>D:\projects\misis2023f-23-check\misis2024s-23-03-serdeshnov-v-s\prj.check\prj.check\doctest_dynarr\doctest_dynarr.cpp(40,5): error C2672: 'doctest::detail::ResultBuilder::binary_assert': no matching overloaded function found [D:\projects\misis2023f-23-check\misis2024s-23-03-serdeshnov-v-s\build.check\prj.check\prj.check\doctest_dynarr\doctest_dynarr.vcxproj]
     9>D:\projects\misis2023f-23-check\misis2024s-23-03-serdeshnov-v-s\prj.check\prj.check\doctest_dynarr\doctest_dynarr.cpp(42,22): error C2065: 'ar': undeclared identifier [D:\projects\misis2023f-23-check\misis2024s-23-03-serdeshnov-v-s\build.check\prj.check\prj.check\doctest_dynarr\doctest_dynarr.vcxproj]
     9>D:\projects\misis2023f-23-check\misis2024s-23-03-serdeshnov-v-s\prj.check\prj.check\doctest_dynarr\doctest_dynarr.cpp(43,5): error C2065: 'ar': undeclared identifier [D:\projects\misis2023f-23-check\misis2024s-23-03-serdeshnov-v-s\build.check\prj.check\prj.check\doctest_dynarr\doctest_dynarr.vcxproj]
     9>D:\projects\misis2023f-23-check\misis2024s-23-03-serdeshnov-v-s\prj.check\prj.check\doctest_dynarr\doctest_dynarr.cpp(45,22): error C2065: 'ar': undeclared identifier [D:\projects\misis2023f-23-check\misis2024s-23-03-serdeshnov-v-s\build.check\prj.check\prj.check\doctest_dynarr\doctest_dynarr.vcxproj]
     9>D:\projects\misis2023f-23-check\misis2024s-23-03-serdeshnov-v-s\prj.check\prj.check\doctest_dynarr\doctest_dynarr.cpp(46,5): error C2065: 'ar': undeclared identifier [D:\projects\misis2023f-23-check\misis2024s-23-03-serdeshnov-v-s\build.check\prj.check\prj.check\doctest_dynarr\doctest_dynarr.vcxproj]
     9>D:\projects\misis2023f-23-check\misis2024s-23-03-serdeshnov-v-s\prj.check\prj.check\doctest_dynarr\doctest_dynarr.cpp(46,5): error C2065: 'ar_copy': undeclared identifier [D:\projects\misis2023f-23-check\misis2024s-23-03-serdeshnov-v-s\build.check\prj.check\prj.check\doctest_dynarr\doctest_dynarr.vcxproj]
     9>D:\projects\misis2023f-23-check\misis2024s-23-03-serdeshnov-v-s\prj.check\prj.check\doctest_dynarr\doctest_dynarr.cpp(46,5): error C2512: 'doctest::Approx': no appropriate default constructor available [D:\projects\misis2023f-23-check\misis2024s-23-03-serdeshnov-v-s\build.check\prj.check\prj.check\doctest_dynarr\doctest_dynarr.vcxproj]
     9>D:\projects\misis2023f-23-check\misis2024s-23-03-serdeshnov-v-s\prj.check\prj.check\doctest_dynarr\doctest_dynarr.cpp(46,5): error C2672: 'doctest::detail::ResultBuilder::binary_assert': no matching overloaded function found [D:\projects\misis2023f-23-check\misis2024s-23-03-serdeshnov-v-s\build.check\prj.check\prj.check\doctest_dynarr\doctest_dynarr.vcxproj]
     9>D:\projects\misis2023f-23-check\misis2024s-23-03-serdeshnov-v-s\prj.check\prj.check\doctest_dynarr\doctest_dynarr.cpp(51,3): error C2065: 'DynArr': undeclared identifier [D:\projects\misis2023f-23-check\misis2024s-23-03-serdeshnov-v-s\build.check\prj.check\prj.check\doctest_dynarr\doctest_dynarr.vcxproj]
     9>D:\projects\misis2023f-23-check\misis2024s-23-03-serdeshnov-v-s\prj.check\prj.check\doctest_dynarr\doctest_dynarr.cpp(51,10): error C2146: syntax error: missing ';' before identifier 'ar' [D:\projects\misis2023f-23-check\misis2024s-23-03-serdeshnov-v-s\build.check\prj.check\prj.check\doctest_dynarr\doctest_dynarr.vcxproj]
     9>D:\projects\misis2023f-23-check\misis2024s-23-03-serdeshnov-v-s\prj.check\prj.check\doctest_dynarr\doctest_dynarr.cpp(51,10): error C3861: 'ar': identifier not found [D:\projects\misis2023f-23-check\misis2024s-23-03-serdeshnov-v-s\build.check\prj.check\prj.check\doctest_dynarr\doctest_dynarr.vcxproj]
     9>D:\projects\misis2023f-23-check\misis2024s-23-03-serdeshnov-v-s\prj.check\prj.check\doctest_dynarr\doctest_dynarr.cpp(52,22): error C2065: 'ar': undeclared identifier [D:\projects\misis2023f-23-check\misis2024s-23-03-serdeshnov-v-s\build.check\prj.check\prj.check\doctest_dynarr\doctest_dynarr.vcxproj]
     9>D:\projects\misis2023f-23-check\misis2024s-23-03-serdeshnov-v-s\prj.check\prj.check\doctest_dynarr\doctest_dynarr.cpp(53,5): error C2065: 'ar': undeclared identifier [D:\projects\misis2023f-23-check\misis2024s-23-03-serdeshnov-v-s\build.check\prj.check\prj.check\doctest_dynarr\doctest_dynarr.vcxproj]
     9>D:\projects\misis2023f-23-check\misis2024s-23-03-serdeshnov-v-s\prj.check\prj.check\doctest_dynarr\doctest_dynarr.cpp(57,3): error C2065: 'ar': undeclared identifier [D:\projects\misis2023f-23-check\misis2024s-23-03-serdeshnov-v-s\build.check\prj.check\prj.check\doctest_dynarr\doctest_dynarr.vcxproj]
     9>D:\projects\misis2023f-23-check\misis2024s-23-03-serdeshnov-v-s\prj.check\prj.check\doctest_dynarr\doctest_dynarr.cpp(57,8): error C2065: 'ar': undeclared identifier [D:\projects\misis2023f-23-check\misis2024s-23-03-serdeshnov-v-s\build.check\prj.check\prj.check\doctest_dynarr\doctest_dynarr.vcxproj]
     9>D:\projects\misis2023f-23-check\misis2024s-23-03-serdeshnov-v-s\prj.check\prj.check\doctest_dynarr\doctest_dynarr.cpp(58,22): error C2065: 'ar': undeclared identifier [D:\projects\misis2023f-23-check\misis2024s-23-03-serdeshnov-v-s\build.check\prj.check\prj.check\doctest_dynarr\doctest_dynarr.vcxproj]
     9>D:\projects\misis2023f-23-check\misis2024s-23-03-serdeshnov-v-s\prj.check\prj.check\doctest_dynarr\doctest_dynarr.cpp(59,33): error C2065: 'ar': undeclared identifier [D:\projects\misis2023f-23-check\misis2024s-23-03-serdeshnov-v-s\build.check\prj.check\prj.check\doctest_dynarr\doctest_dynarr.vcxproj]
     9>D:\projects\misis2023f-23-check\misis2024s-23-03-serdeshnov-v-s\prj.check\prj.check\doctest_dynarr\doctest_dynarr.cpp(64,3): error C2065: 'DynArr': undeclared identifier [D:\projects\misis2023f-23-check\misis2024s-23-03-serdeshnov-v-s\build.check\prj.check\prj.check\doctest_dynarr\doctest_dynarr.vcxproj]
     9>D:\projects\misis2023f-23-check\misis2024s-23-03-serdeshnov-v-s\prj.check\prj.check\doctest_dynarr\doctest_dynarr.cpp(64,10): error C2146: syntax error: missing ';' before identifier 'ar_copy' [D:\projects\misis2023f-23-check\misis2024s-23-03-serdeshnov-v-s\build.check\prj.check\prj.check\doctest_dynarr\doctest_dynarr.vcxproj]
     9>D:\projects\misis2023f-23-check\misis2024s-23-03-serdeshnov-v-s\prj.check\prj.check\doctest_dynarr\doctest_dynarr.cpp(64,10): error C2065: 'ar_copy': undeclared identifier [D:\projects\misis2023f-23-check\misis2024s-23-03-serdeshnov-v-s\build.check\prj.check\prj.check\doctest_dynarr\doctest_dynarr.vcxproj]
     9>D:\projects\misis2023f-23-check\misis2024s-23-03-serdeshnov-v-s\prj.check\prj.check\doctest_dynarr\doctest_dynarr.cpp(65,3): error C2065: 'ar': undeclared identifier [D:\projects\misis2023f-23-check\misis2024s-23-03-serdeshnov-v-s\build.check\prj.check\prj.check\doctest_dynarr\doctest_dynarr.vcxproj]
     9>D:\projects\misis2023f-23-check\misis2024s-23-03-serdeshnov-v-s\prj.check\prj.check\doctest_dynarr\doctest_dynarr.cpp(65,3): error C2065: 'ar_copy': undeclared identifier [D:\projects\misis2023f-23-check\misis2024s-23-03-serdeshnov-v-s\build.check\prj.check\prj.check\doctest_dynarr\doctest_dynarr.vcxproj]
     9>D:\projects\misis2023f-23-check\misis2024s-23-03-serdeshnov-v-s\prj.check\prj.check\doctest_dynarr\doctest_dynarr.cpp(66,3): error C2065: 'ar_copy': undeclared identifier [D:\projects\misis2023f-23-check\misis2024s-23-03-serdeshnov-v-s\build.check\prj.check\prj.check\doctest_dynarr\doctest_dynarr.vcxproj]
     9>D:\projects\misis2023f-23-check\misis2024s-23-03-serdeshnov-v-s\prj.check\prj.check\doctest_dynarr\doctest_dynarr.cpp(66,13): error C2065: 'ar': undeclared identifier [D:\projects\misis2023f-23-check\misis2024s-23-03-serdeshnov-v-s\build.check\prj.check\prj.check\doctest_dynarr\doctest_dynarr.vcxproj]
     9>D:\projects\misis2023f-23-check\misis2024s-23-03-serdeshnov-v-s\prj.check\prj.check\doctest_dynarr\doctest_dynarr.cpp(67,16): error C2065: 'ar': undeclared identifier [D:\projects\misis2023f-23-check\misis2024s-23-03-serdeshnov-v-s\build.check\prj.check\prj.check\doctest_dynarr\doctest_dynarr.vcxproj]
     9>D:\projects\misis2023f-23-check\misis2024s-23-03-serdeshnov-v-s\prj.check\prj.check\doctest_dynarr\doctest_dynarr.cpp(67,29): error C2065: 'ar_copy': undeclared identifier [D:\projects\misis2023f-23-check\misis2024s-23-03-serdeshnov-v-s\build.check\prj.check\prj.check\doctest_dynarr\doctest_dynarr.vcxproj]
     9>D:\projects\misis2023f-23-check\misis2024s-23-03-serdeshnov-v-s\prj.check\prj.check\doctest_dynarr\doctest_dynarr.cpp(68,22): error C2065: 'ar': undeclared identifier [D:\projects\misis2023f-23-check\misis2024s-23-03-serdeshnov-v-s\build.check\prj.check\prj.check\doctest_dynarr\doctest_dynarr.vcxproj]
     9>D:\projects\misis2023f-23-check\misis2024s-23-03-serdeshnov-v-s\prj.check\prj.check\doctest_dynarr\doctest_dynarr.cpp(69,33): error C2065: 'ar': undeclared identifier [D:\projects\misis2023f-23-check\misis2024s-23-03-serdeshnov-v-s\build.check\prj.check\prj.check\doctest_dynarr\doctest_dynarr.vcxproj]
     9>D:\projects\misis2023f-23-check\misis2024s-23-03-serdeshnov-v-s\prj.check\prj.check\doctest_dynarr\doctest_dynarr.cpp(69,58): error C2065: 'ar_copy': undeclared identifier [D:\projects\misis2023f-23-check\misis2024s-23-03-serdeshnov-v-s\build.check\prj.check\prj.check\doctest_dynarr\doctest_dynarr.vcxproj]
     9>D:\projects\misis2023f-23-check\misis2024s-23-03-serdeshnov-v-s\prj.check\prj.check\doctest_dynarr\doctest_dynarr.cpp(69,57): error C2512: 'doctest::Approx': no appropriate default constructor available [D:\projects\misis2023f-23-check\misis2024s-23-03-serdeshnov-v-s\build.check\prj.check\prj.check\doctest_dynarr\doctest_dynarr.vcxproj]
     9>D:\projects\misis2023f-23-check\misis2024s-23-03-serdeshnov-v-s\prj.check\prj.check\doctest_dynarr\doctest_dynarr.cpp(73,22): error C2065: 'ar': undeclared identifier [D:\projects\misis2023f-23-check\misis2024s-23-03-serdeshnov-v-s\build.check\prj.check\prj.check\doctest_dynarr\doctest_dynarr.vcxproj]
     9>D:\projects\misis2023f-23-check\misis2024s-23-03-serdeshnov-v-s\prj.check\prj.check\doctest_dynarr\doctest_dynarr.cpp(74,5): error C2065: 'ar': undeclared identifier [D:\projects\misis2023f-23-check\misis2024s-23-03-serdeshnov-v-s\build.check\prj.check\prj.check\doctest_dynarr\doctest_dynarr.vcxproj]
     9>D:\projects\misis2023f-23-check\misis2024s-23-03-serdeshnov-v-s\prj.check\prj.check\doctest_dynarr\doctest_dynarr.cpp(76,22): error C2065: 'ar': undeclared identifier [D:\projects\misis2023f-23-check\misis2024s-23-03-serdeshnov-v-s\build.check\prj.check\prj.check\doctest_dynarr\doctest_dynarr.vcxproj]
     9>D:\projects\misis2023f-23-check\misis2024s-23-03-serdeshnov-v-s\prj.check\prj.check\doctest_dynarr\doctest_dynarr.cpp(77,33): error C2065: 'ar': undeclared identifier [D:\projects\misis2023f-23-check\misis2024s-23-03-serdeshnov-v-s\build.check\prj.check\prj.check\doctest_dynarr\doctest_dynarr.vcxproj]
     9>D:\projects\misis2023f-23-check\misis2024s-23-03-serdeshnov-v-s\prj.check\prj.check\doctest_dynarr\doctest_dynarr.cpp(77,58): error C2065: 'ar_copy': undeclared identifier [D:\projects\misis2023f-23-check\misis2024s-23-03-serdeshnov-v-s\build.check\prj.check\prj.check\doctest_dynarr\doctest_dynarr.vcxproj]
     9>D:\projects\misis2023f-23-check\misis2024s-23-03-serdeshnov-v-s\prj.check\prj.check\doctest_dynarr\doctest_dynarr.cpp(77,57): error C2512: 'doctest::Approx': no appropriate default constructor available [D:\projects\misis2023f-23-check\misis2024s-23-03-serdeshnov-v-s\build.check\prj.check\prj.check\doctest_dynarr\doctest_dynarr.vcxproj]
     9>D:\projects\misis2023f-23-check\misis2024s-23-03-serdeshnov-v-s\prj.check\prj.check\doctest_dynarr\doctest_dynarr.cpp(83,3): error C2065: 'DynArr': undeclared identifier [D:\projects\misis2023f-23-check\misis2024s-23-03-serdeshnov-v-s\build.check\prj.check\prj.check\doctest_dynarr\doctest_dynarr.vcxproj]
     9>D:\projects\misis2023f-23-check\misis2024s-23-03-serdeshnov-v-s\prj.check\prj.check\doctest_dynarr\doctest_dynarr.cpp(83,10): error C2146: syntax error: missing ';' before identifier 'ar100' [D:\projects\misis2023f-23-check\misis2024s-23-03-serdeshnov-v-s\build.check\prj.check\prj.check\doctest_dynarr\doctest_dynarr.vcxproj]
     9>D:\projects\misis2023f-23-check\misis2024s-23-03-serdeshnov-v-s\prj.check\prj.check\doctest_dynarr\doctest_dynarr.cpp(83,10): error C3861: 'ar100': identifier not found [D:\projects\misis2023f-23-check\misis2024s-23-03-serdeshnov-v-s\build.check\prj.check\prj.check\doctest_dynarr\doctest_dynarr.vcxproj]
     9>D:\projects\misis2023f-23-check\misis2024s-23-03-serdeshnov-v-s\prj.check\prj.check\doctest_dynarr\doctest_dynarr.cpp(84,22): error C2065: 'ar100': undeclared identifier [D:\projects\misis2023f-23-check\misis2024s-23-03-serdeshnov-v-s\build.check\prj.check\prj.check\doctest_dynarr\doctest_dynarr.vcxproj]
     9>D:\projects\misis2023f-23-check\misis2024s-23-03-serdeshnov-v-s\prj.check\prj.check\doctest_dynarr\doctest_dynarr.cpp(85,5): error C2065: 'ar100': undeclared identifier [D:\projects\misis2023f-23-check\misis2024s-23-03-serdeshnov-v-s\build.check\prj.check\prj.check\doctest_dynarr\doctest_dynarr.vcxproj]
     9>D:\projects\misis2023f-23-check\misis2024s-23-03-serdeshnov-v-s\prj.check\prj.check\doctest_dynarr\doctest_dynarr.cpp(87,3): error C2065: 'ar_copy': undeclared identifier [D:\projects\misis2023f-23-check\misis2024s-23-03-serdeshnov-v-s\build.check\prj.check\prj.check\doctest_dynarr\doctest_dynarr.vcxproj]
     9>D:\projects\misis2023f-23-check\misis2024s-23-03-serdeshnov-v-s\prj.check\prj.check\doctest_dynarr\doctest_dynarr.cpp(87,13): error C2065: 'ar100': undeclared identifier [D:\projects\misis2023f-23-check\misis2024s-23-03-serdeshnov-v-s\build.check\prj.check\prj.check\doctest_dynarr\doctest_dynarr.vcxproj]
     9>D:\projects\misis2023f-23-check\misis2024s-23-03-serdeshnov-v-s\prj.check\prj.check\doctest_dynarr\doctest_dynarr.cpp(88,22): error C2065: 'ar': undeclared identifier [D:\projects\misis2023f-23-check\misis2024s-23-03-serdeshnov-v-s\build.check\prj.check\prj.check\doctest_dynarr\doctest_dynarr.vcxproj]
     9>D:\projects\misis2023f-23-check\misis2024s-23-03-serdeshnov-v-s\prj.check\prj.check\doctest_dynarr\doctest_dynarr.cpp(89,33): error C2065: 'ar100': undeclared identifier [D:\projects\misis2023f-23-check\misis2024s-23-03-serdeshnov-v-s\build.check\prj.check\prj.check\doctest_dynarr\doctest_dynarr.vcxproj]
     9>D:\projects\misis2023f-23-check\misis2024s-23-03-serdeshnov-v-s\prj.check\prj.check\doctest_dynarr\doctest_dynarr.cpp(89,61): error C2065: 'ar_copy': undeclared identifier [D:\projects\misis2023f-23-check\misis2024s-23-03-serdeshnov-v-s\build.check\prj.check\prj.check\doctest_dynarr\doctest_dynarr.vcxproj]
     9>D:\projects\misis2023f-23-check\misis2024s-23-03-serdeshnov-v-s\prj.check\prj.check\doctest_dynarr\doctest_dynarr.cpp(89,60): error C2512: 'doctest::Approx': no appropriate default constructor available [D:\projects\misis2023f-23-check\misis2024s-23-03-serdeshnov-v-s\build.check\prj.check\prj.check\doctest_dynarr\doctest_dynarr.vcxproj]
     9>D:\projects\misis2023f-23-check\misis2024s-23-03-serdeshnov-v-s\prj.check\prj.check\doctest_dynarr\doctest_dynarr.cpp(97,3): error C2065: 'DynArr': undeclared identifier [D:\projects\misis2023f-23-check\misis2024s-23-03-serdeshnov-v-s\build.check\prj.check\prj.check\doctest_dynarr\doctest_dynarr.vcxproj]
     9>D:\projects\misis2023f-23-check\misis2024s-23-03-serdeshnov-v-s\prj.check\prj.check\doctest_dynarr\doctest_dynarr.cpp(97,10): error C2146: syntax error: missing ';' before identifier 'ar' [D:\projects\misis2023f-23-check\misis2024s-23-03-serdeshnov-v-s\build.check\prj.check\prj.check\doctest_dynarr\doctest_dynarr.vcxproj]
     9>D:\projects\misis2023f-23-check\misis2024s-23-03-serdeshnov-v-s\prj.check\prj.check\doctest_dynarr\doctest_dynarr.cpp(97,10): error C3861: 'ar': identifier not found [D:\projects\misis2023f-23-check\misis2024s-23-03-serdeshnov-v-s\build.check\prj.check\prj.check\doctest_dynarr\doctest_dynarr.vcxproj]
     9>D:\projects\misis2023f-23-check\misis2024s-23-03-serdeshnov-v-s\prj.check\prj.check\doctest_dynarr\doctest_dynarr.cpp(98,3): error C2065: 'ar': undeclared identifier [D:\projects\misis2023f-23-check\misis2024s-23-03-serdeshnov-v-s\build.check\prj.check\prj.check\doctest_dynarr\doctest_dynarr.vcxproj]
     9>D:\projects\misis2023f-23-check\misis2024s-23-03-serdeshnov-v-s\prj.check\prj.check\doctest_dynarr\doctest_dynarr.cpp(99,3): error C2065: 'ar': undeclared identifier [D:\projects\misis2023f-23-check\misis2024s-23-03-serdeshnov-v-s\build.check\prj.check\prj.check\doctest_dynarr\doctest_dynarr.vcxproj]
     9>D:\projects\misis2023f-23-check\misis2024s-23-03-serdeshnov-v-s\prj.check\prj.check\doctest_dynarr\doctest_dynarr.cpp(100,3): error C2065: 'ar': undeclared identifier [D:\projects\misis2023f-23-check\misis2024s-23-03-serdeshnov-v-s\build.check\prj.check\prj.check\doctest_dynarr\doctest_dynarr.vcxproj]
     9>D:\projects\misis2023f-23-check\misis2024s-23-03-serdeshnov-v-s\prj.check\prj.check\doctest_dynarr\doctest_dynarr.cpp(101,3): error C2065: 'ar': undeclared identifier [D:\projects\misis2023f-23-check\misis2024s-23-03-serdeshnov-v-s\build.check\prj.check\prj.check\doctest_dynarr\doctest_dynarr.vcxproj]
     9>D:\projects\misis2023f-23-check\misis2024s-23-03-serdeshnov-v-s\prj.check\prj.check\doctest_dynarr\doctest_dynarr.cpp(102,21): error C2065: 'ar': undeclared identifier [D:\projects\misis2023f-23-check\misis2024s-23-03-serdeshnov-v-s\build.check\prj.check\prj.check\doctest_dynarr\doctest_dynarr.vcxproj]
     9>D:\projects\misis2023f-23-check\misis2024s-23-03-serdeshnov-v-s\prj.check\prj.check\doctest_dynarr\doctest_dynarr.cpp(103,3): error C2065: 'ar': undeclared identifier [D:\projects\misis2023f-23-check\misis2024s-23-03-serdeshnov-v-s\build.check\prj.check\prj.check\doctest_dynarr\doctest_dynarr.vcxproj]
     9>D:\projects\misis2023f-23-check\misis2024s-23-03-serdeshnov-v-s\prj.check\prj.check\doctest_dynarr\doctest_dynarr.cpp(104,3): error C2065: 'ar': undeclared identifier [D:\projects\misis2023f-23-check\misis2024s-23-03-serdeshnov-v-s\build.check\prj.check\prj.check\doctest_dynarr\doctest_dynarr.vcxproj]
     9>D:\projects\misis2023f-23-check\misis2024s-23-03-serdeshnov-v-s\prj.check\prj.check\doctest_dynarr\doctest_dynarr.cpp(110,3): error C2065: 'DynArr': undeclared identifier [D:\projects\misis2023f-23-check\misis2024s-23-03-serdeshnov-v-s\build.check\prj.check\prj.check\doctest_dynarr\doctest_dynarr.vcxproj]
     9>D:\projects\misis2023f-23-check\misis2024s-23-03-serdeshnov-v-s\prj.check\prj.check\doctest_dynarr\doctest_dynarr.cpp(110,10): error C2146: syntax error: missing ';' before identifier 'ar' [D:\projects\misis2023f-23-check\misis2024s-23-03-serdeshnov-v-s\build.check\prj.check\prj.check\doctest_dynarr\doctest_dynarr.vcxproj]
     9>D:\projects\misis2023f-23-check\misis2024s-23-03-serdeshnov-v-s\prj.check\prj.check\doctest_dynarr\doctest_dynarr.cpp(110,10): error C3861: 'ar': identifier not found [D:\projects\misis2023f-23-check\misis2024s-23-03-serdeshnov-v-s\build.check\prj.check\prj.check\doctest_dynarr\doctest_dynarr.vcxproj]
     9>D:\projects\misis2023f-23-check\misis2024s-23-03-serdeshnov-v-s\prj.check\prj.check\doctest_dynarr\doctest_dynarr.cpp(111,22): error C2065: 'ar': undeclared identifier [D:\projects\misis2023f-23-check\misis2024s-23-03-serdeshnov-v-s\build.check\prj.check\prj.check\doctest_dynarr\doctest_dynarr.vcxproj]
     9>D:\projects\misis2023f-23-check\misis2024s-23-03-serdeshnov-v-s\prj.check\prj.check\doctest_dynarr\doctest_dynarr.cpp(112,5): error C2065: 'ar': undeclared identifier [D:\projects\misis2023f-23-check\misis2024s-23-03-serdeshnov-v-s\build.check\prj.check\prj.check\doctest_dynarr\doctest_dynarr.vcxproj]
     9>D:\projects\misis2023f-23-check\misis2024s-23-03-serdeshnov-v-s\prj.check\prj.check\doctest_dynarr\doctest_dynarr.cpp(114,3): error C2065: 'ar': undeclared identifier [D:\projects\misis2023f-23-check\misis2024s-23-03-serdeshnov-v-s\build.check\prj.check\prj.check\doctest_dynarr\doctest_dynarr.vcxproj]
     9>D:\projects\misis2023f-23-check\misis2024s-23-03-serdeshnov-v-s\prj.check\prj.check\doctest_dynarr\doctest_dynarr.cpp(116,22): error C2065: 'ar': undeclared identifier [D:\projects\misis2023f-23-check\misis2024s-23-03-serdeshnov-v-s\build.check\prj.check\prj.check\doctest_dynarr\doctest_dynarr.vcxproj]
     9>D:\projects\misis2023f-23-check\misis2024s-23-03-serdeshnov-v-s\prj.check\prj.check\doctest_dynarr\doctest_dynarr.cpp(117,35): error C2065: 'ar': undeclared identifier [D:\projects\misis2023f-23-check\misis2024s-23-03-serdeshnov-v-s\build.check\prj.check\prj.check\doctest_dynarr\doctest_dynarr.vcxproj]
     9>D:\projects\misis2023f-23-check\misis2024s-23-03-serdeshnov-v-s\prj.check\prj.check\doctest_dynarr\doctest_dynarr.cpp(121,3): error C2065: 'ar': undeclared identifier [D:\projects\misis2023f-23-check\misis2024s-23-03-serdeshnov-v-s\build.check\prj.check\prj.check\doctest_dynarr\doctest_dynarr.vcxproj]
     9>D:\projects\misis2023f-23-check\misis2024s-23-03-serdeshnov-v-s\prj.check\prj.check\doctest_dynarr\doctest_dynarr.cpp(123,35): error C2065: 'ar': undeclared identifier [D:\projects\misis2023f-23-check\misis2024s-23-03-serdeshnov-v-s\build.check\prj.check\prj.check\doctest_dynarr\doctest_dynarr.vcxproj]
     9>D:\projects\misis2023f-23-check\misis2024s-23-03-serdeshnov-v-s\prj.check\prj.check\doctest_dynarr\doctest_dynarr.cpp(129,35): error C2065: 'ar': undeclared identifier [D:\projects\misis2023f-23-check\misis2024s-23-03-serdeshnov-v-s\build.check\prj.check\prj.check\doctest_dynarr\doctest_dynarr.vcxproj]
     9>D:\projects\misis2023f-23-check\misis2024s-23-03-serdeshnov-v-s\prj.check\prj.check\doctest_dynarr\doctest_dynarr.cpp(134,3): error C2065: 'ar': undeclared identifier [D:\projects\misis2023f-23-check\misis2024s-23-03-serdeshnov-v-s\build.check\prj.check\prj.check\doctest_dynarr\doctest_dynarr.vcxproj]
     9>D:\projects\misis2023f-23-check\misis2024s-23-03-serdeshnov-v-s\prj.check\prj.check\doctest_dynarr\doctest_dynarr.cpp(135,3): error C2065: 'ar': undeclared identifier [D:\projects\misis2023f-23-check\misis2024s-23-03-serdeshnov-v-s\build.check\prj.check\prj.check\doctest_dynarr\doctest_dynarr.vcxproj]
     9>D:\projects\misis2023f-23-check\misis2024s-23-03-serdeshnov-v-s\prj.check\prj.check\doctest_dynarr\doctest_dynarr.cpp(136,3): error C2065: 'ar': undeclared identifier [D:\projects\misis2023f-23-check\misis2024s-23-03-serdeshnov-v-s\build.check\prj.check\prj.check\doctest_dynarr\doctest_dynarr.vcxproj]
     9>D:\projects\misis2023f-23-check\misis2024s-23-03-serdeshnov-v-s\prj.check\prj.check\doctest_dynarr\doctest_dynarr.cpp(136,3): error C1003: error count exceeds 100; stopping compilation [D:\projects\misis2023f-23-check\misis2024s-23-03-serdeshnov-v-s\build.check\prj.check\prj.check\doctest_dynarr\doctest_dynarr.vcxproj]
    14>D:\projects\misis2023f-23-check\misis2024s-23-03-serdeshnov-v-s\prj.check\prj.check\doctest_dynarr\doctest_dynarr_moveable.cpp(8,1): error C2065: 'DynArr': undeclared identifier [D:\projects\misis2023f-23-check\misis2024s-23-03-serdeshnov-v-s\build.check\prj.check\prj.check\doctest_dynarr\doctest_dynarr_m.vcxproj]
    14>D:\projects\misis2023f-23-check\misis2024s-23-03-serdeshnov-v-s\prj.check\prj.check\doctest_dynarr\doctest_dynarr_moveable.cpp(8,1): error C3544: '_Types': parameter pack expects a type template argument [D:\projects\misis2023f-23-check\misis2024s-23-03-serdeshnov-v-s\build.check\prj.check\prj.check\doctest_dynarr\doctest_dynarr_m.vcxproj]
    14>D:\projects\misis2023f-23-check\misis2024s-23-03-serdeshnov-v-s\prj.check\prj.check\doctest_dynarr\doctest_dynarr_moveable.cpp(8,1): error C3203: 'tuple': unspecialized class template can't be used as a template argument for template parameter 'Tuple', expected a real type [D:\projects\misis2023f-23-check\misis2024s-23-03-serdeshnov-v-s\build.check\prj.check\prj.check\doctest_dynarr\doctest_dynarr_m.vcxproj]
    14>D:\projects\misis2023f-23-check\misis2024s-23-03-serdeshnov-v-s\prj.check\prj.check\doctest_dynarr\doctest_dynarr_moveable.cpp(8,1): error C2027: use of undefined type '`anonymous-namespace'::test_movableITERATOR<int>' [D:\projects\misis2023f-23-check\misis2024s-23-03-serdeshnov-v-s\build.check\prj.check\prj.check\doctest_dynarr\doctest_dynarr_m.vcxproj]
    14>D:\projects\misis2023f-23-check\misis2024s-23-03-serdeshnov-v-s\prj.check\prj.check\doctest_dynarr\doctest_dynarr_moveable.cpp(8,1): error C2672: 'doctest::detail::instantiationHelper': no matching overloaded function found [D:\projects\misis2023f-23-check\misis2024s-23-03-serdeshnov-v-s\build.check\prj.check\prj.check\doctest_dynarr\doctest_dynarr_m.vcxproj]
    14>D:\projects\misis2023f-23-check\misis2024s-23-03-serdeshnov-v-s\prj.check\prj.check\doctest_dynarr\doctest_dynarr_moveable.cpp(8,1): error C2660: 'doctest::detail::consume': function does not take 1 arguments [D:\projects\misis2023f-23-check\misis2024s-23-03-serdeshnov-v-s\build.check\prj.check\prj.check\doctest_dynarr\doctest_dynarr_m.vcxproj]
    14>D:\projects\misis2023f-23-check\misis2024s-23-03-serdeshnov-v-s\prj.check\prj.check\doctest_dynarr\doctest_dynarr_moveable.cpp(11,3): error C2065: 'DynArr': undeclared identifier [D:\projects\misis2023f-23-check\misis2024s-23-03-serdeshnov-v-s\build.check\prj.check\prj.check\doctest_dynarr\doctest_dynarr_m.vcxproj]
    14>D:\projects\misis2023f-23-check\misis2024s-23-03-serdeshnov-v-s\prj.check\prj.check\doctest_dynarr\doctest_dynarr_moveable.cpp(11,10): error C2146: syntax error: missing ';' before identifier 'ar_orig' [D:\projects\misis2023f-23-check\misis2024s-23-03-serdeshnov-v-s\build.check\prj.check\prj.check\doctest_dynarr\doctest_dynarr_m.vcxproj]
    14>D:\projects\misis2023f-23-check\misis2024s-23-03-serdeshnov-v-s\prj.check\prj.check\doctest_dynarr\doctest_dynarr_moveable.cpp(11,10): error C3861: 'ar_orig': identifier not found [D:\projects\misis2023f-23-check\misis2024s-23-03-serdeshnov-v-s\build.check\prj.check\prj.check\doctest_dynarr\doctest_dynarr_m.vcxproj]
    14>D:\projects\misis2023f-23-check\misis2024s-23-03-serdeshnov-v-s\prj.check\prj.check\doctest_dynarr\doctest_dynarr_moveable.cpp(12,3): error C2065: 'DynArr': undeclared identifier [D:\projects\misis2023f-23-check\misis2024s-23-03-serdeshnov-v-s\build.check\prj.check\prj.check\doctest_dynarr\doctest_dynarr_m.vcxproj]
    14>D:\projects\misis2023f-23-check\misis2024s-23-03-serdeshnov-v-s\prj.check\prj.check\doctest_dynarr\doctest_dynarr_moveable.cpp(12,10): error C2146: syntax error: missing ';' before identifier 'ar_dest' [D:\projects\misis2023f-23-check\misis2024s-23-03-serdeshnov-v-s\build.check\prj.check\prj.check\doctest_dynarr\doctest_dynarr_m.vcxproj]
    14>D:\projects\misis2023f-23-check\misis2024s-23-03-serdeshnov-v-s\prj.check\prj.check\doctest_dynarr\doctest_dynarr_moveable.cpp(12,10): error C2065: 'ar_dest': undeclared identifier [D:\projects\misis2023f-23-check\misis2024s-23-03-serdeshnov-v-s\build.check\prj.check\prj.check\doctest_dynarr\doctest_dynarr_m.vcxproj]
    14>D:\projects\misis2023f-23-check\misis2024s-23-03-serdeshnov-v-s\prj.check\prj.check\doctest_dynarr\doctest_dynarr_moveable.cpp(12,30): error C2065: 'ar_orig': undeclared identifier [D:\projects\misis2023f-23-check\misis2024s-23-03-serdeshnov-v-s\build.check\prj.check\prj.check\doctest_dynarr\doctest_dynarr_m.vcxproj]
    14>D:\projects\misis2023f-23-check\misis2024s-23-03-serdeshnov-v-s\prj.check\prj.check\doctest_dynarr\doctest_dynarr_moveable.cpp(13,3): error C2065: 'ar_dest': undeclared identifier [D:\projects\misis2023f-23-check\misis2024s-23-03-serdeshnov-v-s\build.check\prj.check\prj.check\doctest_dynarr\doctest_dynarr_m.vcxproj]
    14>D:\projects\misis2023f-23-check\misis2024s-23-03-serdeshnov-v-s\prj.check\prj.check\doctest_dynarr\doctest_dynarr_moveable.cpp(14,11): error C2065: 'ar_orig': undeclared identifier [D:\projects\misis2023f-23-check\misis2024s-23-03-serdeshnov-v-s\build.check\prj.check\prj.check\doctest_dynarr\doctest_dynarr_m.vcxproj]
    14>D:\projects\misis2023f-23-check\misis2024s-23-03-serdeshnov-v-s\prj.check\prj.check\doctest_dynarr\doctest_dynarr_moveable.cpp(14,33): error C2065: 'ar_dest': undeclared identifier [D:\projects\misis2023f-23-check\misis2024s-23-03-serdeshnov-v-s\build.check\prj.check\prj.check\doctest_dynarr\doctest_dynarr_m.vcxproj]
    14>D:\projects\misis2023f-23-check\misis2024s-23-03-serdeshnov-v-s\prj.check\prj.check\doctest_dynarr\doctest_dynarr_moveable.cpp(15,5): error C2065: 'ar_orig': undeclared identifier [D:\projects\misis2023f-23-check\misis2024s-23-03-serdeshnov-v-s\build.check\prj.check\prj.check\doctest_dynarr\doctest_dynarr_m.vcxproj]
    14>D:\projects\misis2023f-23-check\misis2024s-23-03-serdeshnov-v-s\prj.check\prj.check\doctest_dynarr\doctest_dynarr_moveable.cpp(15,5): error C2065: 'ar_dest': undeclared identifier [D:\projects\misis2023f-23-check\misis2024s-23-03-serdeshnov-v-s\build.check\prj.check\prj.check\doctest_dynarr\doctest_dynarr_m.vcxproj]
    14>D:\projects\misis2023f-23-check\misis2024s-23-03-serdeshnov-v-s\prj.check\prj.check\doctest_dynarr\doctest_dynarr_moveable.cpp(20,3): error C2065: 'DynArr': undeclared identifier [D:\projects\misis2023f-23-check\misis2024s-23-03-serdeshnov-v-s\build.check\prj.check\prj.check\doctest_dynarr\doctest_dynarr_m.vcxproj]
    14>D:\projects\misis2023f-23-check\misis2024s-23-03-serdeshnov-v-s\prj.check\prj.check\doctest_dynarr\doctest_dynarr_moveable.cpp(20,10): error C2146: syntax error: missing ';' before identifier 'ar_orig' [D:\projects\misis2023f-23-check\misis2024s-23-03-serdeshnov-v-s\build.check\prj.check\prj.check\doctest_dynarr\doctest_dynarr_m.vcxproj]
    14>D:\projects\misis2023f-23-check\misis2024s-23-03-serdeshnov-v-s\prj.check\prj.check\doctest_dynarr\doctest_dynarr_moveable.cpp(20,10): error C3861: 'ar_orig': identifier not found [D:\projects\misis2023f-23-check\misis2024s-23-03-serdeshnov-v-s\build.check\prj.check\prj.check\doctest_dynarr\doctest_dynarr_m.vcxproj]
    14>D:\projects\misis2023f-23-check\misis2024s-23-03-serdeshnov-v-s\prj.check\prj.check\doctest_dynarr\doctest_dynarr_moveable.cpp(21,3): error C2065: 'DynArr': undeclared identifier [D:\projects\misis2023f-23-check\misis2024s-23-03-serdeshnov-v-s\build.check\prj.check\prj.check\doctest_dynarr\doctest_dynarr_m.vcxproj]
    14>D:\projects\misis2023f-23-check\misis2024s-23-03-serdeshnov-v-s\prj.check\prj.check\doctest_dynarr\doctest_dynarr_moveable.cpp(21,10): error C2146: syntax error: missing ';' before identifier 'ar_dest' [D:\projects\misis2023f-23-check\misis2024s-23-03-serdeshnov-v-s\build.check\prj.check\prj.check\doctest_dynarr\doctest_dynarr_m.vcxproj]
    14>D:\projects\misis2023f-23-check\misis2024s-23-03-serdeshnov-v-s\prj.check\prj.check\doctest_dynarr\doctest_dynarr_moveable.cpp(21,10): error C3861: 'ar_dest': identifier not found [D:\projects\misis2023f-23-check\misis2024s-23-03-serdeshnov-v-s\build.check\prj.check\prj.check\doctest_dynarr\doctest_dynarr_m.vcxproj]
    14>D:\projects\misis2023f-23-check\misis2024s-23-03-serdeshnov-v-s\prj.check\prj.check\doctest_dynarr\doctest_dynarr_moveable.cpp(22,3): error C2065: 'ar_dest': undeclared identifier [D:\projects\misis2023f-23-check\misis2024s-23-03-serdeshnov-v-s\build.check\prj.check\prj.check\doctest_dynarr\doctest_dynarr_m.vcxproj]
    14>D:\projects\misis2023f-23-check\misis2024s-23-03-serdeshnov-v-s\prj.check\prj.check\doctest_dynarr\doctest_dynarr_moveable.cpp(22,23): error C2065: 'ar_orig': undeclared identifier [D:\projects\misis2023f-23-check\misis2024s-23-03-serdeshnov-v-s\build.check\prj.check\prj.check\doctest_dynarr\doctest_dynarr_m.vcxproj]
    14>D:\projects\misis2023f-23-check\misis2024s-23-03-serdeshnov-v-s\prj.check\prj.check\doctest_dynarr\doctest_dynarr_moveable.cpp(23,3): error C2065: 'ar_dest': undeclared identifier [D:\projects\misis2023f-23-check\misis2024s-23-03-serdeshnov-v-s\build.check\prj.check\prj.check\doctest_dynarr\doctest_dynarr_m.vcxproj]
    14>D:\projects\misis2023f-23-check\misis2024s-23-03-serdeshnov-v-s\prj.check\prj.check\doctest_dynarr\doctest_dynarr_moveable.cpp(24,11): error C2065: 'ar_orig': undeclared identifier [D:\projects\misis2023f-23-check\misis2024s-23-03-serdeshnov-v-s\build.check\prj.check\prj.check\doctest_dynarr\doctest_dynarr_m.vcxproj]
    14>D:\projects\misis2023f-23-check\misis2024s-23-03-serdeshnov-v-s\prj.check\prj.check\doctest_dynarr\doctest_dynarr_moveable.cpp(24,33): error C2065: 'ar_dest': undeclared identifier [D:\projects\misis2023f-23-check\misis2024s-23-03-serdeshnov-v-s\build.check\prj.check\prj.check\doctest_dynarr\doctest_dynarr_m.vcxproj]
    14>D:\projects\misis2023f-23-check\misis2024s-23-03-serdeshnov-v-s\prj.check\prj.check\doctest_dynarr\doctest_dynarr_moveable.cpp(25,5): error C2065: 'ar_orig': undeclared identifier [D:\projects\misis2023f-23-check\misis2024s-23-03-serdeshnov-v-s\build.check\prj.check\prj.check\doctest_dynarr\doctest_dynarr_m.vcxproj]
    14>D:\projects\misis2023f-23-check\misis2024s-23-03-serdeshnov-v-s\prj.check\prj.check\doctest_dynarr\doctest_dynarr_moveable.cpp(25,5): error C2065: 'ar_dest': undeclared identifier [D:\projects\misis2023f-23-check\misis2024s-23-03-serdeshnov-v-s\build.check\prj.check\prj.check\doctest_dynarr\doctest_dynarr_m.vcxproj]
    14>D:\projects\misis2023f-23-check\misis2024s-23-03-serdeshnov-v-s\prj.check\prj.check\doctest_dynarr\doctest_dynarr_moveable.cpp(30,3): error C2065: 'DynArr': undeclared identifier [D:\projects\misis2023f-23-check\misis2024s-23-03-serdeshnov-v-s\build.check\prj.check\prj.check\doctest_dynarr\doctest_dynarr_m.vcxproj]
    14>D:\projects\misis2023f-23-check\misis2024s-23-03-serdeshnov-v-s\prj.check\prj.check\doctest_dynarr\doctest_dynarr_moveable.cpp(30,10): error C2146: syntax error: missing ';' before identifier 'st_orig' [D:\projects\misis2023f-23-check\misis2024s-23-03-serdeshnov-v-s\build.check\prj.check\prj.check\doctest_dynarr\doctest_dynarr_m.vcxproj]
    14>D:\projects\misis2023f-23-check\misis2024s-23-03-serdeshnov-v-s\prj.check\prj.check\doctest_dynarr\doctest_dynarr_moveable.cpp(30,10): error C3861: 'st_orig': identifier not found [D:\projects\misis2023f-23-check\misis2024s-23-03-serdeshnov-v-s\build.check\prj.check\prj.check\doctest_dynarr\doctest_dynarr_m.vcxproj]
    14>D:\projects\misis2023f-23-check\misis2024s-23-03-serdeshnov-v-s\prj.check\prj.check\doctest_dynarr\doctest_dynarr_moveable.cpp(36,7): error C2065: 'DynArr': undeclared identifier [D:\projects\misis2023f-23-check\misis2024s-23-03-serdeshnov-v-s\build.check\prj.check\prj.check\doctest_dynarr\doctest_dynarr_m.vcxproj]
    14>D:\projects\misis2023f-23-check\misis2024s-23-03-serdeshnov-v-s\prj.check\prj.check\doctest_dynarr\doctest_dynarr_moveable.cpp(36,14): error C2146: syntax error: missing ';' before identifier 'st_copy' [D:\projects\misis2023f-23-check\misis2024s-23-03-serdeshnov-v-s\build.check\prj.check\prj.check\doctest_dynarr\doctest_dynarr_m.vcxproj]
    14>D:\projects\misis2023f-23-check\misis2024s-23-03-serdeshnov-v-s\prj.check\prj.check\doctest_dynarr\doctest_dynarr_moveable.cpp(36,14): error C2065: 'st_copy': undeclared identifier [D:\projects\misis2023f-23-check\misis2024s-23-03-serdeshnov-v-s\build.check\prj.check\prj.check\doctest_dynarr\doctest_dynarr_m.vcxproj]
    14>D:\projects\misis2023f-23-check\misis2024s-23-03-serdeshnov-v-s\prj.check\prj.check\doctest_dynarr\doctest_dynarr_moveable.cpp(36,24): error C2065: 'st_orig': undeclared identifier [D:\projects\misis2023f-23-check\misis2024s-23-03-serdeshnov-v-s\build.check\prj.check\prj.check\doctest_dynarr\doctest_dynarr_m.vcxproj]
    14>D:\projects\misis2023f-23-check\misis2024s-23-03-serdeshnov-v-s\prj.check\prj.check\doctest_dynarr\doctest_dynarr_moveable.cpp(47,7): error C2065: 'DynArr': undeclared identifier [D:\projects\misis2023f-23-check\misis2024s-23-03-serdeshnov-v-s\build.check\prj.check\prj.check\doctest_dynarr\doctest_dynarr_m.vcxproj]
    14>D:\projects\misis2023f-23-check\misis2024s-23-03-serdeshnov-v-s\prj.check\prj.check\doctest_dynarr\doctest_dynarr_moveable.cpp(47,14): error C2146: syntax error: missing ';' before identifier 'st_copy' [D:\projects\misis2023f-23-check\misis2024s-23-03-serdeshnov-v-s\build.check\prj.check\prj.check\doctest_dynarr\doctest_dynarr_m.vcxproj]
    14>D:\projects\misis2023f-23-check\misis2024s-23-03-serdeshnov-v-s\prj.check\prj.check\doctest_dynarr\doctest_dynarr_moveable.cpp(47,14): error C2065: 'st_copy': undeclared identifier [D:\projects\misis2023f-23-check\misis2024s-23-03-serdeshnov-v-s\build.check\prj.check\prj.check\doctest_dynarr\doctest_dynarr_m.vcxproj]
    14>D:\projects\misis2023f-23-check\misis2024s-23-03-serdeshnov-v-s\prj.check\prj.check\doctest_dynarr\doctest_dynarr_moveable.cpp(47,34): error C2065: 'st_orig': undeclared identifier [D:\projects\misis2023f-23-check\misis2024s-23-03-serdeshnov-v-s\build.check\prj.check\prj.check\doctest_dynarr\doctest_dynarr_m.vcxproj]
    14>D:\projects\misis2023f-23-check\misis2024s-23-03-serdeshnov-v-s\prj.check\prj.check\doctest_dynarr\doctest_dynarr_moveable.cpp(64,3): error C2065: 'DynArr': undeclared identifier [D:\projects\misis2023f-23-check\misis2024s-23-03-serdeshnov-v-s\build.check\prj.check\prj.check\doctest_dynarr\doctest_dynarr_m.vcxproj]
    14>D:\projects\misis2023f-23-check\misis2024s-23-03-serdeshnov-v-s\prj.check\prj.check\doctest_dynarr\doctest_dynarr_moveable.cpp(64,10): error C2146: syntax error: missing ';' before identifier 'st_orig' [D:\projects\misis2023f-23-check\misis2024s-23-03-serdeshnov-v-s\build.check\prj.check\prj.check\doctest_dynarr\doctest_dynarr_m.vcxproj]
    14>D:\projects\misis2023f-23-check\misis2024s-23-03-serdeshnov-v-s\prj.check\prj.check\doctest_dynarr\doctest_dynarr_moveable.cpp(64,10): error C3861: 'st_orig': identifier not found [D:\projects\misis2023f-23-check\misis2024s-23-03-serdeshnov-v-s\build.check\prj.check\prj.check\doctest_dynarr\doctest_dynarr_m.vcxproj]
    14>D:\projects\misis2023f-23-check\misis2024s-23-03-serdeshnov-v-s\prj.check\prj.check\doctest_dynarr\doctest_dynarr_moveable.cpp(70,7): error C2065: 'DynArr': undeclared identifier [D:\projects\misis2023f-23-check\misis2024s-23-03-serdeshnov-v-s\build.check\prj.check\prj.check\doctest_dynarr\doctest_dynarr_m.vcxproj]
    14>D:\projects\misis2023f-23-check\misis2024s-23-03-serdeshnov-v-s\prj.check\prj.check\doctest_dynarr\doctest_dynarr_moveable.cpp(70,14): error C2146: syntax error: missing ';' before identifier 'st_copy' [D:\projects\misis2023f-23-check\misis2024s-23-03-serdeshnov-v-s\build.check\prj.check\prj.check\doctest_dynarr\doctest_dynarr_m.vcxproj]
    14>D:\projects\misis2023f-23-check\misis2024s-23-03-serdeshnov-v-s\prj.check\prj.check\doctest_dynarr\doctest_dynarr_moveable.cpp(70,14): error C2065: 'st_copy': undeclared identifier [D:\projects\misis2023f-23-check\misis2024s-23-03-serdeshnov-v-s\build.check\prj.check\prj.check\doctest_dynarr\doctest_dynarr_m.vcxproj]
    14>D:\projects\misis2023f-23-check\misis2024s-23-03-serdeshnov-v-s\prj.check\prj.check\doctest_dynarr\doctest_dynarr_moveable.cpp(71,7): error C2065: 'st_copy': undeclared identifier [D:\projects\misis2023f-23-check\misis2024s-23-03-serdeshnov-v-s\build.check\prj.check\prj.check\doctest_dynarr\doctest_dynarr_m.vcxproj]
    14>D:\projects\misis2023f-23-check\misis2024s-23-03-serdeshnov-v-s\prj.check\prj.check\doctest_dynarr\doctest_dynarr_moveable.cpp(71,17): error C2065: 'st_orig': undeclared identifier [D:\projects\misis2023f-23-check\misis2024s-23-03-serdeshnov-v-s\build.check\prj.check\prj.check\doctest_dynarr\doctest_dynarr_m.vcxproj]
    14>D:\projects\misis2023f-23-check\misis2024s-23-03-serdeshnov-v-s\prj.check\prj.check\doctest_dynarr\doctest_dynarr_moveable.cpp(83,7): error C2065: 'DynArr': undeclared identifier [D:\projects\misis2023f-23-check\misis2024s-23-03-serdeshnov-v-s\build.check\prj.check\prj.check\doctest_dynarr\doctest_dynarr_m.vcxproj]
    14>D:\projects\misis2023f-23-check\misis2024s-23-03-serdeshnov-v-s\prj.check\prj.check\doctest_dynarr\doctest_dynarr_moveable.cpp(83,14): error C2146: syntax error: missing ';' before identifier 'st_copy' [D:\projects\misis2023f-23-check\misis2024s-23-03-serdeshnov-v-s\build.check\prj.check\prj.check\doctest_dynarr\doctest_dynarr_m.vcxproj]
    14>D:\projects\misis2023f-23-check\misis2024s-23-03-serdeshnov-v-s\prj.check\prj.check\doctest_dynarr\doctest_dynarr_moveable.cpp(83,14): error C2065: 'st_copy': undeclared identifier [D:\projects\misis2023f-23-check\misis2024s-23-03-serdeshnov-v-s\build.check\prj.check\prj.check\doctest_dynarr\doctest_dynarr_m.vcxproj]
    14>D:\projects\misis2023f-23-check\misis2024s-23-03-serdeshnov-v-s\prj.check\prj.check\doctest_dynarr\doctest_dynarr_moveable.cpp(84,7): error C2065: 'st_copy': undeclared identifier [D:\projects\misis2023f-23-check\misis2024s-23-03-serdeshnov-v-s\build.check\prj.check\prj.check\doctest_dynarr\doctest_dynarr_m.vcxproj]
    14>D:\projects\misis2023f-23-check\misis2024s-23-03-serdeshnov-v-s\prj.check\prj.check\doctest_dynarr\doctest_dynarr_moveable.cpp(84,27): error C2065: 'st_orig': undeclared identifier [D:\projects\misis2023f-23-check\misis2024s-23-03-serdeshnov-v-s\build.check\prj.check\prj.check\doctest_dynarr\doctest_dynarr_m.vcxproj]
    42>D:\projects\misis2023f-23-check\misis2024s-23-03-serdeshnov-v-s\prj.test\test_rational.cpp(21,22): error C2676: binary '+': 'Rational' does not define this operator or a conversion to a type acceptable to the predefined operator [D:\projects\misis2023f-23-check\misis2024s-23-03-serdeshnov-v-s\build.check\prj.test\test_rational.vcxproj]
    42>D:\projects\misis2023f-23-check\misis2024s-23-03-serdeshnov-v-s\prj.test\test_rational.cpp(26,15): error C2676: binary '+': 'Rational' does not define this operator or a conversion to a type acceptable to the predefined operator [D:\projects\misis2023f-23-check\misis2024s-23-03-serdeshnov-v-s\build.check\prj.test\test_rational.vcxproj]
    42>D:\projects\misis2023f-23-check\misis2024s-23-03-serdeshnov-v-s\prj.test\test_rational.cpp(32,22): error C2676: binary '-': 'Rational' does not define this operator or a conversion to a type acceptable to the predefined operator [D:\projects\misis2023f-23-check\misis2024s-23-03-serdeshnov-v-s\build.check\prj.test\test_rational.vcxproj]
    42>D:\projects\misis2023f-23-check\misis2024s-23-03-serdeshnov-v-s\prj.test\test_rational.cpp(37,15): error C2676: binary '-': 'Rational' does not define this operator or a conversion to a type acceptable to the predefined operator [D:\projects\misis2023f-23-check\misis2024s-23-03-serdeshnov-v-s\build.check\prj.test\test_rational.vcxproj]
    42>D:\projects\misis2023f-23-check\misis2024s-23-03-serdeshnov-v-s\prj.test\test_rational.cpp(43,23): error C2676: binary '*': 'Rational' does not define this operator or a conversion to a type acceptable to the predefined operator [D:\projects\misis2023f-23-check\misis2024s-23-03-serdeshnov-v-s\build.check\prj.test\test_rational.vcxproj]
    42>D:\projects\misis2023f-23-check\misis2024s-23-03-serdeshnov-v-s\prj.test\test_rational.cpp(48,17): error C2676: binary '*': 'Rational' does not define this operator or a conversion to a type acceptable to the predefined operator [D:\projects\misis2023f-23-check\misis2024s-23-03-serdeshnov-v-s\build.check\prj.test\test_rational.vcxproj]
    42>D:\projects\misis2023f-23-check\misis2024s-23-03-serdeshnov-v-s\prj.test\test_rational.cpp(54,21): error C2676: binary '/': 'Rational' does not define this operator or a conversion to a type acceptable to the predefined operator [D:\projects\misis2023f-23-check\misis2024s-23-03-serdeshnov-v-s\build.check\prj.test\test_rational.vcxproj]
    42>D:\projects\misis2023f-23-check\misis2024s-23-03-serdeshnov-v-s\prj.test\test_rational.cpp(59,15): error C2676: binary '/': 'Rational' does not define this operator or a conversion to a type acceptable to the predefined operator [D:\projects\misis2023f-23-check\misis2024s-23-03-serdeshnov-v-s\build.check\prj.test\test_rational.vcxproj]
    42>D:\projects\misis2023f-23-check\misis2024s-23-03-serdeshnov-v-s\prj.test\test_rational.cpp(67,5): error C2676: binary '/': 'Rational' does not define this operator or a conversion to a type acceptable to the predefined operator [D:\projects\misis2023f-23-check\misis2024s-23-03-serdeshnov-v-s\build.check\prj.test\test_rational.vcxproj]
    42>D:\projects\misis2023f-23-check\misis2024s-23-03-serdeshnov-v-s\prj.test\test_rational.cpp(99,5): error C2679: binary '<<': no operator found which takes a right-hand operand of type 'Rational' (or there is no acceptable conversion) [D:\projects\misis2023f-23-check\misis2024s-23-03-serdeshnov-v-s\build.check\prj.test\test_rational.vcxproj]
    42>D:\projects\misis2023f-23-check\misis2024s-23-03-serdeshnov-v-s\prj.test\test_rational.cpp(103,5): error C2679: binary '<<': no operator found which takes a right-hand operand of type 'Rational' (or there is no acceptable conversion) [D:\projects\misis2023f-23-check\misis2024s-23-03-serdeshnov-v-s\build.check\prj.test\test_rational.vcxproj]
    20>D:\projects\misis2023f-23-check\misis2024s-23-03-serdeshnov-v-s\prj.check\prj.check\doctest_rational\doctest_rational.cpp(29,3): error C2675: unary '-': 'Rational' does not define this operator or a conversion to a type acceptable to the predefined operator [D:\projects\misis2023f-23-check\misis2024s-23-03-serdeshnov-v-s\build.check\prj.check\prj.check\doctest_rational\doctest_rational.vcxproj]
    20>D:\projects\misis2023f-23-check\misis2024s-23-03-serdeshnov-v-s\prj.check\prj.check\doctest_rational\doctest_rational.cpp(29,3): error C2088: '-': illegal for class [D:\projects\misis2023f-23-check\misis2024s-23-03-serdeshnov-v-s\build.check\prj.check\prj.check\doctest_rational\doctest_rational.vcxproj]
    20>D:\projects\misis2023f-23-check\misis2024s-23-03-serdeshnov-v-s\prj.check\prj.check\doctest_rational\doctest_rational.cpp(29,3): error C2672: 'doctest::detail::ResultBuilder::binary_assert': no matching overloaded function found [D:\projects\misis2023f-23-check\misis2024s-23-03-serdeshnov-v-s\build.check\prj.check\prj.check\doctest_rational\doctest_rational.vcxproj]
    20>D:\projects\misis2023f-23-check\misis2024s-23-03-serdeshnov-v-s\prj.check\prj.check\doctest_rational\doctest_rational.cpp(30,3): error C2675: unary '-': 'Rational' does not define this operator or a conversion to a type acceptable to the predefined operator [D:\projects\misis2023f-23-check\misis2024s-23-03-serdeshnov-v-s\build.check\prj.check\prj.check\doctest_rational\doctest_rational.vcxproj]
    20>D:\projects\misis2023f-23-check\misis2024s-23-03-serdeshnov-v-s\prj.check\prj.check\doctest_rational\doctest_rational.cpp(30,3): error C2088: '-': illegal for class [D:\projects\misis2023f-23-check\misis2024s-23-03-serdeshnov-v-s\build.check\prj.check\prj.check\doctest_rational\doctest_rational.vcxproj]
    20>D:\projects\misis2023f-23-check\misis2024s-23-03-serdeshnov-v-s\prj.check\prj.check\doctest_rational\doctest_rational.cpp(30,3): error C2672: 'doctest::detail::ResultBuilder::binary_assert': no matching overloaded function found [D:\projects\misis2023f-23-check\misis2024s-23-03-serdeshnov-v-s\build.check\prj.check\prj.check\doctest_rational\doctest_rational.vcxproj]
    20>D:\projects\misis2023f-23-check\misis2024s-23-03-serdeshnov-v-s\prj.check\prj.check\doctest_rational\doctest_rational.cpp(31,3): error C2675: unary '-': 'Rational' does not define this operator or a conversion to a type acceptable to the predefined operator [D:\projects\misis2023f-23-check\misis2024s-23-03-serdeshnov-v-s\build.check\prj.check\prj.check\doctest_rational\doctest_rational.vcxproj]
    20>D:\projects\misis2023f-23-check\misis2024s-23-03-serdeshnov-v-s\prj.check\prj.check\doctest_rational\doctest_rational.cpp(31,3): error C2088: '-': illegal for class [D:\projects\misis2023f-23-check\misis2024s-23-03-serdeshnov-v-s\build.check\prj.check\prj.check\doctest_rational\doctest_rational.vcxproj]
    20>D:\projects\misis2023f-23-check\misis2024s-23-03-serdeshnov-v-s\prj.check\prj.check\doctest_rational\doctest_rational.cpp(31,3): error C2672: 'doctest::detail::ResultBuilder::binary_assert': no matching overloaded function found [D:\projects\misis2023f-23-check\misis2024s-23-03-serdeshnov-v-s\build.check\prj.check\prj.check\doctest_rational\doctest_rational.vcxproj]
    20>D:\projects\misis2023f-23-check\misis2024s-23-03-serdeshnov-v-s\prj.check\prj.check\doctest_rational\doctest_rational.cpp(42,3): error C2676: binary '+': 'Rational' does not define this operator or a conversion to a type acceptable to the predefined operator [D:\projects\misis2023f-23-check\misis2024s-23-03-serdeshnov-v-s\build.check\prj.check\prj.check\doctest_rational\doctest_rational.vcxproj]
    20>D:\projects\misis2023f-23-check\misis2024s-23-03-serdeshnov-v-s\prj.check\prj.check\doctest_rational\doctest_rational.cpp(43,3): error C2676: binary '+': 'Rational' does not define this operator or a conversion to a type acceptable to the predefined operator [D:\projects\misis2023f-23-check\misis2024s-23-03-serdeshnov-v-s\build.check\prj.check\prj.check\doctest_rational\doctest_rational.vcxproj]
    20>D:\projects\misis2023f-23-check\misis2024s-23-03-serdeshnov-v-s\prj.check\prj.check\doctest_rational\doctest_rational.cpp(44,3): error C2676: binary '+': 'Rational' does not define this operator or a conversion to a type acceptable to the predefined operator [D:\projects\misis2023f-23-check\misis2024s-23-03-serdeshnov-v-s\build.check\prj.check\prj.check\doctest_rational\doctest_rational.vcxproj]
    20>D:\projects\misis2023f-23-check\misis2024s-23-03-serdeshnov-v-s\prj.check\prj.check\doctest_rational\doctest_rational.cpp(45,3): error C2676: binary '+': 'Rational' does not define this operator or a conversion to a type acceptable to the predefined operator [D:\projects\misis2023f-23-check\misis2024s-23-03-serdeshnov-v-s\build.check\prj.check\prj.check\doctest_rational\doctest_rational.vcxproj]
    20>D:\projects\misis2023f-23-check\misis2024s-23-03-serdeshnov-v-s\prj.check\prj.check\doctest_rational\doctest_rational.cpp(56,3): error C2676: binary '-': 'Rational' does not define this operator or a conversion to a type acceptable to the predefined operator [D:\projects\misis2023f-23-check\misis2024s-23-03-serdeshnov-v-s\build.check\prj.check\prj.check\doctest_rational\doctest_rational.vcxproj]
    20>D:\projects\misis2023f-23-check\misis2024s-23-03-serdeshnov-v-s\prj.check\prj.check\doctest_rational\doctest_rational.cpp(57,3): error C2676: binary '-': 'Rational' does not define this operator or a conversion to a type acceptable to the predefined operator [D:\projects\misis2023f-23-check\misis2024s-23-03-serdeshnov-v-s\build.check\prj.check\prj.check\doctest_rational\doctest_rational.vcxproj]
    20>D:\projects\misis2023f-23-check\misis2024s-23-03-serdeshnov-v-s\prj.check\prj.check\doctest_rational\doctest_rational.cpp(58,3): error C2676: binary '-': 'Rational' does not define this operator or a conversion to a type acceptable to the predefined operator [D:\projects\misis2023f-23-check\misis2024s-23-03-serdeshnov-v-s\build.check\prj.check\prj.check\doctest_rational\doctest_rational.vcxproj]
    20>D:\projects\misis2023f-23-check\misis2024s-23-03-serdeshnov-v-s\prj.check\prj.check\doctest_rational\doctest_rational.cpp(59,3): error C2676: binary '-': 'Rational' does not define this operator or a conversion to a type acceptable to the predefined operator [D:\projects\misis2023f-23-check\misis2024s-23-03-serdeshnov-v-s\build.check\prj.check\prj.check\doctest_rational\doctest_rational.vcxproj]
    20>D:\projects\misis2023f-23-check\misis2024s-23-03-serdeshnov-v-s\prj.check\prj.check\doctest_rational\doctest_rational.cpp(70,3): error C2676: binary '*': 'Rational' does not define this operator or a conversion to a type acceptable to the predefined operator [D:\projects\misis2023f-23-check\misis2024s-23-03-serdeshnov-v-s\build.check\prj.check\prj.check\doctest_rational\doctest_rational.vcxproj]
    20>D:\projects\misis2023f-23-check\misis2024s-23-03-serdeshnov-v-s\prj.check\prj.check\doctest_rational\doctest_rational.cpp(71,3): error C2676: binary '*': 'Rational' does not define this operator or a conversion to a type acceptable to the predefined operator [D:\projects\misis2023f-23-check\misis2024s-23-03-serdeshnov-v-s\build.check\prj.check\prj.check\doctest_rational\doctest_rational.vcxproj]
    20>D:\projects\misis2023f-23-check\misis2024s-23-03-serdeshnov-v-s\prj.check\prj.check\doctest_rational\doctest_rational.cpp(72,3): error C2676: binary '*': 'Rational' does not define this operator or a conversion to a type acceptable to the predefined operator [D:\projects\misis2023f-23-check\misis2024s-23-03-serdeshnov-v-s\build.check\prj.check\prj.check\doctest_rational\doctest_rational.vcxproj]
    20>D:\projects\misis2023f-23-check\misis2024s-23-03-serdeshnov-v-s\prj.check\prj.check\doctest_rational\doctest_rational.cpp(73,3): error C2676: binary '*': 'Rational' does not define this operator or a conversion to a type acceptable to the predefined operator [D:\projects\misis2023f-23-check\misis2024s-23-03-serdeshnov-v-s\build.check\prj.check\prj.check\doctest_rational\doctest_rational.vcxproj]
    20>D:\projects\misis2023f-23-check\misis2024s-23-03-serdeshnov-v-s\prj.check\prj.check\doctest_rational\doctest_rational.cpp(86,3): error C2676: binary '/': 'Rational' does not define this operator or a conversion to a type acceptable to the predefined operator [D:\projects\misis2023f-23-check\misis2024s-23-03-serdeshnov-v-s\build.check\prj.check\prj.check\doctest_rational\doctest_rational.vcxproj]
    20>D:\projects\misis2023f-23-check\misis2024s-23-03-serdeshnov-v-s\prj.check\prj.check\doctest_rational\doctest_rational.cpp(87,3): error C2676: binary '/': 'Rational' does not define this operator or a conversion to a type acceptable to the predefined operator [D:\projects\misis2023f-23-check\misis2024s-23-03-serdeshnov-v-s\build.check\prj.check\prj.check\doctest_rational\doctest_rational.vcxproj]
    20>D:\projects\misis2023f-23-check\misis2024s-23-03-serdeshnov-v-s\prj.check\prj.check\doctest_rational\doctest_rational.cpp(88,3): error C2676: binary '/': 'Rational' does not define this operator or a conversion to a type acceptable to the predefined operator [D:\projects\misis2023f-23-check\misis2024s-23-03-serdeshnov-v-s\build.check\prj.check\prj.check\doctest_rational\doctest_rational.vcxproj]
    20>D:\projects\misis2023f-23-check\misis2024s-23-03-serdeshnov-v-s\prj.check\prj.check\doctest_rational\doctest_rational.cpp(89,3): error C2676: binary '/': 'Rational' does not define this operator or a conversion to a type acceptable to the predefined operator [D:\projects\misis2023f-23-check\misis2024s-23-03-serdeshnov-v-s\build.check\prj.check\prj.check\doctest_rational\doctest_rational.vcxproj]
    20>D:\projects\misis2023f-23-check\misis2024s-23-03-serdeshnov-v-s\prj.check\prj.check\doctest_rational\doctest_rational.cpp(90,3): error C2676: binary '/': 'Rational' does not define this operator or a conversion to a type acceptable to the predefined operator [D:\projects\misis2023f-23-check\misis2024s-23-03-serdeshnov-v-s\build.check\prj.check\prj.check\doctest_rational\doctest_rational.vcxproj]
    20>D:\projects\misis2023f-23-check\misis2024s-23-03-serdeshnov-v-s\prj.check\prj.check\doctest_rational\doctest_rational.cpp(91,3): error C2676: binary '/': 'Rational' does not define this operator or a conversion to a type acceptable to the predefined operator [D:\projects\misis2023f-23-check\misis2024s-23-03-serdeshnov-v-s\build.check\prj.check\prj.check\doctest_rational\doctest_rational.vcxproj]
    26>rational.lib(rational.obj) : error LNK2005: "class std::basic_istream<char,struct std::char_traits<char> > & __cdecl operator>>(class std::basic_istream<char,struct std::char_traits<char> > &,class Rational &)" (??5@YAAEAV?$basic_istream@DU?$char_traits@D@std@@@std@@AEAV01@AEAVRational@@@Z) already defined in doctest_rational_moveable.obj [D:\projects\misis2023f-23-check\misis2024s-23-03-serdeshnov-v-s\build.check\prj.check\prj.check\doctest_rational\doctest_rational_m.vcxproj]
    26>rational.lib(rational.obj) : error LNK2005: "class std::basic_ostream<char,struct std::char_traits<char> > & __cdecl operator<<(class std::basic_ostream<char,struct std::char_traits<char> > &,class Rational &)" (??6@YAAEAV?$basic_ostream@DU?$char_traits@D@std@@@std@@AEAV01@AEAVRational@@@Z) already defined in doctest_rational_moveable.obj [D:\projects\misis2023f-23-check\misis2024s-23-03-serdeshnov-v-s\build.check\prj.check\prj.check\doctest_rational\doctest_rational_m.vcxproj]
    26>D:\projects\misis2023f-23-check\misis2024s-23-03-serdeshnov-v-s\bin.check\doctest_rational_m.exe : fatal error LNK1169: one or more multiply defined symbols found [D:\projects\misis2023f-23-check\misis2024s-23-03-serdeshnov-v-s\build.check\prj.check\prj.check\doctest_rational\doctest_rational_m.vcxproj]
    35>rational.lib(rational.obj) : error LNK2005: "class std::basic_istream<char,struct std::char_traits<char> > & __cdecl operator>>(class std::basic_istream<char,struct std::char_traits<char> > &,class Rational &)" (??5@YAAEAV?$basic_istream@DU?$char_traits@D@std@@@std@@AEAV01@AEAVRational@@@Z) already defined in doctest_rational_io.obj [D:\projects\misis2023f-23-check\misis2024s-23-03-serdeshnov-v-s\build.check\prj.check\prj.check\doctest_rational\doctest_rational_io.vcxproj]
    35>rational.lib(rational.obj) : error LNK2005: "class std::basic_ostream<char,struct std::char_traits<char> > & __cdecl operator<<(class std::basic_ostream<char,struct std::char_traits<char> > &,class Rational &)" (??6@YAAEAV?$basic_ostream@DU?$char_traits@D@std@@@std@@AEAV01@AEAVRational@@@Z) already defined in doctest_rational_io.obj [D:\projects\misis2023f-23-check\misis2024s-23-03-serdeshnov-v-s\build.check\prj.check\prj.check\doctest_rational\doctest_rational_io.vcxproj]
    35>D:\projects\misis2023f-23-check\misis2024s-23-03-serdeshnov-v-s\bin.check\doctest_rational_io.exe : fatal error LNK1169: one or more multiply defined symbols found [D:\projects\misis2023f-23-check\misis2024s-23-03-serdeshnov-v-s\build.check\prj.check\prj.check\doctest_rational\doctest_rational_io.vcxproj]
