    13>D:\projects\misis2023f-23-check\misis2024s-23-03-serdeshnov-v-s\prj.lab\bitset\bitset.cpp(11,9): error C2382: BitSet::BitSet: переопределение; разные спецификации исключений [D:\projects\misis2023f-23-check\misis2024s-23-03-serdeshnov-v-s\build.check\prj.lab\bitset\bitset.vcxproj]
    23>D:\projects\misis2023f-23-check\misis2024s-23-03-serdeshnov-v-s\prj.lab\queuelst\queuelst.cpp(11,1): error C4716: QueueLst::operator=: должна возвращать значение [D:\projects\misis2023f-23-check\misis2024s-23-03-serdeshnov-v-s\build.check\prj.lab\queuelst\queuelst.vcxproj]
    23>D:\projects\misis2023f-23-check\misis2024s-23-03-serdeshnov-v-s\prj.lab\queuelst\queuelst.cpp(31,1): error C4716: QueueLst::Top: должна возвращать значение [D:\projects\misis2023f-23-check\misis2024s-23-03-serdeshnov-v-s\build.check\prj.lab\queuelst\queuelst.vcxproj]
    23>D:\projects\misis2023f-23-check\misis2024s-23-03-serdeshnov-v-s\prj.lab\queuelst\queuelst.cpp(36,1): error C4716: QueueLst::Top: должна возвращать значение [D:\projects\misis2023f-23-check\misis2024s-23-03-serdeshnov-v-s\build.check\prj.lab\queuelst\queuelst.vcxproj]
     8>D:\projects\misis2023f-23-check\misis2024s-23-03-serdeshnov-v-s\prj.check\prj.check\doctest_queuearr\doctest_queuearr.cpp(3,10): error C1083: Не удается открыть файл включение: queuearr/queuearr.hpp: No such file or directory, [D:\projects\misis2023f-23-check\misis2024s-23-03-serdeshnov-v-s\build.check\prj.check\prj.check\doctest_queuearr\doctest_queuearr.vcxproj]
    10>D:\projects\misis2023f-23-check\misis2024s-23-03-serdeshnov-v-s\prj.check\prj.check\doctest_queuearr\doctest_queuearr_moveable.cpp(3,10): error C1083: Не удается открыть файл включение: queuearr/queuearr.hpp: No such file or directory, [D:\projects\misis2023f-23-check\misis2024s-23-03-serdeshnov-v-s\build.check\prj.check\prj.check\doctest_queuearr\doctest_queuearr_m.vcxproj]
    38>MSVCRT.lib(exe_main.obj) : error LNK2019: ссылка на неразрешенный внешний символ main в функции "int __cdecl __scrt_common_main_seh(void)" (?__scrt_common_main_seh@@YAHXZ). [D:\projects\misis2023f-23-check\misis2024s-23-03-serdeshnov-v-s\build.check\prj.test\test_queue_arr.vcxproj]
    38>D:\projects\misis2023f-23-check\misis2024s-23-03-serdeshnov-v-s\build.check\prj.test\bin.rel\test_queue_arr.exe : fatal error LNK1120: неразрешенных внешних элементов: 1 [D:\projects\misis2023f-23-check\misis2024s-23-03-serdeshnov-v-s\build.check\prj.test\test_queue_arr.vcxproj]
    36>D:\projects\misis2023f-23-check\misis2024s-23-03-serdeshnov-v-s\prj.lab\stackarr\stackarr.cpp(35,1): error C4716: StackArr::operator=: должна возвращать значение [D:\projects\misis2023f-23-check\misis2024s-23-03-serdeshnov-v-s\build.check\prj.lab\stackarr\stackarr.vcxproj]
    37>MSVCRT.lib(exe_main.obj) : error LNK2019: ссылка на неразрешенный внешний символ main в функции "int __cdecl __scrt_common_main_seh(void)" (?__scrt_common_main_seh@@YAHXZ). [D:\projects\misis2023f-23-check\misis2024s-23-03-serdeshnov-v-s\build.check\prj.test\test_queue_list_pr.vcxproj]
    37>D:\projects\misis2023f-23-check\misis2024s-23-03-serdeshnov-v-s\build.check\prj.test\bin.rel\test_queue_list_pr.exe : fatal error LNK1120: неразрешенных внешних элементов: 1 [D:\projects\misis2023f-23-check\misis2024s-23-03-serdeshnov-v-s\build.check\prj.test\test_queue_list_pr.vcxproj]
    42>D:\projects\misis2023f-23-check\misis2024s-23-03-serdeshnov-v-s\prj.test\test_stackarrt.cpp(3,10): error C1083: Не удается открыть файл включение: complex/complex.hpp: No such file or directory, [D:\projects\misis2023f-23-check\misis2024s-23-03-serdeshnov-v-s\build.check\prj.test\test_stackarrt.vcxproj]
    34>D:\projects\misis2023f-23-check\misis2024s-23-03-serdeshnov-v-s\prj.test\test_dynarr.cpp(3,10): error C1083: Не удается открыть файл включение: dynarr/dynarr.hpp: No such file or directory, [D:\projects\misis2023f-23-check\misis2024s-23-03-serdeshnov-v-s\build.check\prj.test\test_dynarr.vcxproj]
    12>D:\projects\misis2023f-23-check\misis2024s-23-03-serdeshnov-v-s\prj.check\prj.check\doctest_queuelstpr\doctest_queuelstpr.cpp(11,3): error C2065: QueueLstPr: необъявленный идентификатор [D:\projects\misis2023f-23-check\misis2024s-23-03-serdeshnov-v-s\build.check\prj.check\prj.check\doctest_queuelstpr\doctest_queuelstpr.vcxproj]
    12>D:\projects\misis2023f-23-check\misis2024s-23-03-serdeshnov-v-s\prj.check\prj.check\doctest_queuelstpr\doctest_queuelstpr.cpp(11,14): error C2146: синтаксическая ошибка: отсутствие ";" перед идентификатором "st" [D:\projects\misis2023f-23-check\misis2024s-23-03-serdeshnov-v-s\build.check\prj.check\prj.check\doctest_queuelstpr\doctest_queuelstpr.vcxproj]
    12>D:\projects\misis2023f-23-check\misis2024s-23-03-serdeshnov-v-s\prj.check\prj.check\doctest_queuelstpr\doctest_queuelstpr.cpp(11,14): error C2065: st: необъявленный идентификатор [D:\projects\misis2023f-23-check\misis2024s-23-03-serdeshnov-v-s\build.check\prj.check\prj.check\doctest_queuelstpr\doctest_queuelstpr.vcxproj]
    12>D:\projects\misis2023f-23-check\misis2024s-23-03-serdeshnov-v-s\prj.check\prj.check\doctest_queuelstpr\doctest_queuelstpr.cpp(15,3): error C2065: QueueLstPr: необъявленный идентификатор [D:\projects\misis2023f-23-check\misis2024s-23-03-serdeshnov-v-s\build.check\prj.check\prj.check\doctest_queuelstpr\doctest_queuelstpr.vcxproj]
    12>D:\projects\misis2023f-23-check\misis2024s-23-03-serdeshnov-v-s\prj.check\prj.check\doctest_queuelstpr\doctest_queuelstpr.cpp(15,14): error C2146: синтаксическая ошибка: отсутствие ";" перед идентификатором "st" [D:\projects\misis2023f-23-check\misis2024s-23-03-serdeshnov-v-s\build.check\prj.check\prj.check\doctest_queuelstpr\doctest_queuelstpr.vcxproj]
    12>D:\projects\misis2023f-23-check\misis2024s-23-03-serdeshnov-v-s\prj.check\prj.check\doctest_queuelstpr\doctest_queuelstpr.cpp(15,14): error C2065: st: необъявленный идентификатор [D:\projects\misis2023f-23-check\misis2024s-23-03-serdeshnov-v-s\build.check\prj.check\prj.check\doctest_queuelstpr\doctest_queuelstpr.vcxproj]
    12>D:\projects\misis2023f-23-check\misis2024s-23-03-serdeshnov-v-s\prj.check\prj.check\doctest_queuelstpr\doctest_queuelstpr.cpp(16,3): error C2065: st: необъявленный идентификатор [D:\projects\misis2023f-23-check\misis2024s-23-03-serdeshnov-v-s\build.check\prj.check\prj.check\doctest_queuelstpr\doctest_queuelstpr.vcxproj]
    12>D:\projects\misis2023f-23-check\misis2024s-23-03-serdeshnov-v-s\prj.check\prj.check\doctest_queuelstpr\doctest_queuelstpr.cpp(17,3): error C2065: st: необъявленный идентификатор [D:\projects\misis2023f-23-check\misis2024s-23-03-serdeshnov-v-s\build.check\prj.check\prj.check\doctest_queuelstpr\doctest_queuelstpr.vcxproj]
    12>D:\projects\misis2023f-23-check\misis2024s-23-03-serdeshnov-v-s\prj.check\prj.check\doctest_queuelstpr\doctest_queuelstpr.cpp(18,14): error C2065: st: необъявленный идентификатор [D:\projects\misis2023f-23-check\misis2024s-23-03-serdeshnov-v-s\build.check\prj.check\prj.check\doctest_queuelstpr\doctest_queuelstpr.vcxproj]
    12>D:\projects\misis2023f-23-check\misis2024s-23-03-serdeshnov-v-s\prj.check\prj.check\doctest_queuelstpr\doctest_queuelstpr.cpp(19,3): error C2065: st: необъявленный идентификатор [D:\projects\misis2023f-23-check\misis2024s-23-03-serdeshnov-v-s\build.check\prj.check\prj.check\doctest_queuelstpr\doctest_queuelstpr.vcxproj]
    12>D:\projects\misis2023f-23-check\misis2024s-23-03-serdeshnov-v-s\prj.check\prj.check\doctest_queuelstpr\doctest_queuelstpr.cpp(20,3): error C3536: top: не может использоваться до инициализации [D:\projects\misis2023f-23-check\misis2024s-23-03-serdeshnov-v-s\build.check\prj.check\prj.check\doctest_queuelstpr\doctest_queuelstpr.vcxproj]
    12>D:\projects\misis2023f-23-check\misis2024s-23-03-serdeshnov-v-s\prj.check\prj.check\doctest_queuelstpr\doctest_queuelstpr.cpp(20,3): error C2065: st: необъявленный идентификатор [D:\projects\misis2023f-23-check\misis2024s-23-03-serdeshnov-v-s\build.check\prj.check\prj.check\doctest_queuelstpr\doctest_queuelstpr.vcxproj]
    12>D:\projects\misis2023f-23-check\misis2024s-23-03-serdeshnov-v-s\prj.check\prj.check\doctest_queuelstpr\doctest_queuelstpr.cpp(24,3): error C2065: QueueLstPr: необъявленный идентификатор [D:\projects\misis2023f-23-check\misis2024s-23-03-serdeshnov-v-s\build.check\prj.check\prj.check\doctest_queuelstpr\doctest_queuelstpr.vcxproj]
    12>D:\projects\misis2023f-23-check\misis2024s-23-03-serdeshnov-v-s\prj.check\prj.check\doctest_queuelstpr\doctest_queuelstpr.cpp(24,14): error C2146: синтаксическая ошибка: отсутствие ";" перед идентификатором "st" [D:\projects\misis2023f-23-check\misis2024s-23-03-serdeshnov-v-s\build.check\prj.check\prj.check\doctest_queuelstpr\doctest_queuelstpr.vcxproj]
    12>D:\projects\misis2023f-23-check\misis2024s-23-03-serdeshnov-v-s\prj.check\prj.check\doctest_queuelstpr\doctest_queuelstpr.cpp(24,14): error C2065: st: необъявленный идентификатор [D:\projects\misis2023f-23-check\misis2024s-23-03-serdeshnov-v-s\build.check\prj.check\prj.check\doctest_queuelstpr\doctest_queuelstpr.vcxproj]
    12>D:\projects\misis2023f-23-check\misis2024s-23-03-serdeshnov-v-s\prj.check\prj.check\doctest_queuelstpr\doctest_queuelstpr.cpp(25,3): error C2065: st: необъявленный идентификатор [D:\projects\misis2023f-23-check\misis2024s-23-03-serdeshnov-v-s\build.check\prj.check\prj.check\doctest_queuelstpr\doctest_queuelstpr.vcxproj]
    12>D:\projects\misis2023f-23-check\misis2024s-23-03-serdeshnov-v-s\prj.check\prj.check\doctest_queuelstpr\doctest_queuelstpr.cpp(26,3): error C2065: st: необъявленный идентификатор [D:\projects\misis2023f-23-check\misis2024s-23-03-serdeshnov-v-s\build.check\prj.check\prj.check\doctest_queuelstpr\doctest_queuelstpr.vcxproj]
    12>D:\projects\misis2023f-23-check\misis2024s-23-03-serdeshnov-v-s\prj.check\prj.check\doctest_queuelstpr\doctest_queuelstpr.cpp(27,3): error C2065: st: необъявленный идентификатор [D:\projects\misis2023f-23-check\misis2024s-23-03-serdeshnov-v-s\build.check\prj.check\prj.check\doctest_queuelstpr\doctest_queuelstpr.vcxproj]
    12>D:\projects\misis2023f-23-check\misis2024s-23-03-serdeshnov-v-s\prj.check\prj.check\doctest_queuelstpr\doctest_queuelstpr.cpp(31,3): error C2065: QueueLstPr: необъявленный идентификатор [D:\projects\misis2023f-23-check\misis2024s-23-03-serdeshnov-v-s\build.check\prj.check\prj.check\doctest_queuelstpr\doctest_queuelstpr.vcxproj]
    12>D:\projects\misis2023f-23-check\misis2024s-23-03-serdeshnov-v-s\prj.check\prj.check\doctest_queuelstpr\doctest_queuelstpr.cpp(31,14): error C2146: синтаксическая ошибка: отсутствие ";" перед идентификатором "st_orig" [D:\projects\misis2023f-23-check\misis2024s-23-03-serdeshnov-v-s\build.check\prj.check\prj.check\doctest_queuelstpr\doctest_queuelstpr.vcxproj]
    12>D:\projects\misis2023f-23-check\misis2024s-23-03-serdeshnov-v-s\prj.check\prj.check\doctest_queuelstpr\doctest_queuelstpr.cpp(31,14): error C2065: st_orig: необъявленный идентификатор [D:\projects\misis2023f-23-check\misis2024s-23-03-serdeshnov-v-s\build.check\prj.check\prj.check\doctest_queuelstpr\doctest_queuelstpr.vcxproj]
    12>D:\projects\misis2023f-23-check\misis2024s-23-03-serdeshnov-v-s\prj.check\prj.check\doctest_queuelstpr\doctest_queuelstpr.cpp(32,3): error C2065: st_orig: необъявленный идентификатор [D:\projects\misis2023f-23-check\misis2024s-23-03-serdeshnov-v-s\build.check\prj.check\prj.check\doctest_queuelstpr\doctest_queuelstpr.vcxproj]
    12>D:\projects\misis2023f-23-check\misis2024s-23-03-serdeshnov-v-s\prj.check\prj.check\doctest_queuelstpr\doctest_queuelstpr.cpp(33,3): error C2065: st_orig: необъявленный идентификатор [D:\projects\misis2023f-23-check\misis2024s-23-03-serdeshnov-v-s\build.check\prj.check\prj.check\doctest_queuelstpr\doctest_queuelstpr.vcxproj]
    12>D:\projects\misis2023f-23-check\misis2024s-23-03-serdeshnov-v-s\prj.check\prj.check\doctest_queuelstpr\doctest_queuelstpr.cpp(34,3): error C2065: st_orig: необъявленный идентификатор [D:\projects\misis2023f-23-check\misis2024s-23-03-serdeshnov-v-s\build.check\prj.check\prj.check\doctest_queuelstpr\doctest_queuelstpr.vcxproj]
    12>D:\projects\misis2023f-23-check\misis2024s-23-03-serdeshnov-v-s\prj.check\prj.check\doctest_queuelstpr\doctest_queuelstpr.cpp(35,3): error C2065: st_orig: необъявленный идентификатор [D:\projects\misis2023f-23-check\misis2024s-23-03-serdeshnov-v-s\build.check\prj.check\prj.check\doctest_queuelstpr\doctest_queuelstpr.vcxproj]
    12>D:\projects\misis2023f-23-check\misis2024s-23-03-serdeshnov-v-s\prj.check\prj.check\doctest_queuelstpr\doctest_queuelstpr.cpp(36,3): error C2065: QueueLstPr: необъявленный идентификатор [D:\projects\misis2023f-23-check\misis2024s-23-03-serdeshnov-v-s\build.check\prj.check\prj.check\doctest_queuelstpr\doctest_queuelstpr.vcxproj]
    12>D:\projects\misis2023f-23-check\misis2024s-23-03-serdeshnov-v-s\prj.check\prj.check\doctest_queuelstpr\doctest_queuelstpr.cpp(36,14): error C2146: синтаксическая ошибка: отсутствие ";" перед идентификатором "st_src" [D:\projects\misis2023f-23-check\misis2024s-23-03-serdeshnov-v-s\build.check\prj.check\prj.check\doctest_queuelstpr\doctest_queuelstpr.vcxproj]
    12>D:\projects\misis2023f-23-check\misis2024s-23-03-serdeshnov-v-s\prj.check\prj.check\doctest_queuelstpr\doctest_queuelstpr.cpp(36,14): error C2065: st_src: необъявленный идентификатор [D:\projects\misis2023f-23-check\misis2024s-23-03-serdeshnov-v-s\build.check\prj.check\prj.check\doctest_queuelstpr\doctest_queuelstpr.vcxproj]
    12>D:\projects\misis2023f-23-check\misis2024s-23-03-serdeshnov-v-s\prj.check\prj.check\doctest_queuelstpr\doctest_queuelstpr.cpp(38,5): error C2065: st_src: необъявленный идентификатор [D:\projects\misis2023f-23-check\misis2024s-23-03-serdeshnov-v-s\build.check\prj.check\prj.check\doctest_queuelstpr\doctest_queuelstpr.vcxproj]
    12>D:\projects\misis2023f-23-check\misis2024s-23-03-serdeshnov-v-s\prj.check\prj.check\doctest_queuelstpr\doctest_queuelstpr.cpp(40,3): error C2065: st_src: необъявленный идентификатор [D:\projects\misis2023f-23-check\misis2024s-23-03-serdeshnov-v-s\build.check\prj.check\prj.check\doctest_queuelstpr\doctest_queuelstpr.vcxproj]
    12>D:\projects\misis2023f-23-check\misis2024s-23-03-serdeshnov-v-s\prj.check\prj.check\doctest_queuelstpr\doctest_queuelstpr.cpp(41,3): error C2065: st_orig: необъявленный идентификатор [D:\projects\misis2023f-23-check\misis2024s-23-03-serdeshnov-v-s\build.check\prj.check\prj.check\doctest_queuelstpr\doctest_queuelstpr.vcxproj]
    12>D:\projects\misis2023f-23-check\misis2024s-23-03-serdeshnov-v-s\prj.check\prj.check\doctest_queuelstpr\doctest_queuelstpr.cpp(41,13): error C2065: st_src: необъявленный идентификатор [D:\projects\misis2023f-23-check\misis2024s-23-03-serdeshnov-v-s\build.check\prj.check\prj.check\doctest_queuelstpr\doctest_queuelstpr.vcxproj]
    12>D:\projects\misis2023f-23-check\misis2024s-23-03-serdeshnov-v-s\prj.check\prj.check\doctest_queuelstpr\doctest_queuelstpr.cpp(45,3): error C2065: QueueLstPr: необъявленный идентификатор [D:\projects\misis2023f-23-check\misis2024s-23-03-serdeshnov-v-s\build.check\prj.check\prj.check\doctest_queuelstpr\doctest_queuelstpr.vcxproj]
    12>D:\projects\misis2023f-23-check\misis2024s-23-03-serdeshnov-v-s\prj.check\prj.check\doctest_queuelstpr\doctest_queuelstpr.cpp(45,14): error C2146: синтаксическая ошибка: отсутствие ";" перед идентификатором "st_orig" [D:\projects\misis2023f-23-check\misis2024s-23-03-serdeshnov-v-s\build.check\prj.check\prj.check\doctest_queuelstpr\doctest_queuelstpr.vcxproj]
    12>D:\projects\misis2023f-23-check\misis2024s-23-03-serdeshnov-v-s\prj.check\prj.check\doctest_queuelstpr\doctest_queuelstpr.cpp(45,14): error C2065: st_orig: необъявленный идентификатор [D:\projects\misis2023f-23-check\misis2024s-23-03-serdeshnov-v-s\build.check\prj.check\prj.check\doctest_queuelstpr\doctest_queuelstpr.vcxproj]
    12>D:\projects\misis2023f-23-check\misis2024s-23-03-serdeshnov-v-s\prj.check\prj.check\doctest_queuelstpr\doctest_queuelstpr.cpp(46,3): error C2065: QueueLstPr: необъявленный идентификатор [D:\projects\misis2023f-23-check\misis2024s-23-03-serdeshnov-v-s\build.check\prj.check\prj.check\doctest_queuelstpr\doctest_queuelstpr.vcxproj]
    12>D:\projects\misis2023f-23-check\misis2024s-23-03-serdeshnov-v-s\prj.check\prj.check\doctest_queuelstpr\doctest_queuelstpr.cpp(46,14): error C2146: синтаксическая ошибка: отсутствие ";" перед идентификатором "st_empty" [D:\projects\misis2023f-23-check\misis2024s-23-03-serdeshnov-v-s\build.check\prj.check\prj.check\doctest_queuelstpr\doctest_queuelstpr.vcxproj]
    12>D:\projects\misis2023f-23-check\misis2024s-23-03-serdeshnov-v-s\prj.check\prj.check\doctest_queuelstpr\doctest_queuelstpr.cpp(46,23): error C2065: st_orig: необъявленный идентификатор [D:\projects\misis2023f-23-check\misis2024s-23-03-serdeshnov-v-s\build.check\prj.check\prj.check\doctest_queuelstpr\doctest_queuelstpr.vcxproj]
    12>D:\projects\misis2023f-23-check\misis2024s-23-03-serdeshnov-v-s\prj.check\prj.check\doctest_queuelstpr\doctest_queuelstpr.cpp(46,14): error C3861: st_empty: идентификатор не найден [D:\projects\misis2023f-23-check\misis2024s-23-03-serdeshnov-v-s\build.check\prj.check\prj.check\doctest_queuelstpr\doctest_queuelstpr.vcxproj]
    12>D:\projects\misis2023f-23-check\misis2024s-23-03-serdeshnov-v-s\prj.check\prj.check\doctest_queuelstpr\doctest_queuelstpr.cpp(47,3): error C2065: st_empty: необъявленный идентификатор [D:\projects\misis2023f-23-check\misis2024s-23-03-serdeshnov-v-s\build.check\prj.check\prj.check\doctest_queuelstpr\doctest_queuelstpr.vcxproj]
    12>D:\projects\misis2023f-23-check\misis2024s-23-03-serdeshnov-v-s\prj.check\prj.check\doctest_queuelstpr\doctest_queuelstpr.cpp(50,5): error C2065: st_orig: необъявленный идентификатор [D:\projects\misis2023f-23-check\misis2024s-23-03-serdeshnov-v-s\build.check\prj.check\prj.check\doctest_queuelstpr\doctest_queuelstpr.vcxproj]
    12>D:\projects\misis2023f-23-check\misis2024s-23-03-serdeshnov-v-s\prj.check\prj.check\doctest_queuelstpr\doctest_queuelstpr.cpp(51,5): error C2065: st_orig: необъявленный идентификатор [D:\projects\misis2023f-23-check\misis2024s-23-03-serdeshnov-v-s\build.check\prj.check\prj.check\doctest_queuelstpr\doctest_queuelstpr.vcxproj]
    12>D:\projects\misis2023f-23-check\misis2024s-23-03-serdeshnov-v-s\prj.check\prj.check\doctest_queuelstpr\doctest_queuelstpr.cpp(52,5): error C2065: st_orig: необъявленный идентификатор [D:\projects\misis2023f-23-check\misis2024s-23-03-serdeshnov-v-s\build.check\prj.check\prj.check\doctest_queuelstpr\doctest_queuelstpr.vcxproj]
    12>D:\projects\misis2023f-23-check\misis2024s-23-03-serdeshnov-v-s\prj.check\prj.check\doctest_queuelstpr\doctest_queuelstpr.cpp(53,5): error C2065: st_orig: необъявленный идентификатор [D:\projects\misis2023f-23-check\misis2024s-23-03-serdeshnov-v-s\build.check\prj.check\prj.check\doctest_queuelstpr\doctest_queuelstpr.vcxproj]
    12>D:\projects\misis2023f-23-check\misis2024s-23-03-serdeshnov-v-s\prj.check\prj.check\doctest_queuelstpr\doctest_queuelstpr.cpp(54,5): error C2065: QueueLstPr: необъявленный идентификатор [D:\projects\misis2023f-23-check\misis2024s-23-03-serdeshnov-v-s\build.check\prj.check\prj.check\doctest_queuelstpr\doctest_queuelstpr.vcxproj]
    12>D:\projects\misis2023f-23-check\misis2024s-23-03-serdeshnov-v-s\prj.check\prj.check\doctest_queuelstpr\doctest_queuelstpr.cpp(54,16): error C2146: синтаксическая ошибка: отсутствие ";" перед идентификатором "st_copy" [D:\projects\misis2023f-23-check\misis2024s-23-03-serdeshnov-v-s\build.check\prj.check\prj.check\doctest_queuelstpr\doctest_queuelstpr.vcxproj]
    12>D:\projects\misis2023f-23-check\misis2024s-23-03-serdeshnov-v-s\prj.check\prj.check\doctest_queuelstpr\doctest_queuelstpr.cpp(54,24): error C2065: st_orig: необъявленный идентификатор [D:\projects\misis2023f-23-check\misis2024s-23-03-serdeshnov-v-s\build.check\prj.check\prj.check\doctest_queuelstpr\doctest_queuelstpr.vcxproj]
    12>D:\projects\misis2023f-23-check\misis2024s-23-03-serdeshnov-v-s\prj.check\prj.check\doctest_queuelstpr\doctest_queuelstpr.cpp(54,16): error C3861: st_copy: идентификатор не найден [D:\projects\misis2023f-23-check\misis2024s-23-03-serdeshnov-v-s\build.check\prj.check\prj.check\doctest_queuelstpr\doctest_queuelstpr.vcxproj]
    12>D:\projects\misis2023f-23-check\misis2024s-23-03-serdeshnov-v-s\prj.check\prj.check\doctest_queuelstpr\doctest_queuelstpr.cpp(55,5): error C2065: st_copy: необъявленный идентификатор [D:\projects\misis2023f-23-check\misis2024s-23-03-serdeshnov-v-s\build.check\prj.check\prj.check\doctest_queuelstpr\doctest_queuelstpr.vcxproj]
    12>D:\projects\misis2023f-23-check\misis2024s-23-03-serdeshnov-v-s\prj.check\prj.check\doctest_queuelstpr\doctest_queuelstpr.cpp(56,5): error C2065: st_orig: необъявленный идентификатор [D:\projects\misis2023f-23-check\misis2024s-23-03-serdeshnov-v-s\build.check\prj.check\prj.check\doctest_queuelstpr\doctest_queuelstpr.vcxproj]
    12>D:\projects\misis2023f-23-check\misis2024s-23-03-serdeshnov-v-s\prj.check\prj.check\doctest_queuelstpr\doctest_queuelstpr.cpp(56,5): error C2065: st_copy: необъявленный идентификатор [D:\projects\misis2023f-23-check\misis2024s-23-03-serdeshnov-v-s\build.check\prj.check\prj.check\doctest_queuelstpr\doctest_queuelstpr.vcxproj]
    12>D:\projects\misis2023f-23-check\misis2024s-23-03-serdeshnov-v-s\prj.check\prj.check\doctest_queuelstpr\doctest_queuelstpr.cpp(56,5): error C2672: "doctest::detail::ResultBuilder::binary_assert": не найдена соответствующая перегруженная функция [D:\projects\misis2023f-23-check\misis2024s-23-03-serdeshnov-v-s\build.check\prj.check\prj.check\doctest_queuelstpr\doctest_queuelstpr.vcxproj]
    12>D:\projects\misis2023f-23-check\misis2024s-23-03-serdeshnov-v-s\prj.check\prj.check\doctest_queuelstpr\doctest_queuelstpr.cpp(57,5): error C2065: st_orig: необъявленный идентификатор [D:\projects\misis2023f-23-check\misis2024s-23-03-serdeshnov-v-s\build.check\prj.check\prj.check\doctest_queuelstpr\doctest_queuelstpr.vcxproj]
    12>D:\projects\misis2023f-23-check\misis2024s-23-03-serdeshnov-v-s\prj.check\prj.check\doctest_queuelstpr\doctest_queuelstpr.cpp(57,5): error C2065: st_copy: необъявленный идентификатор [D:\projects\misis2023f-23-check\misis2024s-23-03-serdeshnov-v-s\build.check\prj.check\prj.check\doctest_queuelstpr\doctest_queuelstpr.vcxproj]
    12>D:\projects\misis2023f-23-check\misis2024s-23-03-serdeshnov-v-s\prj.check\prj.check\doctest_queuelstpr\doctest_queuelstpr.cpp(57,5): error C2672: "doctest::detail::ResultBuilder::binary_assert": не найдена соответствующая перегруженная функция [D:\projects\misis2023f-23-check\misis2024s-23-03-serdeshnov-v-s\build.check\prj.check\prj.check\doctest_queuelstpr\doctest_queuelstpr.vcxproj]
    12>D:\projects\misis2023f-23-check\misis2024s-23-03-serdeshnov-v-s\prj.check\prj.check\doctest_queuelstpr\doctest_queuelstpr.cpp(58,5): error C2065: st_copy: необъявленный идентификатор [D:\projects\misis2023f-23-check\misis2024s-23-03-serdeshnov-v-s\build.check\prj.check\prj.check\doctest_queuelstpr\doctest_queuelstpr.vcxproj]
    12>D:\projects\misis2023f-23-check\misis2024s-23-03-serdeshnov-v-s\prj.check\prj.check\doctest_queuelstpr\doctest_queuelstpr.cpp(59,5): error C2065: st_orig: необъявленный идентификатор [D:\projects\misis2023f-23-check\misis2024s-23-03-serdeshnov-v-s\build.check\prj.check\prj.check\doctest_queuelstpr\doctest_queuelstpr.vcxproj]
    12>D:\projects\misis2023f-23-check\misis2024s-23-03-serdeshnov-v-s\prj.check\prj.check\doctest_queuelstpr\doctest_queuelstpr.cpp(59,5): error C2065: st_copy: необъявленный идентификатор [D:\projects\misis2023f-23-check\misis2024s-23-03-serdeshnov-v-s\build.check\prj.check\prj.check\doctest_queuelstpr\doctest_queuelstpr.vcxproj]
    12>D:\projects\misis2023f-23-check\misis2024s-23-03-serdeshnov-v-s\prj.check\prj.check\doctest_queuelstpr\doctest_queuelstpr.cpp(59,5): error C2672: "doctest::detail::ResultBuilder::binary_assert": не найдена соответствующая перегруженная функция [D:\projects\misis2023f-23-check\misis2024s-23-03-serdeshnov-v-s\build.check\prj.check\prj.check\doctest_queuelstpr\doctest_queuelstpr.vcxproj]
    12>D:\projects\misis2023f-23-check\misis2024s-23-03-serdeshnov-v-s\prj.check\prj.check\doctest_queuelstpr\doctest_queuelstpr.cpp(60,5): error C2065: st_orig: необъявленный идентификатор [D:\projects\misis2023f-23-check\misis2024s-23-03-serdeshnov-v-s\build.check\prj.check\prj.check\doctest_queuelstpr\doctest_queuelstpr.vcxproj]
    12>D:\projects\misis2023f-23-check\misis2024s-23-03-serdeshnov-v-s\prj.check\prj.check\doctest_queuelstpr\doctest_queuelstpr.cpp(60,5): error C2065: st_copy: необъявленный идентификатор [D:\projects\misis2023f-23-check\misis2024s-23-03-serdeshnov-v-s\build.check\prj.check\prj.check\doctest_queuelstpr\doctest_queuelstpr.vcxproj]
    12>D:\projects\misis2023f-23-check\misis2024s-23-03-serdeshnov-v-s\prj.check\prj.check\doctest_queuelstpr\doctest_queuelstpr.cpp(60,5): error C2672: "doctest::detail::ResultBuilder::binary_assert": не найдена соответствующая перегруженная функция [D:\projects\misis2023f-23-check\misis2024s-23-03-serdeshnov-v-s\build.check\prj.check\prj.check\doctest_queuelstpr\doctest_queuelstpr.vcxproj]
    12>D:\projects\misis2023f-23-check\misis2024s-23-03-serdeshnov-v-s\prj.check\prj.check\doctest_queuelstpr\doctest_queuelstpr.cpp(61,13): error C2065: st_orig: необъявленный идентификатор [D:\projects\misis2023f-23-check\misis2024s-23-03-serdeshnov-v-s\build.check\prj.check\prj.check\doctest_queuelstpr\doctest_queuelstpr.vcxproj]
    12>D:\projects\misis2023f-23-check\misis2024s-23-03-serdeshnov-v-s\prj.check\prj.check\doctest_queuelstpr\doctest_queuelstpr.cpp(62,7): error C2065: st_orig: необъявленный идентификатор [D:\projects\misis2023f-23-check\misis2024s-23-03-serdeshnov-v-s\build.check\prj.check\prj.check\doctest_queuelstpr\doctest_queuelstpr.vcxproj]
    12>D:\projects\misis2023f-23-check\misis2024s-23-03-serdeshnov-v-s\prj.check\prj.check\doctest_queuelstpr\doctest_queuelstpr.cpp(63,12): error C2065: st_orig: необъявленный идентификатор [D:\projects\misis2023f-23-check\misis2024s-23-03-serdeshnov-v-s\build.check\prj.check\prj.check\doctest_queuelstpr\doctest_queuelstpr.vcxproj]
    12>D:\projects\misis2023f-23-check\misis2024s-23-03-serdeshnov-v-s\prj.check\prj.check\doctest_queuelstpr\doctest_queuelstpr.cpp(64,9): error C2065: st_orig: необъявленный идентификатор [D:\projects\misis2023f-23-check\misis2024s-23-03-serdeshnov-v-s\build.check\prj.check\prj.check\doctest_queuelstpr\doctest_queuelstpr.vcxproj]
    12>D:\projects\misis2023f-23-check\misis2024s-23-03-serdeshnov-v-s\prj.check\prj.check\doctest_queuelstpr\doctest_queuelstpr.cpp(64,9): error C2065: st_copy: необъявленный идентификатор [D:\projects\misis2023f-23-check\misis2024s-23-03-serdeshnov-v-s\build.check\prj.check\prj.check\doctest_queuelstpr\doctest_queuelstpr.vcxproj]
    12>D:\projects\misis2023f-23-check\misis2024s-23-03-serdeshnov-v-s\prj.check\prj.check\doctest_queuelstpr\doctest_queuelstpr.cpp(64,9): error C2672: "doctest::detail::ResultBuilder::binary_assert": не найдена соответствующая перегруженная функция [D:\projects\misis2023f-23-check\misis2024s-23-03-serdeshnov-v-s\build.check\prj.check\prj.check\doctest_queuelstpr\doctest_queuelstpr.vcxproj]
    12>D:\projects\misis2023f-23-check\misis2024s-23-03-serdeshnov-v-s\prj.check\prj.check\doctest_queuelstpr\doctest_queuelstpr.cpp(66,7): error C2065: st_copy: необъявленный идентификатор [D:\projects\misis2023f-23-check\misis2024s-23-03-serdeshnov-v-s\build.check\prj.check\prj.check\doctest_queuelstpr\doctest_queuelstpr.vcxproj]
    12>D:\projects\misis2023f-23-check\misis2024s-23-03-serdeshnov-v-s\prj.check\prj.check\doctest_queuelstpr\doctest_queuelstpr.cpp(67,12): error C2065: st_copy: необъявленный идентификатор [D:\projects\misis2023f-23-check\misis2024s-23-03-serdeshnov-v-s\build.check\prj.check\prj.check\doctest_queuelstpr\doctest_queuelstpr.vcxproj]
    12>D:\projects\misis2023f-23-check\misis2024s-23-03-serdeshnov-v-s\prj.check\prj.check\doctest_queuelstpr\doctest_queuelstpr.cpp(68,9): error C2065: st_orig: необъявленный идентификатор [D:\projects\misis2023f-23-check\misis2024s-23-03-serdeshnov-v-s\build.check\prj.check\prj.check\doctest_queuelstpr\doctest_queuelstpr.vcxproj]
    12>D:\projects\misis2023f-23-check\misis2024s-23-03-serdeshnov-v-s\prj.check\prj.check\doctest_queuelstpr\doctest_queuelstpr.cpp(68,9): error C2065: st_copy: необъявленный идентификатор [D:\projects\misis2023f-23-check\misis2024s-23-03-serdeshnov-v-s\build.check\prj.check\prj.check\doctest_queuelstpr\doctest_queuelstpr.vcxproj]
    12>D:\projects\misis2023f-23-check\misis2024s-23-03-serdeshnov-v-s\prj.check\prj.check\doctest_queuelstpr\doctest_queuelstpr.cpp(68,9): error C2672: "doctest::detail::ResultBuilder::binary_assert": не найдена соответствующая перегруженная функция [D:\projects\misis2023f-23-check\misis2024s-23-03-serdeshnov-v-s\build.check\prj.check\prj.check\doctest_queuelstpr\doctest_queuelstpr.vcxproj]
    12>D:\projects\misis2023f-23-check\misis2024s-23-03-serdeshnov-v-s\prj.check\prj.check\doctest_queuelstpr\doctest_queuelstpr.cpp(74,5): error C2065: st_orig: необъявленный идентификатор [D:\projects\misis2023f-23-check\misis2024s-23-03-serdeshnov-v-s\build.check\prj.check\prj.check\doctest_queuelstpr\doctest_queuelstpr.vcxproj]
    12>D:\projects\misis2023f-23-check\misis2024s-23-03-serdeshnov-v-s\prj.check\prj.check\doctest_queuelstpr\doctest_queuelstpr.cpp(76,3): error C2065: st_orig: необъявленный идентификатор [D:\projects\misis2023f-23-check\misis2024s-23-03-serdeshnov-v-s\build.check\prj.check\prj.check\doctest_queuelstpr\doctest_queuelstpr.vcxproj]
    12>D:\projects\misis2023f-23-check\misis2024s-23-03-serdeshnov-v-s\prj.check\prj.check\doctest_queuelstpr\doctest_queuelstpr.cpp(77,3): error C2065: QueueLstPr: необъявленный идентификатор [D:\projects\misis2023f-23-check\misis2024s-23-03-serdeshnov-v-s\build.check\prj.check\prj.check\doctest_queuelstpr\doctest_queuelstpr.vcxproj]
    12>D:\projects\misis2023f-23-check\misis2024s-23-03-serdeshnov-v-s\prj.check\prj.check\doctest_queuelstpr\doctest_queuelstpr.cpp(77,14): error C2146: синтаксическая ошибка: отсутствие ";" перед идентификатором "st_copy" [D:\projects\misis2023f-23-check\misis2024s-23-03-serdeshnov-v-s\build.check\prj.check\prj.check\doctest_queuelstpr\doctest_queuelstpr.vcxproj]
    12>D:\projects\misis2023f-23-check\misis2024s-23-03-serdeshnov-v-s\prj.check\prj.check\doctest_queuelstpr\doctest_queuelstpr.cpp(77,22): error C2065: st_orig: необъявленный идентификатор [D:\projects\misis2023f-23-check\misis2024s-23-03-serdeshnov-v-s\build.check\prj.check\prj.check\doctest_queuelstpr\doctest_queuelstpr.vcxproj]
    12>D:\projects\misis2023f-23-check\misis2024s-23-03-serdeshnov-v-s\prj.check\prj.check\doctest_queuelstpr\doctest_queuelstpr.cpp(77,14): error C3861: st_copy: идентификатор не найден [D:\projects\misis2023f-23-check\misis2024s-23-03-serdeshnov-v-s\build.check\prj.check\prj.check\doctest_queuelstpr\doctest_queuelstpr.vcxproj]
    12>D:\projects\misis2023f-23-check\misis2024s-23-03-serdeshnov-v-s\prj.check\prj.check\doctest_queuelstpr\doctest_queuelstpr.cpp(78,3): error C2065: st_copy: необъявленный идентификатор [D:\projects\misis2023f-23-check\misis2024s-23-03-serdeshnov-v-s\build.check\prj.check\prj.check\doctest_queuelstpr\doctest_queuelstpr.vcxproj]
    12>D:\projects\misis2023f-23-check\misis2024s-23-03-serdeshnov-v-s\prj.check\prj.check\doctest_queuelstpr\doctest_queuelstpr.cpp(79,3): error C2065: st_orig: необъявленный идентификатор [D:\projects\misis2023f-23-check\misis2024s-23-03-serdeshnov-v-s\build.check\prj.check\prj.check\doctest_queuelstpr\doctest_queuelstpr.vcxproj]
    12>D:\projects\misis2023f-23-check\misis2024s-23-03-serdeshnov-v-s\prj.check\prj.check\doctest_queuelstpr\doctest_queuelstpr.cpp(79,3): error C2065: st_copy: необъявленный идентификатор [D:\projects\misis2023f-23-check\misis2024s-23-03-serdeshnov-v-s\build.check\prj.check\prj.check\doctest_queuelstpr\doctest_queuelstpr.vcxproj]
    12>D:\projects\misis2023f-23-check\misis2024s-23-03-serdeshnov-v-s\prj.check\prj.check\doctest_queuelstpr\doctest_queuelstpr.cpp(79,3): error C2672: "doctest::detail::ResultBuilder::binary_assert": не найдена соответствующая перегруженная функция [D:\projects\misis2023f-23-check\misis2024s-23-03-serdeshnov-v-s\build.check\prj.check\prj.check\doctest_queuelstpr\doctest_queuelstpr.vcxproj]
    12>D:\projects\misis2023f-23-check\misis2024s-23-03-serdeshnov-v-s\prj.check\prj.check\doctest_queuelstpr\doctest_queuelstpr.cpp(80,3): error C2065: st_orig: необъявленный идентификатор [D:\projects\misis2023f-23-check\misis2024s-23-03-serdeshnov-v-s\build.check\prj.check\prj.check\doctest_queuelstpr\doctest_queuelstpr.vcxproj]
    12>D:\projects\misis2023f-23-check\misis2024s-23-03-serdeshnov-v-s\prj.check\prj.check\doctest_queuelstpr\doctest_queuelstpr.cpp(80,3): error C2065: st_copy: необъявленный идентификатор [D:\projects\misis2023f-23-check\misis2024s-23-03-serdeshnov-v-s\build.check\prj.check\prj.check\doctest_queuelstpr\doctest_queuelstpr.vcxproj]
    12>D:\projects\misis2023f-23-check\misis2024s-23-03-serdeshnov-v-s\prj.check\prj.check\doctest_queuelstpr\doctest_queuelstpr.cpp(80,3): error C2672: "doctest::detail::ResultBuilder::binary_assert": не найдена соответствующая перегруженная функция [D:\projects\misis2023f-23-check\misis2024s-23-03-serdeshnov-v-s\build.check\prj.check\prj.check\doctest_queuelstpr\doctest_queuelstpr.vcxproj]
    12>D:\projects\misis2023f-23-check\misis2024s-23-03-serdeshnov-v-s\prj.check\prj.check\doctest_queuelstpr\doctest_queuelstpr.cpp(81,3): error C2065: st_copy: необъявленный идентификатор [D:\projects\misis2023f-23-check\misis2024s-23-03-serdeshnov-v-s\build.check\prj.check\prj.check\doctest_queuelstpr\doctest_queuelstpr.vcxproj]
    12>D:\projects\misis2023f-23-check\misis2024s-23-03-serdeshnov-v-s\prj.check\prj.check\doctest_queuelstpr\doctest_queuelstpr.cpp(82,3): error C2065: st_orig: необъявленный идентификатор [D:\projects\misis2023f-23-check\misis2024s-23-03-serdeshnov-v-s\build.check\prj.check\prj.check\doctest_queuelstpr\doctest_queuelstpr.vcxproj]
    12>D:\projects\misis2023f-23-check\misis2024s-23-03-serdeshnov-v-s\prj.check\prj.check\doctest_queuelstpr\doctest_queuelstpr.cpp(82,3): error C2065: st_copy: необъявленный идентификатор [D:\projects\misis2023f-23-check\misis2024s-23-03-serdeshnov-v-s\build.check\prj.check\prj.check\doctest_queuelstpr\doctest_queuelstpr.vcxproj]
    12>D:\projects\misis2023f-23-check\misis2024s-23-03-serdeshnov-v-s\prj.check\prj.check\doctest_queuelstpr\doctest_queuelstpr.cpp(82,3): error C2672: "doctest::detail::ResultBuilder::binary_assert": не найдена соответствующая перегруженная функция [D:\projects\misis2023f-23-check\misis2024s-23-03-serdeshnov-v-s\build.check\prj.check\prj.check\doctest_queuelstpr\doctest_queuelstpr.vcxproj]
    12>D:\projects\misis2023f-23-check\misis2024s-23-03-serdeshnov-v-s\prj.check\prj.check\doctest_queuelstpr\doctest_queuelstpr.cpp(83,3): error C2065: st_orig: необъявленный идентификатор [D:\projects\misis2023f-23-check\misis2024s-23-03-serdeshnov-v-s\build.check\prj.check\prj.check\doctest_queuelstpr\doctest_queuelstpr.vcxproj]
    12>D:\projects\misis2023f-23-check\misis2024s-23-03-serdeshnov-v-s\prj.check\prj.check\doctest_queuelstpr\doctest_queuelstpr.cpp(83,3): error C2065: st_copy: необъявленный идентификатор [D:\projects\misis2023f-23-check\misis2024s-23-03-serdeshnov-v-s\build.check\prj.check\prj.check\doctest_queuelstpr\doctest_queuelstpr.vcxproj]
    12>D:\projects\misis2023f-23-check\misis2024s-23-03-serdeshnov-v-s\prj.check\prj.check\doctest_queuelstpr\doctest_queuelstpr.cpp(83,3): error C2672: "doctest::detail::ResultBuilder::binary_assert": не найдена соответствующая перегруженная функция [D:\projects\misis2023f-23-check\misis2024s-23-03-serdeshnov-v-s\build.check\prj.check\prj.check\doctest_queuelstpr\doctest_queuelstpr.vcxproj]
    12>D:\projects\misis2023f-23-check\misis2024s-23-03-serdeshnov-v-s\prj.check\prj.check\doctest_queuelstpr\doctest_queuelstpr.cpp(84,11): error C2065: st_orig: необъявленный идентификатор [D:\projects\misis2023f-23-check\misis2024s-23-03-serdeshnov-v-s\build.check\prj.check\prj.check\doctest_queuelstpr\doctest_queuelstpr.vcxproj]
    12>D:\projects\misis2023f-23-check\misis2024s-23-03-serdeshnov-v-s\prj.check\prj.check\doctest_queuelstpr\doctest_queuelstpr.cpp(85,5): error C2065: st_orig: необъявленный идентификатор [D:\projects\misis2023f-23-check\misis2024s-23-03-serdeshnov-v-s\build.check\prj.check\prj.check\doctest_queuelstpr\doctest_queuelstpr.vcxproj]
    12>D:\projects\misis2023f-23-check\misis2024s-23-03-serdeshnov-v-s\prj.check\prj.check\doctest_queuelstpr\doctest_queuelstpr.cpp(86,10): error C2065: st_orig: необъявленный идентификатор [D:\projects\misis2023f-23-check\misis2024s-23-03-serdeshnov-v-s\build.check\prj.check\prj.check\doctest_queuelstpr\doctest_queuelstpr.vcxproj]
    12>D:\projects\misis2023f-23-check\misis2024s-23-03-serdeshnov-v-s\prj.check\prj.check\doctest_queuelstpr\doctest_queuelstpr.cpp(87,7): error C2065: st_orig: необъявленный идентификатор [D:\projects\misis2023f-23-check\misis2024s-23-03-serdeshnov-v-s\build.check\prj.check\prj.check\doctest_queuelstpr\doctest_queuelstpr.vcxproj]
    12>D:\projects\misis2023f-23-check\misis2024s-23-03-serdeshnov-v-s\prj.check\prj.check\doctest_queuelstpr\doctest_queuelstpr.cpp(87,7): error C2065: st_copy: необъявленный идентификатор [D:\projects\misis2023f-23-check\misis2024s-23-03-serdeshnov-v-s\build.check\prj.check\prj.check\doctest_queuelstpr\doctest_queuelstpr.vcxproj]
    12>D:\projects\misis2023f-23-check\misis2024s-23-03-serdeshnov-v-s\prj.check\prj.check\doctest_queuelstpr\doctest_queuelstpr.cpp(87,7): error C2672: "doctest::detail::ResultBuilder::binary_assert": не найдена соответствующая перегруженная функция [D:\projects\misis2023f-23-check\misis2024s-23-03-serdeshnov-v-s\build.check\prj.check\prj.check\doctest_queuelstpr\doctest_queuelstpr.vcxproj]
    12>D:\projects\misis2023f-23-check\misis2024s-23-03-serdeshnov-v-s\prj.check\prj.check\doctest_queuelstpr\doctest_queuelstpr.cpp(89,5): error C2065: st_copy: необъявленный идентификатор [D:\projects\misis2023f-23-check\misis2024s-23-03-serdeshnov-v-s\build.check\prj.check\prj.check\doctest_queuelstpr\doctest_queuelstpr.vcxproj]
    12>D:\projects\misis2023f-23-check\misis2024s-23-03-serdeshnov-v-s\prj.check\prj.check\doctest_queuelstpr\doctest_queuelstpr.cpp(90,10): error C2065: st_copy: необъявленный идентификатор [D:\projects\misis2023f-23-check\misis2024s-23-03-serdeshnov-v-s\build.check\prj.check\prj.check\doctest_queuelstpr\doctest_queuelstpr.vcxproj]
    12>D:\projects\misis2023f-23-check\misis2024s-23-03-serdeshnov-v-s\prj.check\prj.check\doctest_queuelstpr\doctest_queuelstpr.cpp(90,10): error C1003: число ошибок превышает 100; остановка компиляции [D:\projects\misis2023f-23-check\misis2024s-23-03-serdeshnov-v-s\build.check\prj.check\prj.check\doctest_queuelstpr\doctest_queuelstpr.vcxproj]
    40>D:\projects\misis2023f-23-check\misis2024s-23-03-serdeshnov-v-s\prj.test\test_rational.cpp(21,22): error C2676: бинарный "+": "Rational" не определяет этот оператор или преобразование к типу приемлемо к встроенному оператору [D:\projects\misis2023f-23-check\misis2024s-23-03-serdeshnov-v-s\build.check\prj.test\test_rational.vcxproj]
    40>D:\projects\misis2023f-23-check\misis2024s-23-03-serdeshnov-v-s\prj.test\test_rational.cpp(26,15): error C2676: бинарный "+": "Rational" не определяет этот оператор или преобразование к типу приемлемо к встроенному оператору [D:\projects\misis2023f-23-check\misis2024s-23-03-serdeshnov-v-s\build.check\prj.test\test_rational.vcxproj]
    40>D:\projects\misis2023f-23-check\misis2024s-23-03-serdeshnov-v-s\prj.test\test_rational.cpp(32,22): error C2676: бинарный "-": "Rational" не определяет этот оператор или преобразование к типу приемлемо к встроенному оператору [D:\projects\misis2023f-23-check\misis2024s-23-03-serdeshnov-v-s\build.check\prj.test\test_rational.vcxproj]
    40>D:\projects\misis2023f-23-check\misis2024s-23-03-serdeshnov-v-s\prj.test\test_rational.cpp(37,15): error C2676: бинарный "-": "Rational" не определяет этот оператор или преобразование к типу приемлемо к встроенному оператору [D:\projects\misis2023f-23-check\misis2024s-23-03-serdeshnov-v-s\build.check\prj.test\test_rational.vcxproj]
    40>D:\projects\misis2023f-23-check\misis2024s-23-03-serdeshnov-v-s\prj.test\test_rational.cpp(43,23): error C2676: бинарный "*": "Rational" не определяет этот оператор или преобразование к типу приемлемо к встроенному оператору [D:\projects\misis2023f-23-check\misis2024s-23-03-serdeshnov-v-s\build.check\prj.test\test_rational.vcxproj]
    40>D:\projects\misis2023f-23-check\misis2024s-23-03-serdeshnov-v-s\prj.test\test_rational.cpp(48,17): error C2676: бинарный "*": "Rational" не определяет этот оператор или преобразование к типу приемлемо к встроенному оператору [D:\projects\misis2023f-23-check\misis2024s-23-03-serdeshnov-v-s\build.check\prj.test\test_rational.vcxproj]
    40>D:\projects\misis2023f-23-check\misis2024s-23-03-serdeshnov-v-s\prj.test\test_rational.cpp(54,21): error C2676: бинарный "/": "Rational" не определяет этот оператор или преобразование к типу приемлемо к встроенному оператору [D:\projects\misis2023f-23-check\misis2024s-23-03-serdeshnov-v-s\build.check\prj.test\test_rational.vcxproj]
    40>D:\projects\misis2023f-23-check\misis2024s-23-03-serdeshnov-v-s\prj.test\test_rational.cpp(59,15): error C2676: бинарный "/": "Rational" не определяет этот оператор или преобразование к типу приемлемо к встроенному оператору [D:\projects\misis2023f-23-check\misis2024s-23-03-serdeshnov-v-s\build.check\prj.test\test_rational.vcxproj]
    40>D:\projects\misis2023f-23-check\misis2024s-23-03-serdeshnov-v-s\prj.test\test_rational.cpp(67,5): error C2676: бинарный "/": "Rational" не определяет этот оператор или преобразование к типу приемлемо к встроенному оператору [D:\projects\misis2023f-23-check\misis2024s-23-03-serdeshnov-v-s\build.check\prj.test\test_rational.vcxproj]
    40>D:\projects\misis2023f-23-check\misis2024s-23-03-serdeshnov-v-s\prj.test\test_rational.cpp(99,5): error C2679: бинарный "<<": не найден оператор, принимающий правый операнд типа "Rational" (или приемлемое преобразование отсутствует) [D:\projects\misis2023f-23-check\misis2024s-23-03-serdeshnov-v-s\build.check\prj.test\test_rational.vcxproj]
    40>D:\projects\misis2023f-23-check\misis2024s-23-03-serdeshnov-v-s\prj.test\test_rational.cpp(103,5): error C2679: бинарный "<<": не найден оператор, принимающий правый операнд типа "Rational" (или приемлемое преобразование отсутствует) [D:\projects\misis2023f-23-check\misis2024s-23-03-serdeshnov-v-s\build.check\prj.test\test_rational.vcxproj]
    19>D:\projects\misis2023f-23-check\misis2024s-23-03-serdeshnov-v-s\prj.check\prj.check\doctest_rational\doctest_rational.cpp(29,3): error C2675: унарный "-": "Rational" не определяет этот оператор или преобразование к типу приемлемо к встроенному оператору [D:\projects\misis2023f-23-check\misis2024s-23-03-serdeshnov-v-s\build.check\prj.check\prj.check\doctest_rational\doctest_rational.vcxproj]
    19>D:\projects\misis2023f-23-check\misis2024s-23-03-serdeshnov-v-s\prj.check\prj.check\doctest_rational\doctest_rational.cpp(29,3): error C2088: встроенный оператор "-" не может быть применен к операнду типа "Rational" [D:\projects\misis2023f-23-check\misis2024s-23-03-serdeshnov-v-s\build.check\prj.check\prj.check\doctest_rational\doctest_rational.vcxproj]
    18>D:\projects\misis2023f-23-check\misis2024s-23-03-serdeshnov-v-s\prj.check\prj.check\doctest_queuelstpr\doctest_queuelstpr_moveable.cpp(8,1): error C2065: QueueLstPr: необъявленный идентификатор [D:\projects\misis2023f-23-check\misis2024s-23-03-serdeshnov-v-s\build.check\prj.check\prj.check\doctest_queuelstpr\doctest_queuelstpr_m.vcxproj]
    18>D:\projects\misis2023f-23-check\misis2024s-23-03-serdeshnov-v-s\prj.check\prj.check\doctest_queuelstpr\doctest_queuelstpr_moveable.cpp(8,1): error C3544: "_Types": пакет параметров ожидает аргумент шаблона типа [D:\projects\misis2023f-23-check\misis2024s-23-03-serdeshnov-v-s\build.check\prj.check\prj.check\doctest_queuelstpr\doctest_queuelstpr_m.vcxproj]
    18>D:\projects\misis2023f-23-check\misis2024s-23-03-serdeshnov-v-s\prj.check\prj.check\doctest_queuelstpr\doctest_queuelstpr_moveable.cpp(8,1): error C3203: "tuple": неспециализированный класс шаблон нельзя использовать в качестве аргумента шаблон для параметра шаблон "Tuple", требуется действительный тип [D:\projects\misis2023f-23-check\misis2024s-23-03-serdeshnov-v-s\build.check\prj.check\prj.check\doctest_queuelstpr\doctest_queuelstpr_m.vcxproj]
    18>D:\projects\misis2023f-23-check\misis2024s-23-03-serdeshnov-v-s\prj.check\prj.check\doctest_queuelstpr\doctest_queuelstpr_moveable.cpp(8,1): error C2027: использование неопределенного типа "`anonymous-namespace'::test_movableITERATOR<int>" [D:\projects\misis2023f-23-check\misis2024s-23-03-serdeshnov-v-s\build.check\prj.check\prj.check\doctest_queuelstpr\doctest_queuelstpr_m.vcxproj]
    19>D:\projects\misis2023f-23-check\misis2024s-23-03-serdeshnov-v-s\prj.check\prj.check\doctest_rational\doctest_rational.cpp(29,3): error C2672: "doctest::detail::ResultBuilder::binary_assert": не найдена соответствующая перегруженная функция [D:\projects\misis2023f-23-check\misis2024s-23-03-serdeshnov-v-s\build.check\prj.check\prj.check\doctest_rational\doctest_rational.vcxproj]
    18>D:\projects\misis2023f-23-check\misis2024s-23-03-serdeshnov-v-s\prj.check\prj.check\doctest_queuelstpr\doctest_queuelstpr_moveable.cpp(8,1): error C2672: "doctest::detail::instantiationHelper": не найдена соответствующая перегруженная функция [D:\projects\misis2023f-23-check\misis2024s-23-03-serdeshnov-v-s\build.check\prj.check\prj.check\doctest_queuelstpr\doctest_queuelstpr_m.vcxproj]
     7>D:\projects\misis2023f-23-check\misis2024s-23-03-serdeshnov-v-s\prj.check\prj.check\doctest_dynarr\doctest_dynarr_moveable.cpp(8,1): error C2065: DynArr: необъявленный идентификатор [D:\projects\misis2023f-23-check\misis2024s-23-03-serdeshnov-v-s\build.check\prj.check\prj.check\doctest_dynarr\doctest_dynarr_m.vcxproj]
    18>D:\projects\misis2023f-23-check\misis2024s-23-03-serdeshnov-v-s\prj.check\prj.check\doctest_queuelstpr\doctest_queuelstpr_moveable.cpp(8,1): error C2660: doctest::detail::consume: функция не принимает 1 аргументов [D:\projects\misis2023f-23-check\misis2024s-23-03-serdeshnov-v-s\build.check\prj.check\prj.check\doctest_queuelstpr\doctest_queuelstpr_m.vcxproj]
    18>D:\projects\misis2023f-23-check\misis2024s-23-03-serdeshnov-v-s\prj.check\prj.check\doctest_queuelstpr\doctest_queuelstpr_moveable.cpp(13,3): error C2065: QueueLstPr: необъявленный идентификатор [D:\projects\misis2023f-23-check\misis2024s-23-03-serdeshnov-v-s\build.check\prj.check\prj.check\doctest_queuelstpr\doctest_queuelstpr_m.vcxproj]
    18>D:\projects\misis2023f-23-check\misis2024s-23-03-serdeshnov-v-s\prj.check\prj.check\doctest_queuelstpr\doctest_queuelstpr_moveable.cpp(13,14): error C2146: синтаксическая ошибка: отсутствие ";" перед идентификатором "qu0" [D:\projects\misis2023f-23-check\misis2024s-23-03-serdeshnov-v-s\build.check\prj.check\prj.check\doctest_queuelstpr\doctest_queuelstpr_m.vcxproj]
    18>D:\projects\misis2023f-23-check\misis2024s-23-03-serdeshnov-v-s\prj.check\prj.check\doctest_queuelstpr\doctest_queuelstpr_moveable.cpp(13,14): error C2065: qu0: необъявленный идентификатор [D:\projects\misis2023f-23-check\misis2024s-23-03-serdeshnov-v-s\build.check\prj.check\prj.check\doctest_queuelstpr\doctest_queuelstpr_m.vcxproj]
     9>D:\projects\misis2023f-23-check\misis2024s-23-03-serdeshnov-v-s\prj.check\prj.check\doctest_dynarr\doctest_dynarr.cpp(16,3): error C3861: DynArr: идентификатор не найден [D:\projects\misis2023f-23-check\misis2024s-23-03-serdeshnov-v-s\build.check\prj.check\prj.check\doctest_dynarr\doctest_dynarr.vcxproj]
    18>D:\projects\misis2023f-23-check\misis2024s-23-03-serdeshnov-v-s\prj.check\prj.check\doctest_queuelstpr\doctest_queuelstpr_moveable.cpp(14,3): error C2065: qu0: необъявленный идентификатор [D:\projects\misis2023f-23-check\misis2024s-23-03-serdeshnov-v-s\build.check\prj.check\prj.check\doctest_queuelstpr\doctest_queuelstpr_m.vcxproj]
     7>D:\projects\misis2023f-23-check\misis2024s-23-03-serdeshnov-v-s\prj.check\prj.check\doctest_dynarr\doctest_dynarr_moveable.cpp(8,1): error C3544: "_Types": пакет параметров ожидает аргумент шаблона типа [D:\projects\misis2023f-23-check\misis2024s-23-03-serdeshnov-v-s\build.check\prj.check\prj.check\doctest_dynarr\doctest_dynarr_m.vcxproj]
     9>D:\projects\misis2023f-23-check\misis2024s-23-03-serdeshnov-v-s\prj.check\prj.check\doctest_dynarr\doctest_dynarr.cpp(17,3): error C3861: DynArr: идентификатор не найден [D:\projects\misis2023f-23-check\misis2024s-23-03-serdeshnov-v-s\build.check\prj.check\prj.check\doctest_dynarr\doctest_dynarr.vcxproj]
    18>D:\projects\misis2023f-23-check\misis2024s-23-03-serdeshnov-v-s\prj.check\prj.check\doctest_queuelstpr\doctest_queuelstpr_moveable.cpp(15,3): error C2065: QueueLstPr: необъявленный идентификатор [D:\projects\misis2023f-23-check\misis2024s-23-03-serdeshnov-v-s\build.check\prj.check\prj.check\doctest_queuelstpr\doctest_queuelstpr_m.vcxproj]
     9>D:\projects\misis2023f-23-check\misis2024s-23-03-serdeshnov-v-s\prj.check\prj.check\doctest_dynarr\doctest_dynarr.cpp(24,3): error C2065: DynArr: необъявленный идентификатор [D:\projects\misis2023f-23-check\misis2024s-23-03-serdeshnov-v-s\build.check\prj.check\prj.check\doctest_dynarr\doctest_dynarr.vcxproj]
    19>D:\projects\misis2023f-23-check\misis2024s-23-03-serdeshnov-v-s\prj.check\prj.check\doctest_rational\doctest_rational.cpp(30,3): error C2675: унарный "-": "Rational" не определяет этот оператор или преобразование к типу приемлемо к встроенному оператору [D:\projects\misis2023f-23-check\misis2024s-23-03-serdeshnov-v-s\build.check\prj.check\prj.check\doctest_rational\doctest_rational.vcxproj]
    18>D:\projects\misis2023f-23-check\misis2024s-23-03-serdeshnov-v-s\prj.check\prj.check\doctest_queuelstpr\doctest_queuelstpr_moveable.cpp(15,14): error C2146: синтаксическая ошибка: отсутствие ";" перед идентификатором "qu" [D:\projects\misis2023f-23-check\misis2024s-23-03-serdeshnov-v-s\build.check\prj.check\prj.check\doctest_queuelstpr\doctest_queuelstpr_m.vcxproj]
    19>D:\projects\misis2023f-23-check\misis2024s-23-03-serdeshnov-v-s\prj.check\prj.check\doctest_rational\doctest_rational.cpp(30,3): error C2088: встроенный оператор "-" не может быть применен к операнду типа "Rational" [D:\projects\misis2023f-23-check\misis2024s-23-03-serdeshnov-v-s\build.check\prj.check\prj.check\doctest_rational\doctest_rational.vcxproj]
    19>D:\projects\misis2023f-23-check\misis2024s-23-03-serdeshnov-v-s\prj.check\prj.check\doctest_rational\doctest_rational.cpp(30,3): error C2672: "doctest::detail::ResultBuilder::binary_assert": не найдена соответствующая перегруженная функция [D:\projects\misis2023f-23-check\misis2024s-23-03-serdeshnov-v-s\build.check\prj.check\prj.check\doctest_rational\doctest_rational.vcxproj]
     9>D:\projects\misis2023f-23-check\misis2024s-23-03-serdeshnov-v-s\prj.check\prj.check\doctest_dynarr\doctest_dynarr.cpp(24,10): error C2146: синтаксическая ошибка: отсутствие ";" перед идентификатором "ar" [D:\projects\misis2023f-23-check\misis2024s-23-03-serdeshnov-v-s\build.check\prj.check\prj.check\doctest_dynarr\doctest_dynarr.vcxproj]
    19>D:\projects\misis2023f-23-check\misis2024s-23-03-serdeshnov-v-s\prj.check\prj.check\doctest_rational\doctest_rational.cpp(31,3): error C2675: унарный "-": "Rational" не определяет этот оператор или преобразование к типу приемлемо к встроенному оператору [D:\projects\misis2023f-23-check\misis2024s-23-03-serdeshnov-v-s\build.check\prj.check\prj.check\doctest_rational\doctest_rational.vcxproj]
    19>D:\projects\misis2023f-23-check\misis2024s-23-03-serdeshnov-v-s\prj.check\prj.check\doctest_rational\doctest_rational.cpp(31,3): error C2088: встроенный оператор "-" не может быть применен к операнду типа "Rational" [D:\projects\misis2023f-23-check\misis2024s-23-03-serdeshnov-v-s\build.check\prj.check\prj.check\doctest_rational\doctest_rational.vcxproj]
    19>D:\projects\misis2023f-23-check\misis2024s-23-03-serdeshnov-v-s\prj.check\prj.check\doctest_rational\doctest_rational.cpp(31,3): error C2672: "doctest::detail::ResultBuilder::binary_assert": не найдена соответствующая перегруженная функция [D:\projects\misis2023f-23-check\misis2024s-23-03-serdeshnov-v-s\build.check\prj.check\prj.check\doctest_rational\doctest_rational.vcxproj]
    19>D:\projects\misis2023f-23-check\misis2024s-23-03-serdeshnov-v-s\prj.check\prj.check\doctest_rational\doctest_rational.cpp(42,3): error C2676: бинарный "+": "Rational" не определяет этот оператор или преобразование к типу приемлемо к встроенному оператору [D:\projects\misis2023f-23-check\misis2024s-23-03-serdeshnov-v-s\build.check\prj.check\prj.check\doctest_rational\doctest_rational.vcxproj]
    19>D:\projects\misis2023f-23-check\misis2024s-23-03-serdeshnov-v-s\prj.check\prj.check\doctest_rational\doctest_rational.cpp(43,3): error C2676: бинарный "+": "Rational" не определяет этот оператор или преобразование к типу приемлемо к встроенному оператору [D:\projects\misis2023f-23-check\misis2024s-23-03-serdeshnov-v-s\build.check\prj.check\prj.check\doctest_rational\doctest_rational.vcxproj]
    19>D:\projects\misis2023f-23-check\misis2024s-23-03-serdeshnov-v-s\prj.check\prj.check\doctest_rational\doctest_rational.cpp(44,3): error C2676: бинарный "+": "Rational" не определяет этот оператор или преобразование к типу приемлемо к встроенному оператору [D:\projects\misis2023f-23-check\misis2024s-23-03-serdeshnov-v-s\build.check\prj.check\prj.check\doctest_rational\doctest_rational.vcxproj]
    19>D:\projects\misis2023f-23-check\misis2024s-23-03-serdeshnov-v-s\prj.check\prj.check\doctest_rational\doctest_rational.cpp(45,3): error C2676: бинарный "+": "Rational" не определяет этот оператор или преобразование к типу приемлемо к встроенному оператору [D:\projects\misis2023f-23-check\misis2024s-23-03-serdeshnov-v-s\build.check\prj.check\prj.check\doctest_rational\doctest_rational.vcxproj]
    19>D:\projects\misis2023f-23-check\misis2024s-23-03-serdeshnov-v-s\prj.check\prj.check\doctest_rational\doctest_rational.cpp(56,3): error C2676: бинарный "-": "Rational" не определяет этот оператор или преобразование к типу приемлемо к встроенному оператору [D:\projects\misis2023f-23-check\misis2024s-23-03-serdeshnov-v-s\build.check\prj.check\prj.check\doctest_rational\doctest_rational.vcxproj]
    19>D:\projects\misis2023f-23-check\misis2024s-23-03-serdeshnov-v-s\prj.check\prj.check\doctest_rational\doctest_rational.cpp(57,3): error C2676: бинарный "-": "Rational" не определяет этот оператор или преобразование к типу приемлемо к встроенному оператору [D:\projects\misis2023f-23-check\misis2024s-23-03-serdeshnov-v-s\build.check\prj.check\prj.check\doctest_rational\doctest_rational.vcxproj]
    19>D:\projects\misis2023f-23-check\misis2024s-23-03-serdeshnov-v-s\prj.check\prj.check\doctest_rational\doctest_rational.cpp(58,3): error C2676: бинарный "-": "Rational" не определяет этот оператор или преобразование к типу приемлемо к встроенному оператору [D:\projects\misis2023f-23-check\misis2024s-23-03-serdeshnov-v-s\build.check\prj.check\prj.check\doctest_rational\doctest_rational.vcxproj]
    19>D:\projects\misis2023f-23-check\misis2024s-23-03-serdeshnov-v-s\prj.check\prj.check\doctest_rational\doctest_rational.cpp(59,3): error C2676: бинарный "-": "Rational" не определяет этот оператор или преобразование к типу приемлемо к встроенному оператору [D:\projects\misis2023f-23-check\misis2024s-23-03-serdeshnov-v-s\build.check\prj.check\prj.check\doctest_rational\doctest_rational.vcxproj]
    19>D:\projects\misis2023f-23-check\misis2024s-23-03-serdeshnov-v-s\prj.check\prj.check\doctest_rational\doctest_rational.cpp(70,3): error C2676: бинарный "*": "Rational" не определяет этот оператор или преобразование к типу приемлемо к встроенному оператору [D:\projects\misis2023f-23-check\misis2024s-23-03-serdeshnov-v-s\build.check\prj.check\prj.check\doctest_rational\doctest_rational.vcxproj]
    19>D:\projects\misis2023f-23-check\misis2024s-23-03-serdeshnov-v-s\prj.check\prj.check\doctest_rational\doctest_rational.cpp(71,3): error C2676: бинарный "*": "Rational" не определяет этот оператор или преобразование к типу приемлемо к встроенному оператору [D:\projects\misis2023f-23-check\misis2024s-23-03-serdeshnov-v-s\build.check\prj.check\prj.check\doctest_rational\doctest_rational.vcxproj]
    19>D:\projects\misis2023f-23-check\misis2024s-23-03-serdeshnov-v-s\prj.check\prj.check\doctest_rational\doctest_rational.cpp(72,3): error C2676: бинарный "*": "Rational" не определяет этот оператор или преобразование к типу приемлемо к встроенному оператору [D:\projects\misis2023f-23-check\misis2024s-23-03-serdeshnov-v-s\build.check\prj.check\prj.check\doctest_rational\doctest_rational.vcxproj]
    19>D:\projects\misis2023f-23-check\misis2024s-23-03-serdeshnov-v-s\prj.check\prj.check\doctest_rational\doctest_rational.cpp(73,3): error C2676: бинарный "*": "Rational" не определяет этот оператор или преобразование к типу приемлемо к встроенному оператору [D:\projects\misis2023f-23-check\misis2024s-23-03-serdeshnov-v-s\build.check\prj.check\prj.check\doctest_rational\doctest_rational.vcxproj]
    19>D:\projects\misis2023f-23-check\misis2024s-23-03-serdeshnov-v-s\prj.check\prj.check\doctest_rational\doctest_rational.cpp(86,3): error C2676: бинарный "/": "Rational" не определяет этот оператор или преобразование к типу приемлемо к встроенному оператору [D:\projects\misis2023f-23-check\misis2024s-23-03-serdeshnov-v-s\build.check\prj.check\prj.check\doctest_rational\doctest_rational.vcxproj]
    19>D:\projects\misis2023f-23-check\misis2024s-23-03-serdeshnov-v-s\prj.check\prj.check\doctest_rational\doctest_rational.cpp(87,3): error C2676: бинарный "/": "Rational" не определяет этот оператор или преобразование к типу приемлемо к встроенному оператору [D:\projects\misis2023f-23-check\misis2024s-23-03-serdeshnov-v-s\build.check\prj.check\prj.check\doctest_rational\doctest_rational.vcxproj]
    19>D:\projects\misis2023f-23-check\misis2024s-23-03-serdeshnov-v-s\prj.check\prj.check\doctest_rational\doctest_rational.cpp(88,3): error C2676: бинарный "/": "Rational" не определяет этот оператор или преобразование к типу приемлемо к встроенному оператору [D:\projects\misis2023f-23-check\misis2024s-23-03-serdeshnov-v-s\build.check\prj.check\prj.check\doctest_rational\doctest_rational.vcxproj]
    19>D:\projects\misis2023f-23-check\misis2024s-23-03-serdeshnov-v-s\prj.check\prj.check\doctest_rational\doctest_rational.cpp(89,3): error C2676: бинарный "/": "Rational" не определяет этот оператор или преобразование к типу приемлемо к встроенному оператору [D:\projects\misis2023f-23-check\misis2024s-23-03-serdeshnov-v-s\build.check\prj.check\prj.check\doctest_rational\doctest_rational.vcxproj]
    19>D:\projects\misis2023f-23-check\misis2024s-23-03-serdeshnov-v-s\prj.check\prj.check\doctest_rational\doctest_rational.cpp(90,3): error C2676: бинарный "/": "Rational" не определяет этот оператор или преобразование к типу приемлемо к встроенному оператору [D:\projects\misis2023f-23-check\misis2024s-23-03-serdeshnov-v-s\build.check\prj.check\prj.check\doctest_rational\doctest_rational.vcxproj]
    19>D:\projects\misis2023f-23-check\misis2024s-23-03-serdeshnov-v-s\prj.check\prj.check\doctest_rational\doctest_rational.cpp(91,3): error C2676: бинарный "/": "Rational" не определяет этот оператор или преобразование к типу приемлемо к встроенному оператору [D:\projects\misis2023f-23-check\misis2024s-23-03-serdeshnov-v-s\build.check\prj.check\prj.check\doctest_rational\doctest_rational.vcxproj]
    18>D:\projects\misis2023f-23-check\misis2024s-23-03-serdeshnov-v-s\prj.check\prj.check\doctest_queuelstpr\doctest_queuelstpr_moveable.cpp(15,14): error C2065: qu: необъявленный идентификатор [D:\projects\misis2023f-23-check\misis2024s-23-03-serdeshnov-v-s\build.check\prj.check\prj.check\doctest_queuelstpr\doctest_queuelstpr_m.vcxproj]
     7>D:\projects\misis2023f-23-check\misis2024s-23-03-serdeshnov-v-s\prj.check\prj.check\doctest_dynarr\doctest_dynarr_moveable.cpp(8,1): error C3203: "tuple": неспециализированный класс шаблон нельзя использовать в качестве аргумента шаблон для параметра шаблон "Tuple", требуется действительный тип [D:\projects\misis2023f-23-check\misis2024s-23-03-serdeshnov-v-s\build.check\prj.check\prj.check\doctest_dynarr\doctest_dynarr_m.vcxproj]
     9>D:\projects\misis2023f-23-check\misis2024s-23-03-serdeshnov-v-s\prj.check\prj.check\doctest_dynarr\doctest_dynarr.cpp(24,10): error C3861: ar: идентификатор не найден [D:\projects\misis2023f-23-check\misis2024s-23-03-serdeshnov-v-s\build.check\prj.check\prj.check\doctest_dynarr\doctest_dynarr.vcxproj]
    18>D:\projects\misis2023f-23-check\misis2024s-23-03-serdeshnov-v-s\prj.check\prj.check\doctest_queuelstpr\doctest_queuelstpr_moveable.cpp(15,29): error C2065: qu0: необъявленный идентификатор [D:\projects\misis2023f-23-check\misis2024s-23-03-serdeshnov-v-s\build.check\prj.check\prj.check\doctest_queuelstpr\doctest_queuelstpr_m.vcxproj]
     9>D:\projects\misis2023f-23-check\misis2024s-23-03-serdeshnov-v-s\prj.check\prj.check\doctest_dynarr\doctest_dynarr.cpp(25,3): error C2065: ar: необъявленный идентификатор [D:\projects\misis2023f-23-check\misis2024s-23-03-serdeshnov-v-s\build.check\prj.check\prj.check\doctest_dynarr\doctest_dynarr.vcxproj]
    18>D:\projects\misis2023f-23-check\misis2024s-23-03-serdeshnov-v-s\prj.check\prj.check\doctest_queuelstpr\doctest_queuelstpr_moveable.cpp(16,3): error C2065: qu: необъявленный идентификатор [D:\projects\misis2023f-23-check\misis2024s-23-03-serdeshnov-v-s\build.check\prj.check\prj.check\doctest_queuelstpr\doctest_queuelstpr_m.vcxproj]
     9>D:\projects\misis2023f-23-check\misis2024s-23-03-serdeshnov-v-s\prj.check\prj.check\doctest_dynarr\doctest_dynarr.cpp(25,3): error C2672: "doctest::detail::ResultBuilder::binary_assert": не найдена соответствующая перегруженная функция [D:\projects\misis2023f-23-check\misis2024s-23-03-serdeshnov-v-s\build.check\prj.check\prj.check\doctest_dynarr\doctest_dynarr.vcxproj]
    18>D:\projects\misis2023f-23-check\misis2024s-23-03-serdeshnov-v-s\prj.check\prj.check\doctest_queuelstpr\doctest_queuelstpr_moveable.cpp(17,8): error C2065: qu: необъявленный идентификатор [D:\projects\misis2023f-23-check\misis2024s-23-03-serdeshnov-v-s\build.check\prj.check\prj.check\doctest_queuelstpr\doctest_queuelstpr_m.vcxproj]
    18>D:\projects\misis2023f-23-check\misis2024s-23-03-serdeshnov-v-s\prj.check\prj.check\doctest_queuelstpr\doctest_queuelstpr_moveable.cpp(17,25): error C2065: qu0: необъявленный идентификатор [D:\projects\misis2023f-23-check\misis2024s-23-03-serdeshnov-v-s\build.check\prj.check\prj.check\doctest_queuelstpr\doctest_queuelstpr_m.vcxproj]
     9>D:\projects\misis2023f-23-check\misis2024s-23-03-serdeshnov-v-s\prj.check\prj.check\doctest_dynarr\doctest_dynarr.cpp(26,3): error C2065: ar: необъявленный идентификатор [D:\projects\misis2023f-23-check\misis2024s-23-03-serdeshnov-v-s\build.check\prj.check\prj.check\doctest_dynarr\doctest_dynarr.vcxproj]
     7>D:\projects\misis2023f-23-check\misis2024s-23-03-serdeshnov-v-s\prj.check\prj.check\doctest_dynarr\doctest_dynarr_moveable.cpp(8,1): error C2027: использование неопределенного типа "`anonymous-namespace'::test_movableITERATOR<int>" [D:\projects\misis2023f-23-check\misis2024s-23-03-serdeshnov-v-s\build.check\prj.check\prj.check\doctest_dynarr\doctest_dynarr_m.vcxproj]
    18>D:\projects\misis2023f-23-check\misis2024s-23-03-serdeshnov-v-s\prj.check\prj.check\doctest_queuelstpr\doctest_queuelstpr_moveable.cpp(18,5): error C2065: qu0: необъявленный идентификатор [D:\projects\misis2023f-23-check\misis2024s-23-03-serdeshnov-v-s\build.check\prj.check\prj.check\doctest_queuelstpr\doctest_queuelstpr_m.vcxproj]
     9>D:\projects\misis2023f-23-check\misis2024s-23-03-serdeshnov-v-s\prj.check\prj.check\doctest_dynarr\doctest_dynarr.cpp(26,3): error C2672: "doctest::detail::ResultBuilder::binary_assert": не найдена соответствующая перегруженная функция [D:\projects\misis2023f-23-check\misis2024s-23-03-serdeshnov-v-s\build.check\prj.check\prj.check\doctest_dynarr\doctest_dynarr.vcxproj]
    18>D:\projects\misis2023f-23-check\misis2024s-23-03-serdeshnov-v-s\prj.check\prj.check\doctest_queuelstpr\doctest_queuelstpr_moveable.cpp(18,5): error C2065: qu: необъявленный идентификатор [D:\projects\misis2023f-23-check\misis2024s-23-03-serdeshnov-v-s\build.check\prj.check\prj.check\doctest_queuelstpr\doctest_queuelstpr_m.vcxproj]
     9>D:\projects\misis2023f-23-check\misis2024s-23-03-serdeshnov-v-s\prj.check\prj.check\doctest_dynarr\doctest_dynarr.cpp(28,3): error C3861: DynArr: идентификатор не найден [D:\projects\misis2023f-23-check\misis2024s-23-03-serdeshnov-v-s\build.check\prj.check\prj.check\doctest_dynarr\doctest_dynarr.vcxproj]
     9>D:\projects\misis2023f-23-check\misis2024s-23-03-serdeshnov-v-s\prj.check\prj.check\doctest_dynarr\doctest_dynarr.cpp(29,3): error C3861: DynArr: идентификатор не найден [D:\projects\misis2023f-23-check\misis2024s-23-03-serdeshnov-v-s\build.check\prj.check\prj.check\doctest_dynarr\doctest_dynarr.vcxproj]
     9>D:\projects\misis2023f-23-check\misis2024s-23-03-serdeshnov-v-s\prj.check\prj.check\doctest_dynarr\doctest_dynarr.cpp(33,3): error C2065: DynArr: необъявленный идентификатор [D:\projects\misis2023f-23-check\misis2024s-23-03-serdeshnov-v-s\build.check\prj.check\prj.check\doctest_dynarr\doctest_dynarr.vcxproj]
     9>D:\projects\misis2023f-23-check\misis2024s-23-03-serdeshnov-v-s\prj.check\prj.check\doctest_dynarr\doctest_dynarr.cpp(33,10): error C2146: синтаксическая ошибка: отсутствие ";" перед идентификатором "ar" [D:\projects\misis2023f-23-check\misis2024s-23-03-serdeshnov-v-s\build.check\prj.check\prj.check\doctest_dynarr\doctest_dynarr.vcxproj]
     9>D:\projects\misis2023f-23-check\misis2024s-23-03-serdeshnov-v-s\prj.check\prj.check\doctest_dynarr\doctest_dynarr.cpp(33,10): error C3861: ar: идентификатор не найден [D:\projects\misis2023f-23-check\misis2024s-23-03-serdeshnov-v-s\build.check\prj.check\prj.check\doctest_dynarr\doctest_dynarr.vcxproj]
     9>D:\projects\misis2023f-23-check\misis2024s-23-03-serdeshnov-v-s\prj.check\prj.check\doctest_dynarr\doctest_dynarr.cpp(34,22): error C2065: ar: необъявленный идентификатор [D:\projects\misis2023f-23-check\misis2024s-23-03-serdeshnov-v-s\build.check\prj.check\prj.check\doctest_dynarr\doctest_dynarr.vcxproj]
     9>D:\projects\misis2023f-23-check\misis2024s-23-03-serdeshnov-v-s\prj.check\prj.check\doctest_dynarr\doctest_dynarr.cpp(35,5): error C2065: ar: необъявленный идентификатор [D:\projects\misis2023f-23-check\misis2024s-23-03-serdeshnov-v-s\build.check\prj.check\prj.check\doctest_dynarr\doctest_dynarr.vcxproj]
     7>D:\projects\misis2023f-23-check\misis2024s-23-03-serdeshnov-v-s\prj.check\prj.check\doctest_dynarr\doctest_dynarr_moveable.cpp(8,1): error C2672: "doctest::detail::instantiationHelper": не найдена соответствующая перегруженная функция [D:\projects\misis2023f-23-check\misis2024s-23-03-serdeshnov-v-s\build.check\prj.check\prj.check\doctest_dynarr\doctest_dynarr_m.vcxproj]
     9>D:\projects\misis2023f-23-check\misis2024s-23-03-serdeshnov-v-s\prj.check\prj.check\doctest_dynarr\doctest_dynarr.cpp(37,3): error C2065: DynArr: необъявленный идентификатор [D:\projects\misis2023f-23-check\misis2024s-23-03-serdeshnov-v-s\build.check\prj.check\prj.check\doctest_dynarr\doctest_dynarr.vcxproj]
     9>D:\projects\misis2023f-23-check\misis2024s-23-03-serdeshnov-v-s\prj.check\prj.check\doctest_dynarr\doctest_dynarr.cpp(37,10): error C2146: синтаксическая ошибка: отсутствие ";" перед идентификатором "ar_copy" [D:\projects\misis2023f-23-check\misis2024s-23-03-serdeshnov-v-s\build.check\prj.check\prj.check\doctest_dynarr\doctest_dynarr.vcxproj]
     9>D:\projects\misis2023f-23-check\misis2024s-23-03-serdeshnov-v-s\prj.check\prj.check\doctest_dynarr\doctest_dynarr.cpp(37,18): error C2065: ar: необъявленный идентификатор [D:\projects\misis2023f-23-check\misis2024s-23-03-serdeshnov-v-s\build.check\prj.check\prj.check\doctest_dynarr\doctest_dynarr.vcxproj]
     9>D:\projects\misis2023f-23-check\misis2024s-23-03-serdeshnov-v-s\prj.check\prj.check\doctest_dynarr\doctest_dynarr.cpp(37,10): error C3861: ar_copy: идентификатор не найден [D:\projects\misis2023f-23-check\misis2024s-23-03-serdeshnov-v-s\build.check\prj.check\prj.check\doctest_dynarr\doctest_dynarr.vcxproj]
     9>D:\projects\misis2023f-23-check\misis2024s-23-03-serdeshnov-v-s\prj.check\prj.check\doctest_dynarr\doctest_dynarr.cpp(38,3): error C2065: ar: необъявленный идентификатор [D:\projects\misis2023f-23-check\misis2024s-23-03-serdeshnov-v-s\build.check\prj.check\prj.check\doctest_dynarr\doctest_dynarr.vcxproj]
     9>D:\projects\misis2023f-23-check\misis2024s-23-03-serdeshnov-v-s\prj.check\prj.check\doctest_dynarr\doctest_dynarr.cpp(38,3): error C2065: ar_copy: необъявленный идентификатор [D:\projects\misis2023f-23-check\misis2024s-23-03-serdeshnov-v-s\build.check\prj.check\prj.check\doctest_dynarr\doctest_dynarr.vcxproj]
     9>D:\projects\misis2023f-23-check\misis2024s-23-03-serdeshnov-v-s\prj.check\prj.check\doctest_dynarr\doctest_dynarr.cpp(39,22): error C2065: ar: необъявленный идентификатор [D:\projects\misis2023f-23-check\misis2024s-23-03-serdeshnov-v-s\build.check\prj.check\prj.check\doctest_dynarr\doctest_dynarr.vcxproj]
     7>D:\projects\misis2023f-23-check\misis2024s-23-03-serdeshnov-v-s\prj.check\prj.check\doctest_dynarr\doctest_dynarr_moveable.cpp(8,1): error C2660: doctest::detail::consume: функция не принимает 1 аргументов [D:\projects\misis2023f-23-check\misis2024s-23-03-serdeshnov-v-s\build.check\prj.check\prj.check\doctest_dynarr\doctest_dynarr_m.vcxproj]
     9>D:\projects\misis2023f-23-check\misis2024s-23-03-serdeshnov-v-s\prj.check\prj.check\doctest_dynarr\doctest_dynarr.cpp(40,5): error C2065: ar: необъявленный идентификатор [D:\projects\misis2023f-23-check\misis2024s-23-03-serdeshnov-v-s\build.check\prj.check\prj.check\doctest_dynarr\doctest_dynarr.vcxproj]
     9>D:\projects\misis2023f-23-check\misis2024s-23-03-serdeshnov-v-s\prj.check\prj.check\doctest_dynarr\doctest_dynarr.cpp(40,5): error C2065: ar_copy: необъявленный идентификатор [D:\projects\misis2023f-23-check\misis2024s-23-03-serdeshnov-v-s\build.check\prj.check\prj.check\doctest_dynarr\doctest_dynarr.vcxproj]
     9>D:\projects\misis2023f-23-check\misis2024s-23-03-serdeshnov-v-s\prj.check\prj.check\doctest_dynarr\doctest_dynarr.cpp(40,5): error C2512: doctest::Approx: нет подходящего конструктора по умолчанию [D:\projects\misis2023f-23-check\misis2024s-23-03-serdeshnov-v-s\build.check\prj.check\prj.check\doctest_dynarr\doctest_dynarr.vcxproj]
     9>D:\projects\misis2023f-23-check\misis2024s-23-03-serdeshnov-v-s\prj.check\prj.check\doctest_dynarr\doctest_dynarr.cpp(40,5): error C2672: "doctest::detail::ResultBuilder::binary_assert": не найдена соответствующая перегруженная функция [D:\projects\misis2023f-23-check\misis2024s-23-03-serdeshnov-v-s\build.check\prj.check\prj.check\doctest_dynarr\doctest_dynarr.vcxproj]
     9>D:\projects\misis2023f-23-check\misis2024s-23-03-serdeshnov-v-s\prj.check\prj.check\doctest_dynarr\doctest_dynarr.cpp(42,22): error C2065: ar: необъявленный идентификатор [D:\projects\misis2023f-23-check\misis2024s-23-03-serdeshnov-v-s\build.check\prj.check\prj.check\doctest_dynarr\doctest_dynarr.vcxproj]
     9>D:\projects\misis2023f-23-check\misis2024s-23-03-serdeshnov-v-s\prj.check\prj.check\doctest_dynarr\doctest_dynarr.cpp(43,5): error C2065: ar: необъявленный идентификатор [D:\projects\misis2023f-23-check\misis2024s-23-03-serdeshnov-v-s\build.check\prj.check\prj.check\doctest_dynarr\doctest_dynarr.vcxproj]
     9>D:\projects\misis2023f-23-check\misis2024s-23-03-serdeshnov-v-s\prj.check\prj.check\doctest_dynarr\doctest_dynarr.cpp(45,22): error C2065: ar: необъявленный идентификатор [D:\projects\misis2023f-23-check\misis2024s-23-03-serdeshnov-v-s\build.check\prj.check\prj.check\doctest_dynarr\doctest_dynarr.vcxproj]
     9>D:\projects\misis2023f-23-check\misis2024s-23-03-serdeshnov-v-s\prj.check\prj.check\doctest_dynarr\doctest_dynarr.cpp(46,5): error C2065: ar: необъявленный идентификатор [D:\projects\misis2023f-23-check\misis2024s-23-03-serdeshnov-v-s\build.check\prj.check\prj.check\doctest_dynarr\doctest_dynarr.vcxproj]
     9>D:\projects\misis2023f-23-check\misis2024s-23-03-serdeshnov-v-s\prj.check\prj.check\doctest_dynarr\doctest_dynarr.cpp(46,5): error C2065: ar_copy: необъявленный идентификатор [D:\projects\misis2023f-23-check\misis2024s-23-03-serdeshnov-v-s\build.check\prj.check\prj.check\doctest_dynarr\doctest_dynarr.vcxproj]
     9>D:\projects\misis2023f-23-check\misis2024s-23-03-serdeshnov-v-s\prj.check\prj.check\doctest_dynarr\doctest_dynarr.cpp(46,5): error C2512: doctest::Approx: нет подходящего конструктора по умолчанию [D:\projects\misis2023f-23-check\misis2024s-23-03-serdeshnov-v-s\build.check\prj.check\prj.check\doctest_dynarr\doctest_dynarr.vcxproj]
     9>D:\projects\misis2023f-23-check\misis2024s-23-03-serdeshnov-v-s\prj.check\prj.check\doctest_dynarr\doctest_dynarr.cpp(46,5): error C2672: "doctest::detail::ResultBuilder::binary_assert": не найдена соответствующая перегруженная функция [D:\projects\misis2023f-23-check\misis2024s-23-03-serdeshnov-v-s\build.check\prj.check\prj.check\doctest_dynarr\doctest_dynarr.vcxproj]
     9>D:\projects\misis2023f-23-check\misis2024s-23-03-serdeshnov-v-s\prj.check\prj.check\doctest_dynarr\doctest_dynarr.cpp(51,3): error C2065: DynArr: необъявленный идентификатор [D:\projects\misis2023f-23-check\misis2024s-23-03-serdeshnov-v-s\build.check\prj.check\prj.check\doctest_dynarr\doctest_dynarr.vcxproj]
     9>D:\projects\misis2023f-23-check\misis2024s-23-03-serdeshnov-v-s\prj.check\prj.check\doctest_dynarr\doctest_dynarr.cpp(51,10): error C2146: синтаксическая ошибка: отсутствие ";" перед идентификатором "ar" [D:\projects\misis2023f-23-check\misis2024s-23-03-serdeshnov-v-s\build.check\prj.check\prj.check\doctest_dynarr\doctest_dynarr.vcxproj]
     9>D:\projects\misis2023f-23-check\misis2024s-23-03-serdeshnov-v-s\prj.check\prj.check\doctest_dynarr\doctest_dynarr.cpp(51,10): error C3861: ar: идентификатор не найден [D:\projects\misis2023f-23-check\misis2024s-23-03-serdeshnov-v-s\build.check\prj.check\prj.check\doctest_dynarr\doctest_dynarr.vcxproj]
     9>D:\projects\misis2023f-23-check\misis2024s-23-03-serdeshnov-v-s\prj.check\prj.check\doctest_dynarr\doctest_dynarr.cpp(52,22): error C2065: ar: необъявленный идентификатор [D:\projects\misis2023f-23-check\misis2024s-23-03-serdeshnov-v-s\build.check\prj.check\prj.check\doctest_dynarr\doctest_dynarr.vcxproj]
     9>D:\projects\misis2023f-23-check\misis2024s-23-03-serdeshnov-v-s\prj.check\prj.check\doctest_dynarr\doctest_dynarr.cpp(53,5): error C2065: ar: необъявленный идентификатор [D:\projects\misis2023f-23-check\misis2024s-23-03-serdeshnov-v-s\build.check\prj.check\prj.check\doctest_dynarr\doctest_dynarr.vcxproj]
     9>D:\projects\misis2023f-23-check\misis2024s-23-03-serdeshnov-v-s\prj.check\prj.check\doctest_dynarr\doctest_dynarr.cpp(57,3): error C2065: ar: необъявленный идентификатор [D:\projects\misis2023f-23-check\misis2024s-23-03-serdeshnov-v-s\build.check\prj.check\prj.check\doctest_dynarr\doctest_dynarr.vcxproj]
     9>D:\projects\misis2023f-23-check\misis2024s-23-03-serdeshnov-v-s\prj.check\prj.check\doctest_dynarr\doctest_dynarr.cpp(57,8): error C2065: ar: необъявленный идентификатор [D:\projects\misis2023f-23-check\misis2024s-23-03-serdeshnov-v-s\build.check\prj.check\prj.check\doctest_dynarr\doctest_dynarr.vcxproj]
     9>D:\projects\misis2023f-23-check\misis2024s-23-03-serdeshnov-v-s\prj.check\prj.check\doctest_dynarr\doctest_dynarr.cpp(58,22): error C2065: ar: необъявленный идентификатор [D:\projects\misis2023f-23-check\misis2024s-23-03-serdeshnov-v-s\build.check\prj.check\prj.check\doctest_dynarr\doctest_dynarr.vcxproj]
     9>D:\projects\misis2023f-23-check\misis2024s-23-03-serdeshnov-v-s\prj.check\prj.check\doctest_dynarr\doctest_dynarr.cpp(59,33): error C2065: ar: необъявленный идентификатор [D:\projects\misis2023f-23-check\misis2024s-23-03-serdeshnov-v-s\build.check\prj.check\prj.check\doctest_dynarr\doctest_dynarr.vcxproj]
     9>D:\projects\misis2023f-23-check\misis2024s-23-03-serdeshnov-v-s\prj.check\prj.check\doctest_dynarr\doctest_dynarr.cpp(64,3): error C2065: DynArr: необъявленный идентификатор [D:\projects\misis2023f-23-check\misis2024s-23-03-serdeshnov-v-s\build.check\prj.check\prj.check\doctest_dynarr\doctest_dynarr.vcxproj]
     9>D:\projects\misis2023f-23-check\misis2024s-23-03-serdeshnov-v-s\prj.check\prj.check\doctest_dynarr\doctest_dynarr.cpp(64,10): error C2146: синтаксическая ошибка: отсутствие ";" перед идентификатором "ar_copy" [D:\projects\misis2023f-23-check\misis2024s-23-03-serdeshnov-v-s\build.check\prj.check\prj.check\doctest_dynarr\doctest_dynarr.vcxproj]
     9>D:\projects\misis2023f-23-check\misis2024s-23-03-serdeshnov-v-s\prj.check\prj.check\doctest_dynarr\doctest_dynarr.cpp(64,10): error C2065: ar_copy: необъявленный идентификатор [D:\projects\misis2023f-23-check\misis2024s-23-03-serdeshnov-v-s\build.check\prj.check\prj.check\doctest_dynarr\doctest_dynarr.vcxproj]
     9>D:\projects\misis2023f-23-check\misis2024s-23-03-serdeshnov-v-s\prj.check\prj.check\doctest_dynarr\doctest_dynarr.cpp(65,3): error C2065: ar: необъявленный идентификатор [D:\projects\misis2023f-23-check\misis2024s-23-03-serdeshnov-v-s\build.check\prj.check\prj.check\doctest_dynarr\doctest_dynarr.vcxproj]
     9>D:\projects\misis2023f-23-check\misis2024s-23-03-serdeshnov-v-s\prj.check\prj.check\doctest_dynarr\doctest_dynarr.cpp(65,3): error C2065: ar_copy: необъявленный идентификатор [D:\projects\misis2023f-23-check\misis2024s-23-03-serdeshnov-v-s\build.check\prj.check\prj.check\doctest_dynarr\doctest_dynarr.vcxproj]
     9>D:\projects\misis2023f-23-check\misis2024s-23-03-serdeshnov-v-s\prj.check\prj.check\doctest_dynarr\doctest_dynarr.cpp(66,3): error C2065: ar_copy: необъявленный идентификатор [D:\projects\misis2023f-23-check\misis2024s-23-03-serdeshnov-v-s\build.check\prj.check\prj.check\doctest_dynarr\doctest_dynarr.vcxproj]
     9>D:\projects\misis2023f-23-check\misis2024s-23-03-serdeshnov-v-s\prj.check\prj.check\doctest_dynarr\doctest_dynarr.cpp(66,13): error C2065: ar: необъявленный идентификатор [D:\projects\misis2023f-23-check\misis2024s-23-03-serdeshnov-v-s\build.check\prj.check\prj.check\doctest_dynarr\doctest_dynarr.vcxproj]
     9>D:\projects\misis2023f-23-check\misis2024s-23-03-serdeshnov-v-s\prj.check\prj.check\doctest_dynarr\doctest_dynarr.cpp(67,16): error C2065: ar: необъявленный идентификатор [D:\projects\misis2023f-23-check\misis2024s-23-03-serdeshnov-v-s\build.check\prj.check\prj.check\doctest_dynarr\doctest_dynarr.vcxproj]
     9>D:\projects\misis2023f-23-check\misis2024s-23-03-serdeshnov-v-s\prj.check\prj.check\doctest_dynarr\doctest_dynarr.cpp(67,29): error C2065: ar_copy: необъявленный идентификатор [D:\projects\misis2023f-23-check\misis2024s-23-03-serdeshnov-v-s\build.check\prj.check\prj.check\doctest_dynarr\doctest_dynarr.vcxproj]
     9>D:\projects\misis2023f-23-check\misis2024s-23-03-serdeshnov-v-s\prj.check\prj.check\doctest_dynarr\doctest_dynarr.cpp(68,22): error C2065: ar: необъявленный идентификатор [D:\projects\misis2023f-23-check\misis2024s-23-03-serdeshnov-v-s\build.check\prj.check\prj.check\doctest_dynarr\doctest_dynarr.vcxproj]
     9>D:\projects\misis2023f-23-check\misis2024s-23-03-serdeshnov-v-s\prj.check\prj.check\doctest_dynarr\doctest_dynarr.cpp(69,33): error C2065: ar: необъявленный идентификатор [D:\projects\misis2023f-23-check\misis2024s-23-03-serdeshnov-v-s\build.check\prj.check\prj.check\doctest_dynarr\doctest_dynarr.vcxproj]
     9>D:\projects\misis2023f-23-check\misis2024s-23-03-serdeshnov-v-s\prj.check\prj.check\doctest_dynarr\doctest_dynarr.cpp(69,58): error C2065: ar_copy: необъявленный идентификатор [D:\projects\misis2023f-23-check\misis2024s-23-03-serdeshnov-v-s\build.check\prj.check\prj.check\doctest_dynarr\doctest_dynarr.vcxproj]
     9>D:\projects\misis2023f-23-check\misis2024s-23-03-serdeshnov-v-s\prj.check\prj.check\doctest_dynarr\doctest_dynarr.cpp(69,57): error C2512: doctest::Approx: нет подходящего конструктора по умолчанию [D:\projects\misis2023f-23-check\misis2024s-23-03-serdeshnov-v-s\build.check\prj.check\prj.check\doctest_dynarr\doctest_dynarr.vcxproj]
     9>D:\projects\misis2023f-23-check\misis2024s-23-03-serdeshnov-v-s\prj.check\prj.check\doctest_dynarr\doctest_dynarr.cpp(73,22): error C2065: ar: необъявленный идентификатор [D:\projects\misis2023f-23-check\misis2024s-23-03-serdeshnov-v-s\build.check\prj.check\prj.check\doctest_dynarr\doctest_dynarr.vcxproj]
     9>D:\projects\misis2023f-23-check\misis2024s-23-03-serdeshnov-v-s\prj.check\prj.check\doctest_dynarr\doctest_dynarr.cpp(74,5): error C2065: ar: необъявленный идентификатор [D:\projects\misis2023f-23-check\misis2024s-23-03-serdeshnov-v-s\build.check\prj.check\prj.check\doctest_dynarr\doctest_dynarr.vcxproj]
     9>D:\projects\misis2023f-23-check\misis2024s-23-03-serdeshnov-v-s\prj.check\prj.check\doctest_dynarr\doctest_dynarr.cpp(76,22): error C2065: ar: необъявленный идентификатор [D:\projects\misis2023f-23-check\misis2024s-23-03-serdeshnov-v-s\build.check\prj.check\prj.check\doctest_dynarr\doctest_dynarr.vcxproj]
     9>D:\projects\misis2023f-23-check\misis2024s-23-03-serdeshnov-v-s\prj.check\prj.check\doctest_dynarr\doctest_dynarr.cpp(77,33): error C2065: ar: необъявленный идентификатор [D:\projects\misis2023f-23-check\misis2024s-23-03-serdeshnov-v-s\build.check\prj.check\prj.check\doctest_dynarr\doctest_dynarr.vcxproj]
     9>D:\projects\misis2023f-23-check\misis2024s-23-03-serdeshnov-v-s\prj.check\prj.check\doctest_dynarr\doctest_dynarr.cpp(77,58): error C2065: ar_copy: необъявленный идентификатор [D:\projects\misis2023f-23-check\misis2024s-23-03-serdeshnov-v-s\build.check\prj.check\prj.check\doctest_dynarr\doctest_dynarr.vcxproj]
     9>D:\projects\misis2023f-23-check\misis2024s-23-03-serdeshnov-v-s\prj.check\prj.check\doctest_dynarr\doctest_dynarr.cpp(77,57): error C2512: doctest::Approx: нет подходящего конструктора по умолчанию [D:\projects\misis2023f-23-check\misis2024s-23-03-serdeshnov-v-s\build.check\prj.check\prj.check\doctest_dynarr\doctest_dynarr.vcxproj]
     9>D:\projects\misis2023f-23-check\misis2024s-23-03-serdeshnov-v-s\prj.check\prj.check\doctest_dynarr\doctest_dynarr.cpp(83,3): error C2065: DynArr: необъявленный идентификатор [D:\projects\misis2023f-23-check\misis2024s-23-03-serdeshnov-v-s\build.check\prj.check\prj.check\doctest_dynarr\doctest_dynarr.vcxproj]
     9>D:\projects\misis2023f-23-check\misis2024s-23-03-serdeshnov-v-s\prj.check\prj.check\doctest_dynarr\doctest_dynarr.cpp(83,10): error C2146: синтаксическая ошибка: отсутствие ";" перед идентификатором "ar100" [D:\projects\misis2023f-23-check\misis2024s-23-03-serdeshnov-v-s\build.check\prj.check\prj.check\doctest_dynarr\doctest_dynarr.vcxproj]
     9>D:\projects\misis2023f-23-check\misis2024s-23-03-serdeshnov-v-s\prj.check\prj.check\doctest_dynarr\doctest_dynarr.cpp(83,10): error C3861: ar100: идентификатор не найден [D:\projects\misis2023f-23-check\misis2024s-23-03-serdeshnov-v-s\build.check\prj.check\prj.check\doctest_dynarr\doctest_dynarr.vcxproj]
     9>D:\projects\misis2023f-23-check\misis2024s-23-03-serdeshnov-v-s\prj.check\prj.check\doctest_dynarr\doctest_dynarr.cpp(84,22): error C2065: ar100: необъявленный идентификатор [D:\projects\misis2023f-23-check\misis2024s-23-03-serdeshnov-v-s\build.check\prj.check\prj.check\doctest_dynarr\doctest_dynarr.vcxproj]
     9>D:\projects\misis2023f-23-check\misis2024s-23-03-serdeshnov-v-s\prj.check\prj.check\doctest_dynarr\doctest_dynarr.cpp(85,5): error C2065: ar100: необъявленный идентификатор [D:\projects\misis2023f-23-check\misis2024s-23-03-serdeshnov-v-s\build.check\prj.check\prj.check\doctest_dynarr\doctest_dynarr.vcxproj]
     9>D:\projects\misis2023f-23-check\misis2024s-23-03-serdeshnov-v-s\prj.check\prj.check\doctest_dynarr\doctest_dynarr.cpp(87,3): error C2065: ar_copy: необъявленный идентификатор [D:\projects\misis2023f-23-check\misis2024s-23-03-serdeshnov-v-s\build.check\prj.check\prj.check\doctest_dynarr\doctest_dynarr.vcxproj]
     9>D:\projects\misis2023f-23-check\misis2024s-23-03-serdeshnov-v-s\prj.check\prj.check\doctest_dynarr\doctest_dynarr.cpp(87,13): error C2065: ar100: необъявленный идентификатор [D:\projects\misis2023f-23-check\misis2024s-23-03-serdeshnov-v-s\build.check\prj.check\prj.check\doctest_dynarr\doctest_dynarr.vcxproj]
     9>D:\projects\misis2023f-23-check\misis2024s-23-03-serdeshnov-v-s\prj.check\prj.check\doctest_dynarr\doctest_dynarr.cpp(88,22): error C2065: ar: необъявленный идентификатор [D:\projects\misis2023f-23-check\misis2024s-23-03-serdeshnov-v-s\build.check\prj.check\prj.check\doctest_dynarr\doctest_dynarr.vcxproj]
     9>D:\projects\misis2023f-23-check\misis2024s-23-03-serdeshnov-v-s\prj.check\prj.check\doctest_dynarr\doctest_dynarr.cpp(89,33): error C2065: ar100: необъявленный идентификатор [D:\projects\misis2023f-23-check\misis2024s-23-03-serdeshnov-v-s\build.check\prj.check\prj.check\doctest_dynarr\doctest_dynarr.vcxproj]
     9>D:\projects\misis2023f-23-check\misis2024s-23-03-serdeshnov-v-s\prj.check\prj.check\doctest_dynarr\doctest_dynarr.cpp(89,61): error C2065: ar_copy: необъявленный идентификатор [D:\projects\misis2023f-23-check\misis2024s-23-03-serdeshnov-v-s\build.check\prj.check\prj.check\doctest_dynarr\doctest_dynarr.vcxproj]
     9>D:\projects\misis2023f-23-check\misis2024s-23-03-serdeshnov-v-s\prj.check\prj.check\doctest_dynarr\doctest_dynarr.cpp(89,60): error C2512: doctest::Approx: нет подходящего конструктора по умолчанию [D:\projects\misis2023f-23-check\misis2024s-23-03-serdeshnov-v-s\build.check\prj.check\prj.check\doctest_dynarr\doctest_dynarr.vcxproj]
     9>D:\projects\misis2023f-23-check\misis2024s-23-03-serdeshnov-v-s\prj.check\prj.check\doctest_dynarr\doctest_dynarr.cpp(97,3): error C2065: DynArr: необъявленный идентификатор [D:\projects\misis2023f-23-check\misis2024s-23-03-serdeshnov-v-s\build.check\prj.check\prj.check\doctest_dynarr\doctest_dynarr.vcxproj]
     9>D:\projects\misis2023f-23-check\misis2024s-23-03-serdeshnov-v-s\prj.check\prj.check\doctest_dynarr\doctest_dynarr.cpp(97,10): error C2146: синтаксическая ошибка: отсутствие ";" перед идентификатором "ar" [D:\projects\misis2023f-23-check\misis2024s-23-03-serdeshnov-v-s\build.check\prj.check\prj.check\doctest_dynarr\doctest_dynarr.vcxproj]
     9>D:\projects\misis2023f-23-check\misis2024s-23-03-serdeshnov-v-s\prj.check\prj.check\doctest_dynarr\doctest_dynarr.cpp(97,10): error C3861: ar: идентификатор не найден [D:\projects\misis2023f-23-check\misis2024s-23-03-serdeshnov-v-s\build.check\prj.check\prj.check\doctest_dynarr\doctest_dynarr.vcxproj]
     9>D:\projects\misis2023f-23-check\misis2024s-23-03-serdeshnov-v-s\prj.check\prj.check\doctest_dynarr\doctest_dynarr.cpp(98,3): error C2065: ar: необъявленный идентификатор [D:\projects\misis2023f-23-check\misis2024s-23-03-serdeshnov-v-s\build.check\prj.check\prj.check\doctest_dynarr\doctest_dynarr.vcxproj]
     9>D:\projects\misis2023f-23-check\misis2024s-23-03-serdeshnov-v-s\prj.check\prj.check\doctest_dynarr\doctest_dynarr.cpp(99,3): error C2065: ar: необъявленный идентификатор [D:\projects\misis2023f-23-check\misis2024s-23-03-serdeshnov-v-s\build.check\prj.check\prj.check\doctest_dynarr\doctest_dynarr.vcxproj]
     9>D:\projects\misis2023f-23-check\misis2024s-23-03-serdeshnov-v-s\prj.check\prj.check\doctest_dynarr\doctest_dynarr.cpp(100,3): error C2065: ar: необъявленный идентификатор [D:\projects\misis2023f-23-check\misis2024s-23-03-serdeshnov-v-s\build.check\prj.check\prj.check\doctest_dynarr\doctest_dynarr.vcxproj]
     9>D:\projects\misis2023f-23-check\misis2024s-23-03-serdeshnov-v-s\prj.check\prj.check\doctest_dynarr\doctest_dynarr.cpp(101,3): error C2065: ar: необъявленный идентификатор [D:\projects\misis2023f-23-check\misis2024s-23-03-serdeshnov-v-s\build.check\prj.check\prj.check\doctest_dynarr\doctest_dynarr.vcxproj]
     9>D:\projects\misis2023f-23-check\misis2024s-23-03-serdeshnov-v-s\prj.check\prj.check\doctest_dynarr\doctest_dynarr.cpp(102,21): error C2065: ar: необъявленный идентификатор [D:\projects\misis2023f-23-check\misis2024s-23-03-serdeshnov-v-s\build.check\prj.check\prj.check\doctest_dynarr\doctest_dynarr.vcxproj]
     9>D:\projects\misis2023f-23-check\misis2024s-23-03-serdeshnov-v-s\prj.check\prj.check\doctest_dynarr\doctest_dynarr.cpp(103,3): error C2065: ar: необъявленный идентификатор [D:\projects\misis2023f-23-check\misis2024s-23-03-serdeshnov-v-s\build.check\prj.check\prj.check\doctest_dynarr\doctest_dynarr.vcxproj]
     9>D:\projects\misis2023f-23-check\misis2024s-23-03-serdeshnov-v-s\prj.check\prj.check\doctest_dynarr\doctest_dynarr.cpp(104,3): error C2065: ar: необъявленный идентификатор [D:\projects\misis2023f-23-check\misis2024s-23-03-serdeshnov-v-s\build.check\prj.check\prj.check\doctest_dynarr\doctest_dynarr.vcxproj]
     9>D:\projects\misis2023f-23-check\misis2024s-23-03-serdeshnov-v-s\prj.check\prj.check\doctest_dynarr\doctest_dynarr.cpp(110,3): error C2065: DynArr: необъявленный идентификатор [D:\projects\misis2023f-23-check\misis2024s-23-03-serdeshnov-v-s\build.check\prj.check\prj.check\doctest_dynarr\doctest_dynarr.vcxproj]
     9>D:\projects\misis2023f-23-check\misis2024s-23-03-serdeshnov-v-s\prj.check\prj.check\doctest_dynarr\doctest_dynarr.cpp(110,10): error C2146: синтаксическая ошибка: отсутствие ";" перед идентификатором "ar" [D:\projects\misis2023f-23-check\misis2024s-23-03-serdeshnov-v-s\build.check\prj.check\prj.check\doctest_dynarr\doctest_dynarr.vcxproj]
     9>D:\projects\misis2023f-23-check\misis2024s-23-03-serdeshnov-v-s\prj.check\prj.check\doctest_dynarr\doctest_dynarr.cpp(110,10): error C3861: ar: идентификатор не найден [D:\projects\misis2023f-23-check\misis2024s-23-03-serdeshnov-v-s\build.check\prj.check\prj.check\doctest_dynarr\doctest_dynarr.vcxproj]
     9>D:\projects\misis2023f-23-check\misis2024s-23-03-serdeshnov-v-s\prj.check\prj.check\doctest_dynarr\doctest_dynarr.cpp(111,22): error C2065: ar: необъявленный идентификатор [D:\projects\misis2023f-23-check\misis2024s-23-03-serdeshnov-v-s\build.check\prj.check\prj.check\doctest_dynarr\doctest_dynarr.vcxproj]
     9>D:\projects\misis2023f-23-check\misis2024s-23-03-serdeshnov-v-s\prj.check\prj.check\doctest_dynarr\doctest_dynarr.cpp(112,5): error C2065: ar: необъявленный идентификатор [D:\projects\misis2023f-23-check\misis2024s-23-03-serdeshnov-v-s\build.check\prj.check\prj.check\doctest_dynarr\doctest_dynarr.vcxproj]
     9>D:\projects\misis2023f-23-check\misis2024s-23-03-serdeshnov-v-s\prj.check\prj.check\doctest_dynarr\doctest_dynarr.cpp(114,3): error C2065: ar: необъявленный идентификатор [D:\projects\misis2023f-23-check\misis2024s-23-03-serdeshnov-v-s\build.check\prj.check\prj.check\doctest_dynarr\doctest_dynarr.vcxproj]
     9>D:\projects\misis2023f-23-check\misis2024s-23-03-serdeshnov-v-s\prj.check\prj.check\doctest_dynarr\doctest_dynarr.cpp(116,22): error C2065: ar: необъявленный идентификатор [D:\projects\misis2023f-23-check\misis2024s-23-03-serdeshnov-v-s\build.check\prj.check\prj.check\doctest_dynarr\doctest_dynarr.vcxproj]
     9>D:\projects\misis2023f-23-check\misis2024s-23-03-serdeshnov-v-s\prj.check\prj.check\doctest_dynarr\doctest_dynarr.cpp(117,35): error C2065: ar: необъявленный идентификатор [D:\projects\misis2023f-23-check\misis2024s-23-03-serdeshnov-v-s\build.check\prj.check\prj.check\doctest_dynarr\doctest_dynarr.vcxproj]
     9>D:\projects\misis2023f-23-check\misis2024s-23-03-serdeshnov-v-s\prj.check\prj.check\doctest_dynarr\doctest_dynarr.cpp(121,3): error C2065: ar: необъявленный идентификатор [D:\projects\misis2023f-23-check\misis2024s-23-03-serdeshnov-v-s\build.check\prj.check\prj.check\doctest_dynarr\doctest_dynarr.vcxproj]
     9>D:\projects\misis2023f-23-check\misis2024s-23-03-serdeshnov-v-s\prj.check\prj.check\doctest_dynarr\doctest_dynarr.cpp(123,35): error C2065: ar: необъявленный идентификатор [D:\projects\misis2023f-23-check\misis2024s-23-03-serdeshnov-v-s\build.check\prj.check\prj.check\doctest_dynarr\doctest_dynarr.vcxproj]
     9>D:\projects\misis2023f-23-check\misis2024s-23-03-serdeshnov-v-s\prj.check\prj.check\doctest_dynarr\doctest_dynarr.cpp(129,35): error C2065: ar: необъявленный идентификатор [D:\projects\misis2023f-23-check\misis2024s-23-03-serdeshnov-v-s\build.check\prj.check\prj.check\doctest_dynarr\doctest_dynarr.vcxproj]
     9>D:\projects\misis2023f-23-check\misis2024s-23-03-serdeshnov-v-s\prj.check\prj.check\doctest_dynarr\doctest_dynarr.cpp(134,3): error C2065: ar: необъявленный идентификатор [D:\projects\misis2023f-23-check\misis2024s-23-03-serdeshnov-v-s\build.check\prj.check\prj.check\doctest_dynarr\doctest_dynarr.vcxproj]
     9>D:\projects\misis2023f-23-check\misis2024s-23-03-serdeshnov-v-s\prj.check\prj.check\doctest_dynarr\doctest_dynarr.cpp(135,3): error C2065: ar: необъявленный идентификатор [D:\projects\misis2023f-23-check\misis2024s-23-03-serdeshnov-v-s\build.check\prj.check\prj.check\doctest_dynarr\doctest_dynarr.vcxproj]
     9>D:\projects\misis2023f-23-check\misis2024s-23-03-serdeshnov-v-s\prj.check\prj.check\doctest_dynarr\doctest_dynarr.cpp(136,3): error C2065: ar: необъявленный идентификатор [D:\projects\misis2023f-23-check\misis2024s-23-03-serdeshnov-v-s\build.check\prj.check\prj.check\doctest_dynarr\doctest_dynarr.vcxproj]
     9>D:\projects\misis2023f-23-check\misis2024s-23-03-serdeshnov-v-s\prj.check\prj.check\doctest_dynarr\doctest_dynarr.cpp(136,3): error C1003: число ошибок превышает 100; остановка компиляции [D:\projects\misis2023f-23-check\misis2024s-23-03-serdeshnov-v-s\build.check\prj.check\prj.check\doctest_dynarr\doctest_dynarr.vcxproj]
     7>D:\projects\misis2023f-23-check\misis2024s-23-03-serdeshnov-v-s\prj.check\prj.check\doctest_dynarr\doctest_dynarr_moveable.cpp(11,3): error C2065: DynArr: необъявленный идентификатор [D:\projects\misis2023f-23-check\misis2024s-23-03-serdeshnov-v-s\build.check\prj.check\prj.check\doctest_dynarr\doctest_dynarr_m.vcxproj]
     7>D:\projects\misis2023f-23-check\misis2024s-23-03-serdeshnov-v-s\prj.check\prj.check\doctest_dynarr\doctest_dynarr_moveable.cpp(11,10): error C2146: синтаксическая ошибка: отсутствие ";" перед идентификатором "ar_orig" [D:\projects\misis2023f-23-check\misis2024s-23-03-serdeshnov-v-s\build.check\prj.check\prj.check\doctest_dynarr\doctest_dynarr_m.vcxproj]
     7>D:\projects\misis2023f-23-check\misis2024s-23-03-serdeshnov-v-s\prj.check\prj.check\doctest_dynarr\doctest_dynarr_moveable.cpp(11,10): error C3861: ar_orig: идентификатор не найден [D:\projects\misis2023f-23-check\misis2024s-23-03-serdeshnov-v-s\build.check\prj.check\prj.check\doctest_dynarr\doctest_dynarr_m.vcxproj]
     7>D:\projects\misis2023f-23-check\misis2024s-23-03-serdeshnov-v-s\prj.check\prj.check\doctest_dynarr\doctest_dynarr_moveable.cpp(12,3): error C2065: DynArr: необъявленный идентификатор [D:\projects\misis2023f-23-check\misis2024s-23-03-serdeshnov-v-s\build.check\prj.check\prj.check\doctest_dynarr\doctest_dynarr_m.vcxproj]
     7>D:\projects\misis2023f-23-check\misis2024s-23-03-serdeshnov-v-s\prj.check\prj.check\doctest_dynarr\doctest_dynarr_moveable.cpp(12,10): error C2146: синтаксическая ошибка: отсутствие ";" перед идентификатором "ar_dest" [D:\projects\misis2023f-23-check\misis2024s-23-03-serdeshnov-v-s\build.check\prj.check\prj.check\doctest_dynarr\doctest_dynarr_m.vcxproj]
     7>D:\projects\misis2023f-23-check\misis2024s-23-03-serdeshnov-v-s\prj.check\prj.check\doctest_dynarr\doctest_dynarr_moveable.cpp(12,10): error C2065: ar_dest: необъявленный идентификатор [D:\projects\misis2023f-23-check\misis2024s-23-03-serdeshnov-v-s\build.check\prj.check\prj.check\doctest_dynarr\doctest_dynarr_m.vcxproj]
     7>D:\projects\misis2023f-23-check\misis2024s-23-03-serdeshnov-v-s\prj.check\prj.check\doctest_dynarr\doctest_dynarr_moveable.cpp(12,30): error C2065: ar_orig: необъявленный идентификатор [D:\projects\misis2023f-23-check\misis2024s-23-03-serdeshnov-v-s\build.check\prj.check\prj.check\doctest_dynarr\doctest_dynarr_m.vcxproj]
     7>D:\projects\misis2023f-23-check\misis2024s-23-03-serdeshnov-v-s\prj.check\prj.check\doctest_dynarr\doctest_dynarr_moveable.cpp(13,3): error C2065: ar_dest: необъявленный идентификатор [D:\projects\misis2023f-23-check\misis2024s-23-03-serdeshnov-v-s\build.check\prj.check\prj.check\doctest_dynarr\doctest_dynarr_m.vcxproj]
     7>D:\projects\misis2023f-23-check\misis2024s-23-03-serdeshnov-v-s\prj.check\prj.check\doctest_dynarr\doctest_dynarr_moveable.cpp(14,11): error C2065: ar_orig: необъявленный идентификатор [D:\projects\misis2023f-23-check\misis2024s-23-03-serdeshnov-v-s\build.check\prj.check\prj.check\doctest_dynarr\doctest_dynarr_m.vcxproj]
    22>rational.lib(rational.obj) : error LNK2005: "class std::basic_istream<char,struct std::char_traits<char> > & __cdecl operator>>(class std::basic_istream<char,struct std::char_traits<char> > &,class Rational &)" (??5@YAAEAV?$basic_istream@DU?$char_traits@D@std@@@std@@AEAV01@AEAVRational@@@Z) уже определен в doctest_rational_moveable.obj [D:\projects\misis2023f-23-check\misis2024s-23-03-serdeshnov-v-s\build.check\prj.check\prj.check\doctest_rational\doctest_rational_m.vcxproj]
    22>rational.lib(rational.obj) : error LNK2005: "class std::basic_ostream<char,struct std::char_traits<char> > & __cdecl operator<<(class std::basic_ostream<char,struct std::char_traits<char> > &,class Rational &)" (??6@YAAEAV?$basic_ostream@DU?$char_traits@D@std@@@std@@AEAV01@AEAVRational@@@Z) уже определен в doctest_rational_moveable.obj [D:\projects\misis2023f-23-check\misis2024s-23-03-serdeshnov-v-s\build.check\prj.check\prj.check\doctest_rational\doctest_rational_m.vcxproj]
     7>D:\projects\misis2023f-23-check\misis2024s-23-03-serdeshnov-v-s\prj.check\prj.check\doctest_dynarr\doctest_dynarr_moveable.cpp(14,33): error C2065: ar_dest: необъявленный идентификатор [D:\projects\misis2023f-23-check\misis2024s-23-03-serdeshnov-v-s\build.check\prj.check\prj.check\doctest_dynarr\doctest_dynarr_m.vcxproj]
     7>D:\projects\misis2023f-23-check\misis2024s-23-03-serdeshnov-v-s\prj.check\prj.check\doctest_dynarr\doctest_dynarr_moveable.cpp(15,5): error C2065: ar_orig: необъявленный идентификатор [D:\projects\misis2023f-23-check\misis2024s-23-03-serdeshnov-v-s\build.check\prj.check\prj.check\doctest_dynarr\doctest_dynarr_m.vcxproj]
     7>D:\projects\misis2023f-23-check\misis2024s-23-03-serdeshnov-v-s\prj.check\prj.check\doctest_dynarr\doctest_dynarr_moveable.cpp(15,5): error C2065: ar_dest: необъявленный идентификатор [D:\projects\misis2023f-23-check\misis2024s-23-03-serdeshnov-v-s\build.check\prj.check\prj.check\doctest_dynarr\doctest_dynarr_m.vcxproj]
     7>D:\projects\misis2023f-23-check\misis2024s-23-03-serdeshnov-v-s\prj.check\prj.check\doctest_dynarr\doctest_dynarr_moveable.cpp(20,3): error C2065: DynArr: необъявленный идентификатор [D:\projects\misis2023f-23-check\misis2024s-23-03-serdeshnov-v-s\build.check\prj.check\prj.check\doctest_dynarr\doctest_dynarr_m.vcxproj]
     7>D:\projects\misis2023f-23-check\misis2024s-23-03-serdeshnov-v-s\prj.check\prj.check\doctest_dynarr\doctest_dynarr_moveable.cpp(20,10): error C2146: синтаксическая ошибка: отсутствие ";" перед идентификатором "ar_orig" [D:\projects\misis2023f-23-check\misis2024s-23-03-serdeshnov-v-s\build.check\prj.check\prj.check\doctest_dynarr\doctest_dynarr_m.vcxproj]
     7>D:\projects\misis2023f-23-check\misis2024s-23-03-serdeshnov-v-s\prj.check\prj.check\doctest_dynarr\doctest_dynarr_moveable.cpp(20,10): error C3861: ar_orig: идентификатор не найден [D:\projects\misis2023f-23-check\misis2024s-23-03-serdeshnov-v-s\build.check\prj.check\prj.check\doctest_dynarr\doctest_dynarr_m.vcxproj]
     7>D:\projects\misis2023f-23-check\misis2024s-23-03-serdeshnov-v-s\prj.check\prj.check\doctest_dynarr\doctest_dynarr_moveable.cpp(21,3): error C2065: DynArr: необъявленный идентификатор [D:\projects\misis2023f-23-check\misis2024s-23-03-serdeshnov-v-s\build.check\prj.check\prj.check\doctest_dynarr\doctest_dynarr_m.vcxproj]
     7>D:\projects\misis2023f-23-check\misis2024s-23-03-serdeshnov-v-s\prj.check\prj.check\doctest_dynarr\doctest_dynarr_moveable.cpp(21,10): error C2146: синтаксическая ошибка: отсутствие ";" перед идентификатором "ar_dest" [D:\projects\misis2023f-23-check\misis2024s-23-03-serdeshnov-v-s\build.check\prj.check\prj.check\doctest_dynarr\doctest_dynarr_m.vcxproj]
     7>D:\projects\misis2023f-23-check\misis2024s-23-03-serdeshnov-v-s\prj.check\prj.check\doctest_dynarr\doctest_dynarr_moveable.cpp(21,10): error C3861: ar_dest: идентификатор не найден [D:\projects\misis2023f-23-check\misis2024s-23-03-serdeshnov-v-s\build.check\prj.check\prj.check\doctest_dynarr\doctest_dynarr_m.vcxproj]
     7>D:\projects\misis2023f-23-check\misis2024s-23-03-serdeshnov-v-s\prj.check\prj.check\doctest_dynarr\doctest_dynarr_moveable.cpp(22,3): error C2065: ar_dest: необъявленный идентификатор [D:\projects\misis2023f-23-check\misis2024s-23-03-serdeshnov-v-s\build.check\prj.check\prj.check\doctest_dynarr\doctest_dynarr_m.vcxproj]
     7>D:\projects\misis2023f-23-check\misis2024s-23-03-serdeshnov-v-s\prj.check\prj.check\doctest_dynarr\doctest_dynarr_moveable.cpp(22,23): error C2065: ar_orig: необъявленный идентификатор [D:\projects\misis2023f-23-check\misis2024s-23-03-serdeshnov-v-s\build.check\prj.check\prj.check\doctest_dynarr\doctest_dynarr_m.vcxproj]
     7>D:\projects\misis2023f-23-check\misis2024s-23-03-serdeshnov-v-s\prj.check\prj.check\doctest_dynarr\doctest_dynarr_moveable.cpp(23,3): error C2065: ar_dest: необъявленный идентификатор [D:\projects\misis2023f-23-check\misis2024s-23-03-serdeshnov-v-s\build.check\prj.check\prj.check\doctest_dynarr\doctest_dynarr_m.vcxproj]
     7>D:\projects\misis2023f-23-check\misis2024s-23-03-serdeshnov-v-s\prj.check\prj.check\doctest_dynarr\doctest_dynarr_moveable.cpp(24,11): error C2065: ar_orig: необъявленный идентификатор [D:\projects\misis2023f-23-check\misis2024s-23-03-serdeshnov-v-s\build.check\prj.check\prj.check\doctest_dynarr\doctest_dynarr_m.vcxproj]
     7>D:\projects\misis2023f-23-check\misis2024s-23-03-serdeshnov-v-s\prj.check\prj.check\doctest_dynarr\doctest_dynarr_moveable.cpp(24,33): error C2065: ar_dest: необъявленный идентификатор [D:\projects\misis2023f-23-check\misis2024s-23-03-serdeshnov-v-s\build.check\prj.check\prj.check\doctest_dynarr\doctest_dynarr_m.vcxproj]
     7>D:\projects\misis2023f-23-check\misis2024s-23-03-serdeshnov-v-s\prj.check\prj.check\doctest_dynarr\doctest_dynarr_moveable.cpp(25,5): error C2065: ar_orig: необъявленный идентификатор [D:\projects\misis2023f-23-check\misis2024s-23-03-serdeshnov-v-s\build.check\prj.check\prj.check\doctest_dynarr\doctest_dynarr_m.vcxproj]
     7>D:\projects\misis2023f-23-check\misis2024s-23-03-serdeshnov-v-s\prj.check\prj.check\doctest_dynarr\doctest_dynarr_moveable.cpp(25,5): error C2065: ar_dest: необъявленный идентификатор [D:\projects\misis2023f-23-check\misis2024s-23-03-serdeshnov-v-s\build.check\prj.check\prj.check\doctest_dynarr\doctest_dynarr_m.vcxproj]
     7>D:\projects\misis2023f-23-check\misis2024s-23-03-serdeshnov-v-s\prj.check\prj.check\doctest_dynarr\doctest_dynarr_moveable.cpp(30,3): error C2065: DynArr: необъявленный идентификатор [D:\projects\misis2023f-23-check\misis2024s-23-03-serdeshnov-v-s\build.check\prj.check\prj.check\doctest_dynarr\doctest_dynarr_m.vcxproj]
     7>D:\projects\misis2023f-23-check\misis2024s-23-03-serdeshnov-v-s\prj.check\prj.check\doctest_dynarr\doctest_dynarr_moveable.cpp(30,10): error C2146: синтаксическая ошибка: отсутствие ";" перед идентификатором "st_orig" [D:\projects\misis2023f-23-check\misis2024s-23-03-serdeshnov-v-s\build.check\prj.check\prj.check\doctest_dynarr\doctest_dynarr_m.vcxproj]
     7>D:\projects\misis2023f-23-check\misis2024s-23-03-serdeshnov-v-s\prj.check\prj.check\doctest_dynarr\doctest_dynarr_moveable.cpp(30,10): error C3861: st_orig: идентификатор не найден [D:\projects\misis2023f-23-check\misis2024s-23-03-serdeshnov-v-s\build.check\prj.check\prj.check\doctest_dynarr\doctest_dynarr_m.vcxproj]
     7>D:\projects\misis2023f-23-check\misis2024s-23-03-serdeshnov-v-s\prj.check\prj.check\doctest_dynarr\doctest_dynarr_moveable.cpp(36,7): error C2065: DynArr: необъявленный идентификатор [D:\projects\misis2023f-23-check\misis2024s-23-03-serdeshnov-v-s\build.check\prj.check\prj.check\doctest_dynarr\doctest_dynarr_m.vcxproj]
     7>D:\projects\misis2023f-23-check\misis2024s-23-03-serdeshnov-v-s\prj.check\prj.check\doctest_dynarr\doctest_dynarr_moveable.cpp(36,14): error C2146: синтаксическая ошибка: отсутствие ";" перед идентификатором "st_copy" [D:\projects\misis2023f-23-check\misis2024s-23-03-serdeshnov-v-s\build.check\prj.check\prj.check\doctest_dynarr\doctest_dynarr_m.vcxproj]
     7>D:\projects\misis2023f-23-check\misis2024s-23-03-serdeshnov-v-s\prj.check\prj.check\doctest_dynarr\doctest_dynarr_moveable.cpp(36,14): error C2065: st_copy: необъявленный идентификатор [D:\projects\misis2023f-23-check\misis2024s-23-03-serdeshnov-v-s\build.check\prj.check\prj.check\doctest_dynarr\doctest_dynarr_m.vcxproj]
     7>D:\projects\misis2023f-23-check\misis2024s-23-03-serdeshnov-v-s\prj.check\prj.check\doctest_dynarr\doctest_dynarr_moveable.cpp(36,24): error C2065: st_orig: необъявленный идентификатор [D:\projects\misis2023f-23-check\misis2024s-23-03-serdeshnov-v-s\build.check\prj.check\prj.check\doctest_dynarr\doctest_dynarr_m.vcxproj]
     7>D:\projects\misis2023f-23-check\misis2024s-23-03-serdeshnov-v-s\prj.check\prj.check\doctest_dynarr\doctest_dynarr_moveable.cpp(47,7): error C2065: DynArr: необъявленный идентификатор [D:\projects\misis2023f-23-check\misis2024s-23-03-serdeshnov-v-s\build.check\prj.check\prj.check\doctest_dynarr\doctest_dynarr_m.vcxproj]
     7>D:\projects\misis2023f-23-check\misis2024s-23-03-serdeshnov-v-s\prj.check\prj.check\doctest_dynarr\doctest_dynarr_moveable.cpp(47,14): error C2146: синтаксическая ошибка: отсутствие ";" перед идентификатором "st_copy" [D:\projects\misis2023f-23-check\misis2024s-23-03-serdeshnov-v-s\build.check\prj.check\prj.check\doctest_dynarr\doctest_dynarr_m.vcxproj]
     7>D:\projects\misis2023f-23-check\misis2024s-23-03-serdeshnov-v-s\prj.check\prj.check\doctest_dynarr\doctest_dynarr_moveable.cpp(47,14): error C2065: st_copy: необъявленный идентификатор [D:\projects\misis2023f-23-check\misis2024s-23-03-serdeshnov-v-s\build.check\prj.check\prj.check\doctest_dynarr\doctest_dynarr_m.vcxproj]
     7>D:\projects\misis2023f-23-check\misis2024s-23-03-serdeshnov-v-s\prj.check\prj.check\doctest_dynarr\doctest_dynarr_moveable.cpp(47,34): error C2065: st_orig: необъявленный идентификатор [D:\projects\misis2023f-23-check\misis2024s-23-03-serdeshnov-v-s\build.check\prj.check\prj.check\doctest_dynarr\doctest_dynarr_m.vcxproj]
     7>D:\projects\misis2023f-23-check\misis2024s-23-03-serdeshnov-v-s\prj.check\prj.check\doctest_dynarr\doctest_dynarr_moveable.cpp(64,3): error C2065: DynArr: необъявленный идентификатор [D:\projects\misis2023f-23-check\misis2024s-23-03-serdeshnov-v-s\build.check\prj.check\prj.check\doctest_dynarr\doctest_dynarr_m.vcxproj]
     7>D:\projects\misis2023f-23-check\misis2024s-23-03-serdeshnov-v-s\prj.check\prj.check\doctest_dynarr\doctest_dynarr_moveable.cpp(64,10): error C2146: синтаксическая ошибка: отсутствие ";" перед идентификатором "st_orig" [D:\projects\misis2023f-23-check\misis2024s-23-03-serdeshnov-v-s\build.check\prj.check\prj.check\doctest_dynarr\doctest_dynarr_m.vcxproj]
     7>D:\projects\misis2023f-23-check\misis2024s-23-03-serdeshnov-v-s\prj.check\prj.check\doctest_dynarr\doctest_dynarr_moveable.cpp(64,10): error C3861: st_orig: идентификатор не найден [D:\projects\misis2023f-23-check\misis2024s-23-03-serdeshnov-v-s\build.check\prj.check\prj.check\doctest_dynarr\doctest_dynarr_m.vcxproj]
     7>D:\projects\misis2023f-23-check\misis2024s-23-03-serdeshnov-v-s\prj.check\prj.check\doctest_dynarr\doctest_dynarr_moveable.cpp(70,7): error C2065: DynArr: необъявленный идентификатор [D:\projects\misis2023f-23-check\misis2024s-23-03-serdeshnov-v-s\build.check\prj.check\prj.check\doctest_dynarr\doctest_dynarr_m.vcxproj]
     7>D:\projects\misis2023f-23-check\misis2024s-23-03-serdeshnov-v-s\prj.check\prj.check\doctest_dynarr\doctest_dynarr_moveable.cpp(70,14): error C2146: синтаксическая ошибка: отсутствие ";" перед идентификатором "st_copy" [D:\projects\misis2023f-23-check\misis2024s-23-03-serdeshnov-v-s\build.check\prj.check\prj.check\doctest_dynarr\doctest_dynarr_m.vcxproj]
     7>D:\projects\misis2023f-23-check\misis2024s-23-03-serdeshnov-v-s\prj.check\prj.check\doctest_dynarr\doctest_dynarr_moveable.cpp(70,14): error C2065: st_copy: необъявленный идентификатор [D:\projects\misis2023f-23-check\misis2024s-23-03-serdeshnov-v-s\build.check\prj.check\prj.check\doctest_dynarr\doctest_dynarr_m.vcxproj]
     7>D:\projects\misis2023f-23-check\misis2024s-23-03-serdeshnov-v-s\prj.check\prj.check\doctest_dynarr\doctest_dynarr_moveable.cpp(71,7): error C2065: st_copy: необъявленный идентификатор [D:\projects\misis2023f-23-check\misis2024s-23-03-serdeshnov-v-s\build.check\prj.check\prj.check\doctest_dynarr\doctest_dynarr_m.vcxproj]
     7>D:\projects\misis2023f-23-check\misis2024s-23-03-serdeshnov-v-s\prj.check\prj.check\doctest_dynarr\doctest_dynarr_moveable.cpp(71,17): error C2065: st_orig: необъявленный идентификатор [D:\projects\misis2023f-23-check\misis2024s-23-03-serdeshnov-v-s\build.check\prj.check\prj.check\doctest_dynarr\doctest_dynarr_m.vcxproj]
     7>D:\projects\misis2023f-23-check\misis2024s-23-03-serdeshnov-v-s\prj.check\prj.check\doctest_dynarr\doctest_dynarr_moveable.cpp(83,7): error C2065: DynArr: необъявленный идентификатор [D:\projects\misis2023f-23-check\misis2024s-23-03-serdeshnov-v-s\build.check\prj.check\prj.check\doctest_dynarr\doctest_dynarr_m.vcxproj]
     7>D:\projects\misis2023f-23-check\misis2024s-23-03-serdeshnov-v-s\prj.check\prj.check\doctest_dynarr\doctest_dynarr_moveable.cpp(83,14): error C2146: синтаксическая ошибка: отсутствие ";" перед идентификатором "st_copy" [D:\projects\misis2023f-23-check\misis2024s-23-03-serdeshnov-v-s\build.check\prj.check\prj.check\doctest_dynarr\doctest_dynarr_m.vcxproj]
     7>D:\projects\misis2023f-23-check\misis2024s-23-03-serdeshnov-v-s\prj.check\prj.check\doctest_dynarr\doctest_dynarr_moveable.cpp(83,14): error C2065: st_copy: необъявленный идентификатор [D:\projects\misis2023f-23-check\misis2024s-23-03-serdeshnov-v-s\build.check\prj.check\prj.check\doctest_dynarr\doctest_dynarr_m.vcxproj]
     7>D:\projects\misis2023f-23-check\misis2024s-23-03-serdeshnov-v-s\prj.check\prj.check\doctest_dynarr\doctest_dynarr_moveable.cpp(84,7): error C2065: st_copy: необъявленный идентификатор [D:\projects\misis2023f-23-check\misis2024s-23-03-serdeshnov-v-s\build.check\prj.check\prj.check\doctest_dynarr\doctest_dynarr_m.vcxproj]
     7>D:\projects\misis2023f-23-check\misis2024s-23-03-serdeshnov-v-s\prj.check\prj.check\doctest_dynarr\doctest_dynarr_moveable.cpp(84,27): error C2065: st_orig: необъявленный идентификатор [D:\projects\misis2023f-23-check\misis2024s-23-03-serdeshnov-v-s\build.check\prj.check\prj.check\doctest_dynarr\doctest_dynarr_m.vcxproj]
    22>D:\projects\misis2023f-23-check\misis2024s-23-03-serdeshnov-v-s\bin.check\doctest_rational_m.exe : fatal error LNK1169: обнаружен многократно определенный символ - один или более [D:\projects\misis2023f-23-check\misis2024s-23-03-serdeshnov-v-s\build.check\prj.check\prj.check\doctest_rational\doctest_rational_m.vcxproj]
    21>rational.lib(rational.obj) : error LNK2005: "class std::basic_istream<char,struct std::char_traits<char> > & __cdecl operator>>(class std::basic_istream<char,struct std::char_traits<char> > &,class Rational &)" (??5@YAAEAV?$basic_istream@DU?$char_traits@D@std@@@std@@AEAV01@AEAVRational@@@Z) уже определен в doctest_rational_io.obj [D:\projects\misis2023f-23-check\misis2024s-23-03-serdeshnov-v-s\build.check\prj.check\prj.check\doctest_rational\doctest_rational_io.vcxproj]
    21>rational.lib(rational.obj) : error LNK2005: "class std::basic_ostream<char,struct std::char_traits<char> > & __cdecl operator<<(class std::basic_ostream<char,struct std::char_traits<char> > &,class Rational &)" (??6@YAAEAV?$basic_ostream@DU?$char_traits@D@std@@@std@@AEAV01@AEAVRational@@@Z) уже определен в doctest_rational_io.obj [D:\projects\misis2023f-23-check\misis2024s-23-03-serdeshnov-v-s\build.check\prj.check\prj.check\doctest_rational\doctest_rational_io.vcxproj]
    21>D:\projects\misis2023f-23-check\misis2024s-23-03-serdeshnov-v-s\bin.check\doctest_rational_io.exe : fatal error LNK1169: обнаружен многократно определенный символ - один или более [D:\projects\misis2023f-23-check\misis2024s-23-03-serdeshnov-v-s\build.check\prj.check\prj.check\doctest_rational\doctest_rational_io.vcxproj]
